<?xml version="1.0" encoding="UTF-8"?>
<coverage generated="1504547449268" clover="3.2.0">
  <project timestamp="1504547449268" name="All files">
    <metrics statements="375" coveredstatements="283" conditionals="210" coveredconditionals="146" methods="164" coveredmethods="84" elements="749" coveredelements="513" complexity="0" loc="375" ncloc="375" packages="7" files="50" classes="50">
      <package name="sample.biBooks.dataModel">
        <metrics statements="11" coveredstatements="0" conditionals="6" coveredconditionals="0" methods="11" coveredmethods="0"/>
        <file name="additionalMaterials.js" path="/Users/ignacioferropicon/Projects/Bi-Framework/Bi-Model/sample/biBooks/dataModel/additionalMaterials.js">
          <metrics statements="4" coveredstatements="0" conditionals="2" coveredconditionals="0" methods="4" coveredmethods="0"/>
          <line num="30" count="0" type="stmt"/>
          <line num="37" count="0" type="stmt"/>
          <line num="57" count="0" type="cond" truecount="0" falsecount="2"/>
          <line num="64" count="0" type="stmt"/>
        </file>
        <file name="authors.js" path="/Users/ignacioferropicon/Projects/Bi-Framework/Bi-Model/sample/biBooks/dataModel/authors.js">
          <metrics statements="2" coveredstatements="0" conditionals="2" coveredconditionals="0" methods="2" coveredmethods="0"/>
          <line num="42" count="0" type="cond" truecount="0" falsecount="2"/>
          <line num="65" count="0" type="stmt"/>
        </file>
        <file name="books.js" path="/Users/ignacioferropicon/Projects/Bi-Framework/Bi-Model/sample/biBooks/dataModel/books.js">
          <metrics statements="5" coveredstatements="0" conditionals="2" coveredconditionals="0" methods="5" coveredmethods="0"/>
          <line num="57" count="0" type="stmt"/>
          <line num="68" count="0" type="stmt"/>
          <line num="75" count="0" type="stmt"/>
          <line num="136" count="0" type="cond" truecount="0" falsecount="2"/>
          <line num="167" count="0" type="stmt"/>
        </file>
        <file name="index.js" path="/Users/ignacioferropicon/Projects/Bi-Framework/Bi-Model/sample/biBooks/dataModel/index.js">
          <metrics statements="0" coveredstatements="0" conditionals="0" coveredconditionals="0" methods="0" coveredmethods="0"/>
        </file>
        <file name="topics.js" path="/Users/ignacioferropicon/Projects/Bi-Framework/Bi-Model/sample/biBooks/dataModel/topics.js">
          <metrics statements="0" coveredstatements="0" conditionals="0" coveredconditionals="0" methods="0" coveredmethods="0"/>
        </file>
      </package>
      <package name="sample.full.dataModel">
        <metrics statements="48" coveredstatements="0" conditionals="40" coveredconditionals="0" methods="48" coveredmethods="0"/>
        <file name="cities.js" path="/Users/ignacioferropicon/Projects/Bi-Framework/Bi-Model/sample/full/dataModel/cities.js">
          <metrics statements="0" coveredstatements="0" conditionals="0" coveredconditionals="0" methods="0" coveredmethods="0"/>
        </file>
        <file name="companies.js" path="/Users/ignacioferropicon/Projects/Bi-Framework/Bi-Model/sample/full/dataModel/companies.js">
          <metrics statements="3" coveredstatements="0" conditionals="4" coveredconditionals="0" methods="3" coveredmethods="0"/>
          <line num="42" count="0" type="cond" truecount="0" falsecount="2"/>
          <line num="46" count="0" type="stmt"/>
          <line num="53" count="0" type="cond" truecount="0" falsecount="2"/>
        </file>
        <file name="contacts.js" path="/Users/ignacioferropicon/Projects/Bi-Framework/Bi-Model/sample/full/dataModel/contacts.js">
          <metrics statements="1" coveredstatements="0" conditionals="2" coveredconditionals="0" methods="1" coveredmethods="0"/>
          <line num="26" count="0" type="cond" truecount="0" falsecount="2"/>
        </file>
        <file name="countries.js" path="/Users/ignacioferropicon/Projects/Bi-Framework/Bi-Model/sample/full/dataModel/countries.js">
          <metrics statements="1" coveredstatements="0" conditionals="0" coveredconditionals="0" methods="1" coveredmethods="0"/>
          <line num="37" count="0" type="stmt"/>
        </file>
        <file name="customers.js" path="/Users/ignacioferropicon/Projects/Bi-Framework/Bi-Model/sample/full/dataModel/customers.js">
          <metrics statements="22" coveredstatements="0" conditionals="18" coveredconditionals="0" methods="22" coveredmethods="0"/>
          <line num="35" count="0" type="stmt"/>
          <line num="44" count="0" type="stmt"/>
          <line num="54" count="0" type="stmt"/>
          <line num="55" count="0" type="stmt"/>
          <line num="84" count="0" type="cond" truecount="0" falsecount="2"/>
          <line num="96" count="0" type="cond" truecount="0" falsecount="2"/>
          <line num="106" count="0" type="stmt"/>
          <line num="114" count="0" type="stmt"/>
          <line num="123" count="0" type="cond" truecount="0" falsecount="2"/>
          <line num="149" count="0" type="stmt"/>
          <line num="161" count="0" type="stmt"/>
          <line num="174" count="0" type="cond" truecount="0" falsecount="2"/>
          <line num="188" count="0" type="cond" truecount="0" falsecount="2"/>
          <line num="196" count="0" type="stmt"/>
          <line num="198" count="0" type="cond" truecount="0" falsecount="2"/>
          <line num="199" count="0" type="cond" truecount="0" falsecount="2"/>
          <line num="222" count="0" type="stmt"/>
          <line num="235" count="0" type="stmt"/>
          <line num="250" count="0" type="stmt"/>
          <line num="266" count="0" type="cond" truecount="0" falsecount="2"/>
          <line num="270" count="0" type="stmt"/>
          <line num="277" count="0" type="cond" truecount="0" falsecount="2"/>
        </file>
        <file name="index.js" path="/Users/ignacioferropicon/Projects/Bi-Framework/Bi-Model/sample/full/dataModel/index.js">
          <metrics statements="0" coveredstatements="0" conditionals="0" coveredconditionals="0" methods="0" coveredmethods="0"/>
        </file>
        <file name="leads.js" path="/Users/ignacioferropicon/Projects/Bi-Framework/Bi-Model/sample/full/dataModel/leads.js">
          <metrics statements="11" coveredstatements="0" conditionals="10" coveredconditionals="0" methods="11" coveredmethods="0"/>
          <line num="53" count="0" type="cond" truecount="0" falsecount="2"/>
          <line num="65" count="0" type="cond" truecount="0" falsecount="2"/>
          <line num="75" count="0" type="stmt"/>
          <line num="83" count="0" type="stmt"/>
          <line num="92" count="0" type="cond" truecount="0" falsecount="2"/>
          <line num="110" count="0" type="stmt"/>
          <line num="122" count="0" type="stmt"/>
          <line num="127" count="0" type="stmt"/>
          <line num="143" count="0" type="cond" truecount="0" falsecount="2"/>
          <line num="147" count="0" type="stmt"/>
          <line num="154" count="0" type="cond" truecount="0" falsecount="2"/>
        </file>
        <file name="markets.js" path="/Users/ignacioferropicon/Projects/Bi-Framework/Bi-Model/sample/full/dataModel/markets.js">
          <metrics statements="1" coveredstatements="0" conditionals="0" coveredconditionals="0" methods="1" coveredmethods="0"/>
          <line num="29" count="0" type="stmt"/>
        </file>
        <file name="skills.js" path="/Users/ignacioferropicon/Projects/Bi-Framework/Bi-Model/sample/full/dataModel/skills.js">
          <metrics statements="1" coveredstatements="0" conditionals="0" coveredconditionals="0" methods="1" coveredmethods="0"/>
          <line num="29" count="0" type="stmt"/>
        </file>
        <file name="users.js" path="/Users/ignacioferropicon/Projects/Bi-Framework/Bi-Model/sample/full/dataModel/users.js">
          <metrics statements="8" coveredstatements="0" conditionals="6" coveredconditionals="0" methods="8" coveredmethods="0"/>
          <line num="26" count="0" type="stmt"/>
          <line num="34" count="0" type="stmt"/>
          <line num="43" count="0" type="cond" truecount="0" falsecount="2"/>
          <line num="62" count="0" type="stmt"/>
          <line num="68" count="0" type="stmt"/>
          <line num="84" count="0" type="cond" truecount="0" falsecount="2"/>
          <line num="88" count="0" type="stmt"/>
          <line num="95" count="0" type="cond" truecount="0" falsecount="2"/>
        </file>
      </package>
      <package name="src.config">
        <metrics statements="4" coveredstatements="2" conditionals="2" coveredconditionals="2" methods="2" coveredmethods="0"/>
        <file name="settings.js" path="/Users/ignacioferropicon/Projects/Bi-Framework/Bi-Model/src/config/settings.js">
          <metrics statements="4" coveredstatements="2" conditionals="2" coveredconditionals="2" methods="2" coveredmethods="0"/>
          <line num="3" count="7" type="cond" truecount="2" falsecount="0"/>
          <line num="5" count="7" type="stmt"/>
          <line num="6" count="0" type="stmt"/>
          <line num="7" count="0" type="stmt"/>
        </file>
      </package>
      <package name="src.enums">
        <metrics statements="0" coveredstatements="0" conditionals="0" coveredconditionals="0" methods="0" coveredmethods="0"/>
        <file name="gender.js" path="/Users/ignacioferropicon/Projects/Bi-Framework/Bi-Model/src/enums/gender.js">
          <metrics statements="0" coveredstatements="0" conditionals="0" coveredconditionals="0" methods="0" coveredmethods="0"/>
        </file>
      </package>
      <package name="src.fieldTypes">
        <metrics statements="82" coveredstatements="53" conditionals="22" coveredconditionals="12" methods="55" coveredmethods="36"/>
        <file name="NIFCIF.js" path="/Users/ignacioferropicon/Projects/Bi-Framework/Bi-Model/src/fieldTypes/NIFCIF.js">
          <metrics statements="1" coveredstatements="1" conditionals="0" coveredconditionals="0" methods="1" coveredmethods="1"/>
          <line num="4" count="2" type="stmt"/>
        </file>
        <file name="boolean.js" path="/Users/ignacioferropicon/Projects/Bi-Framework/Bi-Model/src/fieldTypes/boolean.js">
          <metrics statements="1" coveredstatements="1" conditionals="0" coveredconditionals="0" methods="1" coveredmethods="1"/>
          <line num="4" count="2" type="stmt"/>
        </file>
        <file name="cityName.js" path="/Users/ignacioferropicon/Projects/Bi-Framework/Bi-Model/src/fieldTypes/cityName.js">
          <metrics statements="1" coveredstatements="1" conditionals="0" coveredconditionals="0" methods="1" coveredmethods="1"/>
          <line num="4" count="2" type="stmt"/>
        </file>
        <file name="companyName.js" path="/Users/ignacioferropicon/Projects/Bi-Framework/Bi-Model/src/fieldTypes/companyName.js">
          <metrics statements="1" coveredstatements="1" conditionals="0" coveredconditionals="0" methods="1" coveredmethods="1"/>
          <line num="4" count="1" type="stmt"/>
        </file>
        <file name="countryName.js" path="/Users/ignacioferropicon/Projects/Bi-Framework/Bi-Model/src/fieldTypes/countryName.js">
          <metrics statements="1" coveredstatements="1" conditionals="0" coveredconditionals="0" methods="1" coveredmethods="1"/>
          <line num="4" count="2" type="stmt"/>
        </file>
        <file name="dateTime.js" path="/Users/ignacioferropicon/Projects/Bi-Framework/Bi-Model/src/fieldTypes/dateTime.js">
          <metrics statements="5" coveredstatements="5" conditionals="4" coveredconditionals="4" methods="1" coveredmethods="1"/>
          <line num="3" count="7" type="stmt"/>
          <line num="4" count="7" type="stmt"/>
          <line num="5" count="7" type="stmt"/>
          <line num="6" count="7" type="stmt"/>
          <line num="10" count="2" type="cond" truecount="4" falsecount="0"/>
        </file>
        <file name="ean.js" path="/Users/ignacioferropicon/Projects/Bi-Framework/Bi-Model/src/fieldTypes/ean.js">
          <metrics statements="6" coveredstatements="6" conditionals="0" coveredconditionals="0" methods="4" coveredmethods="4"/>
          <line num="3" count="24" type="stmt"/>
          <line num="7" count="24" type="stmt"/>
          <line num="8" count="2" type="stmt"/>
          <line num="9" count="2" type="stmt"/>
          <line num="10" count="2" type="stmt"/>
          <line num="15" count="1" type="stmt"/>
        </file>
        <file name="email.js" path="/Users/ignacioferropicon/Projects/Bi-Framework/Bi-Model/src/fieldTypes/email.js">
          <metrics statements="2" coveredstatements="2" conditionals="0" coveredconditionals="0" methods="2" coveredmethods="2"/>
          <line num="4" count="3" type="stmt"/>
          <line num="6" count="3" type="stmt"/>
        </file>
        <file name="enum.js" path="/Users/ignacioferropicon/Projects/Bi-Framework/Bi-Model/src/fieldTypes/enum.js">
          <metrics statements="3" coveredstatements="3" conditionals="0" coveredconditionals="0" methods="3" coveredmethods="3"/>
          <line num="2" count="2" type="stmt"/>
          <line num="4" count="6" type="stmt"/>
          <line num="6" count="1" type="stmt"/>
        </file>
        <file name="firstName.js" path="/Users/ignacioferropicon/Projects/Bi-Framework/Bi-Model/src/fieldTypes/firstName.js">
          <metrics statements="1" coveredstatements="1" conditionals="0" coveredconditionals="0" methods="1" coveredmethods="1"/>
          <line num="4" count="2" type="stmt"/>
        </file>
        <file name="float.js" path="/Users/ignacioferropicon/Projects/Bi-Framework/Bi-Model/src/fieldTypes/float.js">
          <metrics statements="7" coveredstatements="7" conditionals="4" coveredconditionals="4" methods="1" coveredmethods="1"/>
          <line num="1" count="7" type="stmt"/>
          <line num="2" count="7" type="stmt"/>
          <line num="6" count="1" type="cond" truecount="2" falsecount="0"/>
          <line num="7" count="1" type="cond" truecount="2" falsecount="0"/>
          <line num="8" count="1" type="stmt"/>
          <line num="9" count="1" type="stmt"/>
          <line num="10" count="1" type="stmt"/>
        </file>
        <file name="image.js" path="/Users/ignacioferropicon/Projects/Bi-Framework/Bi-Model/src/fieldTypes/image.js">
          <metrics statements="1" coveredstatements="1" conditionals="0" coveredconditionals="0" methods="1" coveredmethods="1"/>
          <line num="4" count="2" type="stmt"/>
        </file>
        <file name="index.js" path="/Users/ignacioferropicon/Projects/Bi-Framework/Bi-Model/src/fieldTypes/index.js">
          <metrics statements="0" coveredstatements="0" conditionals="0" coveredconditionals="0" methods="0" coveredmethods="0"/>
        </file>
        <file name="int.js" path="/Users/ignacioferropicon/Projects/Bi-Framework/Bi-Model/src/fieldTypes/int.js">
          <metrics statements="7" coveredstatements="7" conditionals="4" coveredconditionals="4" methods="1" coveredmethods="1"/>
          <line num="1" count="7" type="stmt"/>
          <line num="2" count="7" type="stmt"/>
          <line num="6" count="1" type="cond" truecount="2" falsecount="0"/>
          <line num="7" count="1" type="cond" truecount="2" falsecount="0"/>
          <line num="8" count="1" type="stmt"/>
          <line num="9" count="1" type="stmt"/>
          <line num="10" count="1" type="stmt"/>
        </file>
        <file name="lastName.js" path="/Users/ignacioferropicon/Projects/Bi-Framework/Bi-Model/src/fieldTypes/lastName.js">
          <metrics statements="1" coveredstatements="1" conditionals="0" coveredconditionals="0" methods="1" coveredmethods="1"/>
          <line num="4" count="2" type="stmt"/>
        </file>
        <file name="manyToManyReference.js" path="/Users/ignacioferropicon/Projects/Bi-Framework/Bi-Model/src/fieldTypes/manyToManyReference.js">
          <metrics statements="13" coveredstatements="1" conditionals="4" coveredconditionals="0" methods="10" coveredmethods="2"/>
          <line num="6" count="48" type="stmt"/>
          <line num="10" count="0" type="stmt"/>
          <line num="12" count="0" type="stmt"/>
          <line num="13" count="0" type="cond" truecount="0" falsecount="2"/>
          <line num="14" count="0" type="stmt"/>
          <line num="16" count="0" type="stmt"/>
          <line num="19" count="0" type="stmt"/>
          <line num="24" count="0" type="stmt"/>
          <line num="30" count="0" type="stmt"/>
          <line num="31" count="0" type="stmt"/>
          <line num="33" count="0" type="cond" truecount="0" falsecount="2"/>
          <line num="34" count="0" type="stmt"/>
          <line num="36" count="0" type="stmt"/>
        </file>
        <file name="manyToOneReference.js" path="/Users/ignacioferropicon/Projects/Bi-Framework/Bi-Model/src/fieldTypes/manyToOneReference.js">
          <metrics statements="13" coveredstatements="1" conditionals="4" coveredconditionals="0" methods="10" coveredmethods="2"/>
          <line num="6" count="6" type="stmt"/>
          <line num="10" count="0" type="stmt"/>
          <line num="12" count="0" type="stmt"/>
          <line num="13" count="0" type="cond" truecount="0" falsecount="2"/>
          <line num="14" count="0" type="stmt"/>
          <line num="16" count="0" type="stmt"/>
          <line num="19" count="0" type="stmt"/>
          <line num="24" count="0" type="stmt"/>
          <line num="30" count="0" type="stmt"/>
          <line num="31" count="0" type="stmt"/>
          <line num="33" count="0" type="cond" truecount="0" falsecount="2"/>
          <line num="34" count="0" type="stmt"/>
          <line num="36" count="0" type="stmt"/>
        </file>
        <file name="markdown.js" path="/Users/ignacioferropicon/Projects/Bi-Framework/Bi-Model/src/fieldTypes/markdown.js">
          <metrics statements="1" coveredstatements="1" conditionals="0" coveredconditionals="0" methods="1" coveredmethods="1"/>
          <line num="4" count="1" type="stmt"/>
        </file>
        <file name="object.js" path="/Users/ignacioferropicon/Projects/Bi-Framework/Bi-Model/src/fieldTypes/object.js">
          <metrics statements="2" coveredstatements="2" conditionals="0" coveredconditionals="0" methods="2" coveredmethods="2"/>
          <line num="2" count="7" type="stmt"/>
          <line num="3" count="2" type="stmt"/>
        </file>
        <file name="oneToManyReference.js" path="/Users/ignacioferropicon/Projects/Bi-Framework/Bi-Model/src/fieldTypes/oneToManyReference.js">
          <metrics statements="8" coveredstatements="3" conditionals="2" coveredconditionals="0" methods="6" coveredmethods="3"/>
          <line num="5" count="83" type="stmt"/>
          <line num="6" count="367" type="stmt"/>
          <line num="11" count="0" type="stmt"/>
          <line num="12" count="0" type="stmt"/>
          <line num="13" count="0" type="cond" truecount="0" falsecount="2"/>
          <line num="14" count="0" type="stmt"/>
          <line num="16" count="0" type="stmt"/>
          <line num="19" count="1" type="stmt"/>
        </file>
        <file name="phone.js" path="/Users/ignacioferropicon/Projects/Bi-Framework/Bi-Model/src/fieldTypes/phone.js">
          <metrics statements="1" coveredstatements="1" conditionals="0" coveredconditionals="0" methods="1" coveredmethods="1"/>
          <line num="4" count="2" type="stmt"/>
        </file>
        <file name="productName.js" path="/Users/ignacioferropicon/Projects/Bi-Framework/Bi-Model/src/fieldTypes/productName.js">
          <metrics statements="1" coveredstatements="1" conditionals="0" coveredconditionals="0" methods="1" coveredmethods="1"/>
          <line num="4" count="1" type="stmt"/>
        </file>
        <file name="string.js" path="/Users/ignacioferropicon/Projects/Bi-Framework/Bi-Model/src/fieldTypes/string.js">
          <metrics statements="1" coveredstatements="1" conditionals="0" coveredconditionals="0" methods="1" coveredmethods="1"/>
          <line num="4" count="2" type="stmt"/>
        </file>
        <file name="text.js" path="/Users/ignacioferropicon/Projects/Bi-Framework/Bi-Model/src/fieldTypes/text.js">
          <metrics statements="1" coveredstatements="1" conditionals="0" coveredconditionals="0" methods="1" coveredmethods="1"/>
          <line num="4" count="1" type="stmt"/>
        </file>
        <file name="url.js" path="/Users/ignacioferropicon/Projects/Bi-Framework/Bi-Model/src/fieldTypes/url.js">
          <metrics statements="3" coveredstatements="3" conditionals="0" coveredconditionals="0" methods="2" coveredmethods="2"/>
          <line num="3" count="7" type="stmt"/>
          <line num="8" count="2" type="stmt"/>
          <line num="12" count="1" type="stmt"/>
        </file>
      </package>
      <package name="src.parser">
        <metrics statements="217" coveredstatements="215" conditionals="130" coveredconditionals="122" methods="47" coveredmethods="47"/>
        <file name="checkField.js" path="/Users/ignacioferropicon/Projects/Bi-Framework/Bi-Model/src/parser/checkField.js">
          <metrics statements="27" coveredstatements="27" conditionals="18" coveredconditionals="18" methods="1" coveredmethods="1"/>
          <line num="5" count="1" type="stmt"/>
          <line num="32" count="34" type="stmt"/>
          <line num="33" count="34" type="stmt"/>
          <line num="34" count="34" type="stmt"/>
          <line num="35" count="34" type="cond" truecount="2" falsecount="0"/>
          <line num="36" count="34" type="cond" truecount="2" falsecount="0"/>
          <line num="37" count="1" type="stmt"/>
          <line num="38" count="33" type="cond" truecount="4" falsecount="0"/>
          <line num="39" count="1" type="stmt"/>
          <line num="40" count="32" type="cond" truecount="2" falsecount="0"/>
          <line num="41" count="1" type="stmt"/>
          <line num="45" count="31" type="stmt"/>
          <line num="46" count="131" type="stmt"/>
          <line num="47" count="131" type="cond" truecount="2" falsecount="0"/>
          <line num="48" count="1" type="stmt"/>
          <line num="52" count="130" type="cond" truecount="2" falsecount="0"/>
          <line num="53" count="2" type="stmt"/>
          <line num="56" count="30" type="stmt"/>
          <line num="58" count="30" type="stmt"/>
          <line num="59" count="11" type="stmt"/>
          <line num="60" count="11" type="cond" truecount="2" falsecount="0"/>
          <line num="61" count="1" type="stmt"/>
          <line num="65" count="10" type="stmt"/>
          <line num="66" count="10" type="stmt"/>
          <line num="67" count="10" type="cond" truecount="2" falsecount="0"/>
          <line num="68" count="1" type="stmt"/>
          <line num="73" count="28" type="stmt"/>
        </file>
        <file name="generateGraphQLSchema.js" path="/Users/ignacioferropicon/Projects/Bi-Framework/Bi-Model/src/parser/generateGraphQLSchema.js">
          <metrics statements="86" coveredstatements="86" conditionals="48" coveredconditionals="46" methods="18" coveredmethods="18"/>
          <line num="6" count="570" type="cond" truecount="4" falsecount="0"/>
          <line num="7" count="36" type="stmt"/>
          <line num="10" count="534" type="cond" truecount="4" falsecount="0"/>
          <line num="11" count="2" type="cond" truecount="1" falsecount="1"/>
          <line num="12" count="2" type="stmt"/>
          <line num="13" count="2" type="stmt"/>
          <line num="14" count="8" type="stmt"/>
          <line num="18" count="534" type="cond" truecount="2" falsecount="0"/>
          <line num="19" count="30" type="stmt"/>
          <line num="27" count="30" type="cond" truecount="4" falsecount="0"/>
          <line num="31" count="504" type="stmt"/>
          <line num="39" count="504" type="cond" truecount="2" falsecount="0"/>
          <line num="43" count="80" type="stmt"/>
          <line num="45" count="570" type="stmt"/>
          <line num="48" count="570" type="stmt"/>
          <line num="52" count="194" type="stmt"/>
          <line num="53" count="28" type="stmt"/>
          <line num="57" count="80" type="cond" truecount="2" falsecount="0"/>
          <line num="58" count="2" type="stmt"/>
          <line num="60" count="78" type="cond" truecount="2" falsecount="0"/>
          <line num="64" count="80" type="stmt"/>
          <line num="65" count="80" type="stmt"/>
          <line num="66" count="80" type="stmt"/>
          <line num="72" count="80" type="cond" truecount="2" falsecount="0"/>
          <line num="73" count="54" type="stmt"/>
          <line num="75" count="80" type="stmt"/>
          <line num="76" count="80" type="stmt"/>
          <line num="77" count="80" type="stmt"/>
          <line num="78" count="80" type="stmt"/>
          <line num="82" count="28" type="stmt"/>
          <line num="83" count="28" type="stmt"/>
          <line num="84" count="28" type="cond" truecount="2" falsecount="0"/>
          <line num="85" count="24" type="stmt"/>
          <line num="86" count="106" type="stmt"/>
          <line num="87" count="24" type="stmt"/>
          <line num="88" count="24" type="stmt"/>
          <line num="90" count="28" type="stmt"/>
          <line num="94" count="28" type="stmt"/>
          <line num="95" count="28" type="cond" truecount="1" falsecount="1"/>
          <line num="96" count="28" type="stmt"/>
          <line num="97" count="28" type="cond" truecount="2" falsecount="0"/>
          <line num="98" count="26" type="stmt"/>
          <line num="99" count="26" type="stmt"/>
          <line num="101" count="28" type="stmt"/>
          <line num="102" count="28" type="stmt"/>
          <line num="103" count="28" type="stmt"/>
          <line num="104" count="28" type="cond" truecount="2" falsecount="0"/>
          <line num="105" count="24" type="stmt"/>
          <line num="107" count="28" type="stmt"/>
          <line num="108" count="28" type="stmt"/>
          <line num="111" count="28" type="cond" truecount="4" falsecount="0"/>
          <line num="112" count="24" type="stmt"/>
          <line num="117" count="28" type="cond" truecount="4" falsecount="0"/>
          <line num="118" count="24" type="stmt"/>
          <line num="123" count="28" type="cond" truecount="4" falsecount="0"/>
          <line num="124" count="24" type="stmt"/>
          <line num="128" count="28" type="stmt"/>
          <line num="132" count="4" type="stmt"/>
          <line num="133" count="4" type="stmt"/>
          <line num="134" count="4" type="stmt"/>
          <line num="135" count="4" type="stmt"/>
          <line num="136" count="4" type="stmt"/>
          <line num="137" count="4" type="stmt"/>
          <line num="138" count="4" type="stmt"/>
          <line num="141" count="28" type="stmt"/>
          <line num="148" count="28" type="stmt"/>
          <line num="153" count="4" type="stmt"/>
          <line num="154" count="56" type="stmt"/>
          <line num="155" count="4" type="stmt"/>
          <line num="156" count="4" type="stmt"/>
          <line num="157" count="4" type="stmt"/>
          <line num="158" count="72" type="stmt"/>
          <line num="159" count="4" type="stmt"/>
          <line num="160" count="4" type="stmt"/>
          <line num="161" count="4" type="stmt"/>
          <line num="162" count="4" type="stmt"/>
          <line num="163" count="4" type="stmt"/>
          <line num="164" count="4" type="stmt"/>
          <line num="166" count="4" type="stmt"/>
          <line num="167" count="2" type="stmt"/>
          <line num="168" count="2" type="stmt"/>
          <line num="169" count="8" type="stmt"/>
          <line num="170" count="2" type="stmt"/>
          <line num="171" count="2" type="stmt"/>
          <line num="172" count="2" type="stmt"/>
          <line num="175" count="4" type="stmt"/>
        </file>
        <file name="getMongooseField.js" path="/Users/ignacioferropicon/Projects/Bi-Framework/Bi-Model/src/parser/getMongooseField.js">
          <metrics statements="12" coveredstatements="11" conditionals="8" coveredconditionals="5" methods="3" coveredmethods="3"/>
          <line num="3" count="1" type="stmt"/>
          <line num="11" count="1" type="stmt"/>
          <line num="12" count="2" type="stmt"/>
          <line num="17" count="6" type="stmt"/>
          <line num="18" count="6" type="stmt"/>
          <line num="19" count="6" type="cond" truecount="2" falsecount="0"/>
          <line num="20" count="1" type="stmt"/>
          <line num="29" count="2" type="stmt"/>
          <line num="30" count="2" type="cond" truecount="1" falsecount="1"/>
          <line num="31" count="2" type="cond" truecount="2" falsecount="2"/>
          <line num="32" count="0" type="stmt"/>
          <line num="34" count="2" type="stmt"/>
        </file>
        <file name="optimizeDataModel.js" path="/Users/ignacioferropicon/Projects/Bi-Framework/Bi-Model/src/parser/optimizeDataModel.js">
          <metrics statements="57" coveredstatements="56" conditionals="24" coveredconditionals="21" methods="20" coveredmethods="20"/>
          <line num="4" count="176" type="stmt"/>
          <line num="8" count="8" type="stmt"/>
          <line num="9" count="8" type="stmt"/>
          <line num="10" count="65" type="cond" truecount="1" falsecount="1"/>
          <line num="11" count="393" type="stmt"/>
          <line num="12" count="393" type="stmt"/>
          <line num="13" count="6" type="cond" truecount="2" falsecount="0"/>
          <line num="14" count="3" type="stmt"/>
          <line num="15" count="3" type="stmt"/>
          <line num="20" count="8" type="cond" truecount="2" falsecount="0"/>
          <line num="24" count="38" type="cond" truecount="2" falsecount="0"/>
          <line num="25" count="6" type="stmt"/>
          <line num="26" count="6" type="cond" truecount="2" falsecount="0"/>
          <line num="27" count="3" type="stmt"/>
          <line num="28" count="3" type="stmt"/>
          <line num="29" count="3" type="stmt"/>
          <line num="32" count="38" type="cond" truecount="1" falsecount="1"/>
          <line num="33" count="38" type="stmt"/>
          <line num="34" count="246" type="stmt"/>
          <line num="35" count="246" type="stmt"/>
          <line num="37" count="60" type="stmt"/>
          <line num="38" count="60" type="cond" truecount="2" falsecount="0"/>
          <line num="39" count="13" type="stmt"/>
          <line num="40" count="13" type="stmt"/>
          <line num="41" count="13" type="stmt"/>
          <line num="45" count="38" type="stmt"/>
          <line num="49" count="9" type="cond" truecount="2" falsecount="0"/>
          <line num="50" count="6" type="stmt"/>
          <line num="52" count="3" type="stmt"/>
          <line num="53" count="3" type="stmt"/>
          <line num="54" count="6" type="stmt"/>
          <line num="56" count="3" type="stmt"/>
          <line num="60" count="3" type="stmt"/>
          <line num="61" count="3" type="cond" truecount="1" falsecount="1"/>
          <line num="62" count="3" type="stmt"/>
          <line num="63" count="6" type="stmt"/>
          <line num="65" count="3" type="stmt"/>
          <line num="66" count="3" type="stmt"/>
          <line num="67" count="3" type="stmt"/>
          <line num="69" count="57" type="stmt"/>
          <line num="71" count="57" type="cond" truecount="2" falsecount="0"/>
          <line num="75" count="9" type="stmt"/>
          <line num="77" count="3" type="stmt"/>
          <line num="79" count="0" type="stmt"/>
          <line num="83" count="5" type="stmt"/>
          <line num="84" count="5" type="stmt"/>
          <line num="85" count="35" type="cond" truecount="4" falsecount="0"/>
          <line num="86" count="3" type="stmt"/>
          <line num="88" count="32" type="stmt"/>
          <line num="91" count="5" type="stmt"/>
          <line num="95" count="5" type="stmt"/>
          <line num="96" count="5" type="stmt"/>
          <line num="97" count="5" type="stmt"/>
          <line num="98" count="5" type="stmt"/>
          <line num="99" count="5" type="stmt"/>
          <line num="100" count="22" type="stmt"/>
          <line num="102" count="5" type="stmt"/>
        </file>
        <file name="properties.js" path="/Users/ignacioferropicon/Projects/Bi-Framework/Bi-Model/src/parser/properties.js">
          <metrics statements="29" coveredstatements="29" conditionals="32" coveredconditionals="32" methods="4" coveredmethods="4"/>
          <line num="5" count="836" type="cond" truecount="4" falsecount="0"/>
          <line num="6" count="2" type="stmt"/>
          <line num="7" count="834" type="cond" truecount="2" falsecount="0"/>
          <line num="8" count="796" type="stmt"/>
          <line num="9" count="38" type="cond" truecount="4" falsecount="0"/>
          <line num="10" count="31" type="stmt"/>
          <line num="12" count="7" type="stmt"/>
          <line num="13" count="7" type="stmt"/>
          <line num="17" count="126" type="stmt"/>
          <line num="18" count="126" type="stmt"/>
          <line num="19" count="126" type="cond" truecount="4" falsecount="0"/>
          <line num="20" count="69" type="stmt"/>
          <line num="21" count="57" type="cond" truecount="2" falsecount="0"/>
          <line num="22" count="11" type="stmt"/>
          <line num="23" count="46" type="cond" truecount="4" falsecount="0"/>
          <line num="24" count="5" type="stmt"/>
          <line num="26" count="43" type="stmt"/>
          <line num="30" count="684" type="stmt"/>
          <line num="31" count="684" type="stmt"/>
          <line num="32" count="684" type="cond" truecount="2" falsecount="0"/>
          <line num="33" count="547" type="stmt"/>
          <line num="34" count="137" type="cond" truecount="2" falsecount="0"/>
          <line num="35" count="2" type="stmt"/>
          <line num="36" count="2" type="stmt"/>
          <line num="37" count="135" type="cond" truecount="2" falsecount="0"/>
          <line num="38" count="130" type="stmt"/>
          <line num="39" count="5" type="cond" truecount="4" falsecount="0"/>
          <line num="40" count="4" type="cond" truecount="2" falsecount="0"/>
          <line num="42" count="1" type="stmt"/>
        </file>
        <file name="validateModel.js" path="/Users/ignacioferropicon/Projects/Bi-Framework/Bi-Model/src/parser/validateModel.js">
          <metrics statements="6" coveredstatements="6" conditionals="0" coveredconditionals="0" methods="1" coveredmethods="1"/>
          <line num="4" count="3" type="stmt"/>
          <line num="5" count="3" type="stmt"/>
          <line num="6" count="25" type="stmt"/>
          <line num="7" count="25" type="stmt"/>
          <line num="8" count="25" type="stmt"/>
          <line num="10" count="3" type="stmt"/>
        </file>
      </package>
      <package name="src.tools">
        <metrics statements="13" coveredstatements="13" conditionals="10" coveredconditionals="10" methods="1" coveredmethods="1"/>
        <file name="isEquivalent.js" path="/Users/ignacioferropicon/Projects/Bi-Framework/Bi-Model/src/tools/isEquivalent.js">
          <metrics statements="10" coveredstatements="10" conditionals="10" coveredconditionals="10" methods="1" coveredmethods="1"/>
          <line num="4" count="79" type="stmt"/>
          <line num="5" count="79" type="stmt"/>
          <line num="7" count="79" type="cond" truecount="2" falsecount="0"/>
          <line num="8" count="2" type="stmt"/>
          <line num="11" count="77" type="stmt"/>
          <line num="12" count="188" type="stmt"/>
          <line num="13" count="188" type="cond" truecount="2" falsecount="0"/>
          <line num="14" count="64" type="cond" truecount="2" falsecount="0"/>
          <line num="19" count="29" type="stmt"/>
          <line num="24" count="48" type="stmt"/>
        </file>
        <file name="objectUtils.js" path="/Users/ignacioferropicon/Projects/Bi-Framework/Bi-Model/src/tools/objectUtils.js">
          <metrics statements="3" coveredstatements="3" conditionals="0" coveredconditionals="0" methods="0" coveredmethods="0"/>
          <line num="1" count="9" type="stmt"/>
          <line num="2" count="9" type="stmt"/>
          <line num="3" count="9" type="stmt"/>
        </file>
      </package>
    </metrics>
  </project>
</coverage>
