<?xml version="1.0" encoding="UTF-8"?>
<coverage generated="1504537283536" clover="3.2.0">
  <project timestamp="1504537283536" name="All files">
    <metrics statements="292" coveredstatements="165" conditionals="172" coveredconditionals="81" methods="133" coveredmethods="42" elements="597" coveredelements="288" complexity="0" loc="292" ncloc="292" packages="6" files="37" classes="37">
      <package name="sample.full.dataModel">
        <metrics statements="48" coveredstatements="0" conditionals="40" coveredconditionals="0" methods="48" coveredmethods="0"/>
        <file name="cities.js" path="/Users/ignacioferropicon/Projects/Bi-Framework/Bi-Model/sample/full/dataModel/cities.js">
          <metrics statements="0" coveredstatements="0" conditionals="0" coveredconditionals="0" methods="0" coveredmethods="0"/>
        </file>
        <file name="companies.js" path="/Users/ignacioferropicon/Projects/Bi-Framework/Bi-Model/sample/full/dataModel/companies.js">
          <metrics statements="3" coveredstatements="0" conditionals="4" coveredconditionals="0" methods="3" coveredmethods="0"/>
          <line num="42" count="0" type="cond" truecount="0" falsecount="2"/>
          <line num="46" count="0" type="stmt"/>
          <line num="53" count="0" type="cond" truecount="0" falsecount="2"/>
        </file>
        <file name="contacts.js" path="/Users/ignacioferropicon/Projects/Bi-Framework/Bi-Model/sample/full/dataModel/contacts.js">
          <metrics statements="1" coveredstatements="0" conditionals="2" coveredconditionals="0" methods="1" coveredmethods="0"/>
          <line num="26" count="0" type="cond" truecount="0" falsecount="2"/>
        </file>
        <file name="countries.js" path="/Users/ignacioferropicon/Projects/Bi-Framework/Bi-Model/sample/full/dataModel/countries.js">
          <metrics statements="1" coveredstatements="0" conditionals="0" coveredconditionals="0" methods="1" coveredmethods="0"/>
          <line num="37" count="0" type="stmt"/>
        </file>
        <file name="customers.js" path="/Users/ignacioferropicon/Projects/Bi-Framework/Bi-Model/sample/full/dataModel/customers.js">
          <metrics statements="22" coveredstatements="0" conditionals="18" coveredconditionals="0" methods="22" coveredmethods="0"/>
          <line num="35" count="0" type="stmt"/>
          <line num="44" count="0" type="stmt"/>
          <line num="54" count="0" type="stmt"/>
          <line num="55" count="0" type="stmt"/>
          <line num="84" count="0" type="cond" truecount="0" falsecount="2"/>
          <line num="96" count="0" type="cond" truecount="0" falsecount="2"/>
          <line num="106" count="0" type="stmt"/>
          <line num="114" count="0" type="stmt"/>
          <line num="123" count="0" type="cond" truecount="0" falsecount="2"/>
          <line num="149" count="0" type="stmt"/>
          <line num="161" count="0" type="stmt"/>
          <line num="174" count="0" type="cond" truecount="0" falsecount="2"/>
          <line num="188" count="0" type="cond" truecount="0" falsecount="2"/>
          <line num="196" count="0" type="stmt"/>
          <line num="198" count="0" type="cond" truecount="0" falsecount="2"/>
          <line num="199" count="0" type="cond" truecount="0" falsecount="2"/>
          <line num="222" count="0" type="stmt"/>
          <line num="235" count="0" type="stmt"/>
          <line num="250" count="0" type="stmt"/>
          <line num="266" count="0" type="cond" truecount="0" falsecount="2"/>
          <line num="270" count="0" type="stmt"/>
          <line num="277" count="0" type="cond" truecount="0" falsecount="2"/>
        </file>
        <file name="index.js" path="/Users/ignacioferropicon/Projects/Bi-Framework/Bi-Model/sample/full/dataModel/index.js">
          <metrics statements="0" coveredstatements="0" conditionals="0" coveredconditionals="0" methods="0" coveredmethods="0"/>
        </file>
        <file name="leads.js" path="/Users/ignacioferropicon/Projects/Bi-Framework/Bi-Model/sample/full/dataModel/leads.js">
          <metrics statements="11" coveredstatements="0" conditionals="10" coveredconditionals="0" methods="11" coveredmethods="0"/>
          <line num="53" count="0" type="cond" truecount="0" falsecount="2"/>
          <line num="65" count="0" type="cond" truecount="0" falsecount="2"/>
          <line num="75" count="0" type="stmt"/>
          <line num="83" count="0" type="stmt"/>
          <line num="92" count="0" type="cond" truecount="0" falsecount="2"/>
          <line num="110" count="0" type="stmt"/>
          <line num="122" count="0" type="stmt"/>
          <line num="127" count="0" type="stmt"/>
          <line num="143" count="0" type="cond" truecount="0" falsecount="2"/>
          <line num="147" count="0" type="stmt"/>
          <line num="154" count="0" type="cond" truecount="0" falsecount="2"/>
        </file>
        <file name="markets.js" path="/Users/ignacioferropicon/Projects/Bi-Framework/Bi-Model/sample/full/dataModel/markets.js">
          <metrics statements="1" coveredstatements="0" conditionals="0" coveredconditionals="0" methods="1" coveredmethods="0"/>
          <line num="29" count="0" type="stmt"/>
        </file>
        <file name="skills.js" path="/Users/ignacioferropicon/Projects/Bi-Framework/Bi-Model/sample/full/dataModel/skills.js">
          <metrics statements="1" coveredstatements="0" conditionals="0" coveredconditionals="0" methods="1" coveredmethods="0"/>
          <line num="29" count="0" type="stmt"/>
        </file>
        <file name="users.js" path="/Users/ignacioferropicon/Projects/Bi-Framework/Bi-Model/sample/full/dataModel/users.js">
          <metrics statements="8" coveredstatements="0" conditionals="6" coveredconditionals="0" methods="8" coveredmethods="0"/>
          <line num="26" count="0" type="stmt"/>
          <line num="34" count="0" type="stmt"/>
          <line num="43" count="0" type="cond" truecount="0" falsecount="2"/>
          <line num="62" count="0" type="stmt"/>
          <line num="68" count="0" type="stmt"/>
          <line num="84" count="0" type="cond" truecount="0" falsecount="2"/>
          <line num="88" count="0" type="stmt"/>
          <line num="95" count="0" type="cond" truecount="0" falsecount="2"/>
        </file>
      </package>
      <package name="src.config">
        <metrics statements="4" coveredstatements="2" conditionals="2" coveredconditionals="2" methods="2" coveredmethods="0"/>
        <file name="settings.js" path="/Users/ignacioferropicon/Projects/Bi-Framework/Bi-Model/src/config/settings.js">
          <metrics statements="4" coveredstatements="2" conditionals="2" coveredconditionals="2" methods="2" coveredmethods="0"/>
          <line num="3" count="1" type="cond" truecount="2" falsecount="0"/>
          <line num="5" count="1" type="stmt"/>
          <line num="6" count="0" type="stmt"/>
          <line num="7" count="0" type="stmt"/>
        </file>
      </package>
      <package name="src.enums">
        <metrics statements="0" coveredstatements="0" conditionals="0" coveredconditionals="0" methods="0" coveredmethods="0"/>
        <file name="gender.js" path="/Users/ignacioferropicon/Projects/Bi-Framework/Bi-Model/src/enums/gender.js">
          <metrics statements="0" coveredstatements="0" conditionals="0" coveredconditionals="0" methods="0" coveredmethods="0"/>
        </file>
      </package>
      <package name="src.fieldTypes">
        <metrics statements="68" coveredstatements="12" conditionals="22" coveredconditionals="0" methods="44" coveredmethods="5"/>
        <file name="NIFCIF.js" path="/Users/ignacioferropicon/Projects/Bi-Framework/Bi-Model/src/fieldTypes/NIFCIF.js">
          <metrics statements="1" coveredstatements="0" conditionals="0" coveredconditionals="0" methods="1" coveredmethods="0"/>
          <line num="4" count="0" type="stmt"/>
        </file>
        <file name="boolean.js" path="/Users/ignacioferropicon/Projects/Bi-Framework/Bi-Model/src/fieldTypes/boolean.js">
          <metrics statements="1" coveredstatements="0" conditionals="0" coveredconditionals="0" methods="1" coveredmethods="0"/>
          <line num="4" count="0" type="stmt"/>
        </file>
        <file name="cityName.js" path="/Users/ignacioferropicon/Projects/Bi-Framework/Bi-Model/src/fieldTypes/cityName.js">
          <metrics statements="1" coveredstatements="0" conditionals="0" coveredconditionals="0" methods="1" coveredmethods="0"/>
          <line num="4" count="0" type="stmt"/>
        </file>
        <file name="companyName.js" path="/Users/ignacioferropicon/Projects/Bi-Framework/Bi-Model/src/fieldTypes/companyName.js">
          <metrics statements="1" coveredstatements="0" conditionals="0" coveredconditionals="0" methods="1" coveredmethods="0"/>
          <line num="4" count="0" type="stmt"/>
        </file>
        <file name="countryName.js" path="/Users/ignacioferropicon/Projects/Bi-Framework/Bi-Model/src/fieldTypes/countryName.js">
          <metrics statements="1" coveredstatements="0" conditionals="0" coveredconditionals="0" methods="1" coveredmethods="0"/>
          <line num="4" count="0" type="stmt"/>
        </file>
        <file name="dateTime.js" path="/Users/ignacioferropicon/Projects/Bi-Framework/Bi-Model/src/fieldTypes/dateTime.js">
          <metrics statements="5" coveredstatements="4" conditionals="4" coveredconditionals="0" methods="1" coveredmethods="0"/>
          <line num="3" count="1" type="stmt"/>
          <line num="4" count="1" type="stmt"/>
          <line num="5" count="1" type="stmt"/>
          <line num="6" count="1" type="stmt"/>
          <line num="10" count="0" type="cond" truecount="0" falsecount="4"/>
        </file>
        <file name="email.js" path="/Users/ignacioferropicon/Projects/Bi-Framework/Bi-Model/src/fieldTypes/email.js">
          <metrics statements="2" coveredstatements="0" conditionals="0" coveredconditionals="0" methods="2" coveredmethods="0"/>
          <line num="4" count="0" type="stmt"/>
          <line num="6" count="0" type="stmt"/>
        </file>
        <file name="firstName.js" path="/Users/ignacioferropicon/Projects/Bi-Framework/Bi-Model/src/fieldTypes/firstName.js">
          <metrics statements="1" coveredstatements="0" conditionals="0" coveredconditionals="0" methods="1" coveredmethods="0"/>
          <line num="4" count="0" type="stmt"/>
        </file>
        <file name="float.js" path="/Users/ignacioferropicon/Projects/Bi-Framework/Bi-Model/src/fieldTypes/float.js">
          <metrics statements="7" coveredstatements="2" conditionals="4" coveredconditionals="0" methods="1" coveredmethods="0"/>
          <line num="1" count="1" type="stmt"/>
          <line num="2" count="1" type="stmt"/>
          <line num="6" count="0" type="cond" truecount="0" falsecount="2"/>
          <line num="7" count="0" type="cond" truecount="0" falsecount="2"/>
          <line num="8" count="0" type="stmt"/>
          <line num="9" count="0" type="stmt"/>
          <line num="10" count="0" type="stmt"/>
        </file>
        <file name="image.js" path="/Users/ignacioferropicon/Projects/Bi-Framework/Bi-Model/src/fieldTypes/image.js">
          <metrics statements="1" coveredstatements="0" conditionals="0" coveredconditionals="0" methods="1" coveredmethods="0"/>
          <line num="4" count="0" type="stmt"/>
        </file>
        <file name="index.js" path="/Users/ignacioferropicon/Projects/Bi-Framework/Bi-Model/src/fieldTypes/index.js">
          <metrics statements="0" coveredstatements="0" conditionals="0" coveredconditionals="0" methods="0" coveredmethods="0"/>
        </file>
        <file name="int.js" path="/Users/ignacioferropicon/Projects/Bi-Framework/Bi-Model/src/fieldTypes/int.js">
          <metrics statements="7" coveredstatements="2" conditionals="4" coveredconditionals="0" methods="1" coveredmethods="0"/>
          <line num="1" count="1" type="stmt"/>
          <line num="2" count="1" type="stmt"/>
          <line num="6" count="0" type="cond" truecount="0" falsecount="2"/>
          <line num="7" count="0" type="cond" truecount="0" falsecount="2"/>
          <line num="8" count="0" type="stmt"/>
          <line num="9" count="0" type="stmt"/>
          <line num="10" count="0" type="stmt"/>
        </file>
        <file name="lastName.js" path="/Users/ignacioferropicon/Projects/Bi-Framework/Bi-Model/src/fieldTypes/lastName.js">
          <metrics statements="1" coveredstatements="0" conditionals="0" coveredconditionals="0" methods="1" coveredmethods="0"/>
          <line num="4" count="0" type="stmt"/>
        </file>
        <file name="manyToManyReference.js" path="/Users/ignacioferropicon/Projects/Bi-Framework/Bi-Model/src/fieldTypes/manyToManyReference.js">
          <metrics statements="13" coveredstatements="0" conditionals="4" coveredconditionals="0" methods="10" coveredmethods="0"/>
          <line num="6" count="0" type="stmt"/>
          <line num="10" count="0" type="stmt"/>
          <line num="12" count="0" type="stmt"/>
          <line num="13" count="0" type="cond" truecount="0" falsecount="2"/>
          <line num="14" count="0" type="stmt"/>
          <line num="16" count="0" type="stmt"/>
          <line num="19" count="0" type="stmt"/>
          <line num="24" count="0" type="stmt"/>
          <line num="30" count="0" type="stmt"/>
          <line num="31" count="0" type="stmt"/>
          <line num="33" count="0" type="cond" truecount="0" falsecount="2"/>
          <line num="34" count="0" type="stmt"/>
          <line num="36" count="0" type="stmt"/>
        </file>
        <file name="manyToOneReference.js" path="/Users/ignacioferropicon/Projects/Bi-Framework/Bi-Model/src/fieldTypes/manyToOneReference.js">
          <metrics statements="13" coveredstatements="1" conditionals="4" coveredconditionals="0" methods="10" coveredmethods="2"/>
          <line num="6" count="6" type="stmt"/>
          <line num="10" count="0" type="stmt"/>
          <line num="12" count="0" type="stmt"/>
          <line num="13" count="0" type="cond" truecount="0" falsecount="2"/>
          <line num="14" count="0" type="stmt"/>
          <line num="16" count="0" type="stmt"/>
          <line num="19" count="0" type="stmt"/>
          <line num="24" count="0" type="stmt"/>
          <line num="30" count="0" type="stmt"/>
          <line num="31" count="0" type="stmt"/>
          <line num="33" count="0" type="cond" truecount="0" falsecount="2"/>
          <line num="34" count="0" type="stmt"/>
          <line num="36" count="0" type="stmt"/>
        </file>
        <file name="object.js" path="/Users/ignacioferropicon/Projects/Bi-Framework/Bi-Model/src/fieldTypes/object.js">
          <metrics statements="2" coveredstatements="1" conditionals="0" coveredconditionals="0" methods="2" coveredmethods="1"/>
          <line num="2" count="6" type="stmt"/>
          <line num="3" count="0" type="stmt"/>
        </file>
        <file name="oneToManyReference.js" path="/Users/ignacioferropicon/Projects/Bi-Framework/Bi-Model/src/fieldTypes/oneToManyReference.js">
          <metrics statements="8" coveredstatements="2" conditionals="2" coveredconditionals="0" methods="6" coveredmethods="2"/>
          <line num="5" count="86" type="stmt"/>
          <line num="6" count="462" type="stmt"/>
          <line num="11" count="0" type="stmt"/>
          <line num="12" count="0" type="stmt"/>
          <line num="13" count="0" type="cond" truecount="0" falsecount="2"/>
          <line num="14" count="0" type="stmt"/>
          <line num="16" count="0" type="stmt"/>
          <line num="19" count="0" type="stmt"/>
        </file>
        <file name="phone.js" path="/Users/ignacioferropicon/Projects/Bi-Framework/Bi-Model/src/fieldTypes/phone.js">
          <metrics statements="1" coveredstatements="0" conditionals="0" coveredconditionals="0" methods="1" coveredmethods="0"/>
          <line num="4" count="0" type="stmt"/>
        </file>
        <file name="productName.js" path="/Users/ignacioferropicon/Projects/Bi-Framework/Bi-Model/src/fieldTypes/productName.js">
          <metrics statements="1" coveredstatements="0" conditionals="0" coveredconditionals="0" methods="1" coveredmethods="0"/>
          <line num="4" count="0" type="stmt"/>
        </file>
        <file name="string.js" path="/Users/ignacioferropicon/Projects/Bi-Framework/Bi-Model/src/fieldTypes/string.js">
          <metrics statements="1" coveredstatements="0" conditionals="0" coveredconditionals="0" methods="1" coveredmethods="0"/>
          <line num="4" count="0" type="stmt"/>
        </file>
      </package>
      <package name="src.parser">
        <metrics statements="159" coveredstatements="139" conditionals="98" coveredconditionals="70" methods="38" coveredmethods="36"/>
        <file name="generateGraphQLSchema.js" path="/Users/ignacioferropicon/Projects/Bi-Framework/Bi-Model/src/parser/generateGraphQLSchema.js">
          <metrics statements="73" coveredstatements="73" conditionals="42" coveredconditionals="41" methods="14" coveredmethods="14"/>
          <line num="5" count="300" type="cond" truecount="2" falsecount="0"/>
          <line num="6" count="12" type="stmt"/>
          <line num="14" count="12" type="cond" truecount="4" falsecount="0"/>
          <line num="18" count="288" type="stmt"/>
          <line num="26" count="288" type="cond" truecount="2" falsecount="0"/>
          <line num="30" count="56" type="stmt"/>
          <line num="31" count="300" type="stmt"/>
          <line num="33" count="56" type="cond" truecount="2" falsecount="0"/>
          <line num="34" count="196" type="cond" truecount="2" falsecount="0"/>
          <line num="36" count="104" type="stmt"/>
          <line num="40" count="104" type="stmt"/>
          <line num="41" count="20" type="stmt"/>
          <line num="45" count="56" type="cond" truecount="2" falsecount="0"/>
          <line num="46" count="2" type="stmt"/>
          <line num="48" count="54" type="cond" truecount="2" falsecount="0"/>
          <line num="52" count="56" type="stmt"/>
          <line num="53" count="56" type="stmt"/>
          <line num="54" count="56" type="stmt"/>
          <line num="60" count="56" type="cond" truecount="2" falsecount="0"/>
          <line num="61" count="38" type="stmt"/>
          <line num="63" count="56" type="stmt"/>
          <line num="64" count="56" type="stmt"/>
          <line num="65" count="56" type="stmt"/>
          <line num="66" count="56" type="stmt"/>
          <line num="70" count="20" type="stmt"/>
          <line num="71" count="20" type="stmt"/>
          <line num="72" count="20" type="cond" truecount="2" falsecount="0"/>
          <line num="73" count="16" type="stmt"/>
          <line num="74" count="34" type="stmt"/>
          <line num="75" count="16" type="stmt"/>
          <line num="76" count="16" type="stmt"/>
          <line num="78" count="20" type="stmt"/>
          <line num="82" count="20" type="stmt"/>
          <line num="83" count="20" type="cond" truecount="1" falsecount="1"/>
          <line num="84" count="20" type="stmt"/>
          <line num="85" count="20" type="cond" truecount="2" falsecount="0"/>
          <line num="86" count="18" type="stmt"/>
          <line num="87" count="18" type="stmt"/>
          <line num="89" count="20" type="stmt"/>
          <line num="90" count="20" type="stmt"/>
          <line num="91" count="20" type="stmt"/>
          <line num="92" count="20" type="cond" truecount="2" falsecount="0"/>
          <line num="93" count="16" type="stmt"/>
          <line num="95" count="20" type="stmt"/>
          <line num="96" count="20" type="stmt"/>
          <line num="99" count="20" type="cond" truecount="4" falsecount="0"/>
          <line num="100" count="16" type="stmt"/>
          <line num="105" count="20" type="cond" truecount="4" falsecount="0"/>
          <line num="106" count="16" type="stmt"/>
          <line num="111" count="20" type="cond" truecount="4" falsecount="0"/>
          <line num="112" count="16" type="stmt"/>
          <line num="115" count="20" type="stmt"/>
          <line num="119" count="2" type="stmt"/>
          <line num="120" count="2" type="stmt"/>
          <line num="121" count="2" type="stmt"/>
          <line num="122" count="2" type="stmt"/>
          <line num="123" count="2" type="stmt"/>
          <line num="124" count="2" type="stmt"/>
          <line num="127" count="20" type="stmt"/>
          <line num="133" count="20" type="stmt"/>
          <line num="138" count="2" type="stmt"/>
          <line num="139" count="2" type="stmt"/>
          <line num="140" count="2" type="stmt"/>
          <line num="141" count="2" type="stmt"/>
          <line num="142" count="2" type="stmt"/>
          <line num="143" count="2" type="stmt"/>
          <line num="144" count="2" type="stmt"/>
          <line num="145" count="2" type="stmt"/>
          <line num="146" count="2" type="stmt"/>
          <line num="147" count="2" type="stmt"/>
          <line num="148" count="2" type="stmt"/>
          <line num="149" count="2" type="stmt"/>
          <line num="150" count="2" type="stmt"/>
        </file>
        <file name="optimizeDataModel.js" path="/Users/ignacioferropicon/Projects/Bi-Framework/Bi-Model/src/parser/optimizeDataModel.js">
          <metrics statements="57" coveredstatements="56" conditionals="24" coveredconditionals="21" methods="20" coveredmethods="20"/>
          <line num="4" count="108" type="stmt"/>
          <line num="8" count="4" type="stmt"/>
          <line num="9" count="4" type="stmt"/>
          <line num="10" count="38" type="cond" truecount="1" falsecount="1"/>
          <line num="11" count="202" type="stmt"/>
          <line num="12" count="202" type="stmt"/>
          <line num="13" count="4" type="cond" truecount="2" falsecount="0"/>
          <line num="14" count="2" type="stmt"/>
          <line num="15" count="2" type="stmt"/>
          <line num="20" count="4" type="cond" truecount="2" falsecount="0"/>
          <line num="24" count="20" type="cond" truecount="2" falsecount="0"/>
          <line num="25" count="4" type="stmt"/>
          <line num="26" count="4" type="cond" truecount="2" falsecount="0"/>
          <line num="27" count="2" type="stmt"/>
          <line num="28" count="2" type="stmt"/>
          <line num="29" count="2" type="stmt"/>
          <line num="32" count="20" type="cond" truecount="1" falsecount="1"/>
          <line num="33" count="20" type="stmt"/>
          <line num="34" count="104" type="stmt"/>
          <line num="35" count="104" type="stmt"/>
          <line num="37" count="32" type="stmt"/>
          <line num="38" count="32" type="cond" truecount="2" falsecount="0"/>
          <line num="39" count="6" type="stmt"/>
          <line num="40" count="6" type="stmt"/>
          <line num="41" count="6" type="stmt"/>
          <line num="45" count="20" type="stmt"/>
          <line num="49" count="6" type="cond" truecount="2" falsecount="0"/>
          <line num="50" count="4" type="stmt"/>
          <line num="52" count="2" type="stmt"/>
          <line num="53" count="2" type="stmt"/>
          <line num="54" count="4" type="stmt"/>
          <line num="56" count="2" type="stmt"/>
          <line num="60" count="2" type="stmt"/>
          <line num="61" count="2" type="cond" truecount="1" falsecount="1"/>
          <line num="62" count="2" type="stmt"/>
          <line num="63" count="4" type="stmt"/>
          <line num="65" count="2" type="stmt"/>
          <line num="66" count="2" type="stmt"/>
          <line num="67" count="2" type="stmt"/>
          <line num="69" count="38" type="stmt"/>
          <line num="71" count="38" type="cond" truecount="2" falsecount="0"/>
          <line num="75" count="6" type="stmt"/>
          <line num="77" count="2" type="stmt"/>
          <line num="79" count="0" type="stmt"/>
          <line num="83" count="2" type="stmt"/>
          <line num="84" count="2" type="stmt"/>
          <line num="85" count="18" type="cond" truecount="4" falsecount="0"/>
          <line num="86" count="2" type="stmt"/>
          <line num="88" count="16" type="stmt"/>
          <line num="91" count="2" type="stmt"/>
          <line num="95" count="2" type="stmt"/>
          <line num="96" count="2" type="stmt"/>
          <line num="97" count="2" type="stmt"/>
          <line num="98" count="2" type="stmt"/>
          <line num="99" count="2" type="stmt"/>
          <line num="100" count="12" type="stmt"/>
          <line num="102" count="2" type="stmt"/>
        </file>
        <file name="properties.js" path="/Users/ignacioferropicon/Projects/Bi-Framework/Bi-Model/src/parser/properties.js">
          <metrics statements="29" coveredstatements="10" conditionals="32" coveredconditionals="8" methods="4" coveredmethods="2"/>
          <line num="5" count="398" type="cond" truecount="3" falsecount="1"/>
          <line num="6" count="0" type="stmt"/>
          <line num="7" count="398" type="cond" truecount="1" falsecount="1"/>
          <line num="8" count="398" type="stmt"/>
          <line num="9" count="0" type="cond" truecount="0" falsecount="4"/>
          <line num="10" count="0" type="stmt"/>
          <line num="12" count="0" type="stmt"/>
          <line num="13" count="0" type="stmt"/>
          <line num="17" count="0" type="stmt"/>
          <line num="18" count="0" type="stmt"/>
          <line num="19" count="0" type="cond" truecount="0" falsecount="4"/>
          <line num="20" count="0" type="stmt"/>
          <line num="21" count="0" type="cond" truecount="0" falsecount="2"/>
          <line num="22" count="0" type="stmt"/>
          <line num="23" count="0" type="cond" truecount="0" falsecount="4"/>
          <line num="24" count="0" type="stmt"/>
          <line num="26" count="0" type="stmt"/>
          <line num="30" count="398" type="stmt"/>
          <line num="31" count="398" type="stmt"/>
          <line num="32" count="398" type="cond" truecount="2" falsecount="0"/>
          <line num="33" count="300" type="stmt"/>
          <line num="34" count="98" type="cond" truecount="1" falsecount="1"/>
          <line num="35" count="0" type="stmt"/>
          <line num="36" count="0" type="stmt"/>
          <line num="37" count="98" type="cond" truecount="1" falsecount="1"/>
          <line num="38" count="98" type="stmt"/>
          <line num="39" count="0" type="cond" truecount="0" falsecount="4"/>
          <line num="40" count="0" type="cond" truecount="0" falsecount="2"/>
          <line num="42" count="0" type="stmt"/>
        </file>
      </package>
      <package name="src.tools">
        <metrics statements="13" coveredstatements="12" conditionals="10" coveredconditionals="9" methods="1" coveredmethods="1"/>
        <file name="isEquivalent.js" path="/Users/ignacioferropicon/Projects/Bi-Framework/Bi-Model/src/tools/isEquivalent.js">
          <metrics statements="10" coveredstatements="9" conditionals="10" coveredconditionals="9" methods="1" coveredmethods="1"/>
          <line num="4" count="44" type="stmt"/>
          <line num="5" count="44" type="stmt"/>
          <line num="7" count="44" type="cond" truecount="1" falsecount="1"/>
          <line num="8" count="0" type="stmt"/>
          <line num="11" count="44" type="stmt"/>
          <line num="12" count="114" type="stmt"/>
          <line num="13" count="114" type="cond" truecount="2" falsecount="0"/>
          <line num="14" count="38" type="cond" truecount="2" falsecount="0"/>
          <line num="19" count="16" type="stmt"/>
          <line num="24" count="28" type="stmt"/>
        </file>
        <file name="objectUtils.js" path="/Users/ignacioferropicon/Projects/Bi-Framework/Bi-Model/src/tools/objectUtils.js">
          <metrics statements="3" coveredstatements="3" conditionals="0" coveredconditionals="0" methods="0" coveredmethods="0"/>
          <line num="1" count="1" type="stmt"/>
          <line num="2" count="1" type="stmt"/>
          <line num="3" count="1" type="stmt"/>
        </file>
      </package>
    </metrics>
  </project>
</coverage>
