{"/Users/marcosgonzalez/Proyectos/Bi-Framework/Bi-Model/src/classes/BPModel.js": {"path":"/Users/marcosgonzalez/Proyectos/Bi-Framework/Bi-Model/src/classes/BPModel.js","statementMap":{"0":{"start":{"line":2,"column":29},"end":{"line":2,"column":42}},"1":{"start":{"line":6,"column":30},"end":{"line":8,"column":5}},"2":{"start":{"line":9,"column":4},"end":{"line":9,"column":54}},"3":{"start":{"line":13,"column":4},"end":{"line":13,"column":56}}},"fnMap":{"0":{"name":"(anonymous_0)","decl":{"start":{"line":5,"column":2},"end":{"line":5,"column":3}},"loc":{"start":{"line":5,"column":29},"end":{"line":10,"column":3}},"line":5},"1":{"name":"(anonymous_1)","decl":{"start":{"line":12,"column":2},"end":{"line":12,"column":3}},"loc":{"start":{"line":12,"column":22},"end":{"line":14,"column":3}},"line":12}},"branchMap":{},"s":{"0":1,"1":100000,"2":100000,"3":100000},"f":{"0":100000,"1":100000},"b":{},"_coverageSchema":"332fd63041d2c1bcb487cc26dd0d5f7d97098a6c","hash":"96335e976d17c2c97a488f0fe03f89814168ec70"}
,"/Users/marcosgonzalez/Proyectos/Bi-Framework/Bi-Model/src/config/settings.js": {"path":"/Users/marcosgonzalez/Proyectos/Bi-Framework/Bi-Model/src/config/settings.js","statementMap":{"0":{"start":{"line":3,"column":24},"end":{"line":3,"column":94}},"1":{"start":{"line":5,"column":0},"end":{"line":9,"column":2}},"2":{"start":{"line":6,"column":2},"end":{"line":8,"column":5}},"3":{"start":{"line":7,"column":4},"end":{"line":7,"column":52}}},"fnMap":{"0":{"name":"(anonymous_0)","decl":{"start":{"line":5,"column":30},"end":{"line":5,"column":31}},"loc":{"start":{"line":5,"column":47},"end":{"line":9,"column":1}},"line":5},"1":{"name":"(anonymous_1)","decl":{"start":{"line":6,"column":35},"end":{"line":6,"column":36}},"loc":{"start":{"line":6,"column":48},"end":{"line":8,"column":3}},"line":6}},"branchMap":{"0":{"loc":{"start":{"line":3,"column":52},"end":{"line":3,"column":92}},"type":"binary-expr","locations":[{"start":{"line":3,"column":52},"end":{"line":3,"column":68}},{"start":{"line":3,"column":72},"end":{"line":3,"column":92}}],"line":3}},"s":{"0":1,"1":1,"2":0,"3":0},"f":{"0":0,"1":0},"b":{"0":[1,1]},"_coverageSchema":"332fd63041d2c1bcb487cc26dd0d5f7d97098a6c","hash":"508a3cde3770c9f8d7674fb193b7e52976786a0c"}
,"/Users/marcosgonzalez/Proyectos/Bi-Framework/Bi-Model/src/parser/properties.js": {"path":"/Users/marcosgonzalez/Proyectos/Bi-Framework/Bi-Model/src/parser/properties.js","statementMap":{"0":{"start":{"line":5,"column":2},"end":{"line":11,"column":3}},"1":{"start":{"line":6,"column":4},"end":{"line":6,"column":31}},"2":{"start":{"line":7,"column":9},"end":{"line":11,"column":3}},"3":{"start":{"line":8,"column":4},"end":{"line":8,"column":16}},"4":{"start":{"line":9,"column":9},"end":{"line":11,"column":3}},"5":{"start":{"line":10,"column":4},"end":{"line":10,"column":35}},"6":{"start":{"line":12,"column":16},"end":{"line":12,"column":36}},"7":{"start":{"line":13,"column":2},"end":{"line":13,"column":46}},"8":{"start":{"line":17,"column":26},"end":{"line":17,"column":59}},"9":{"start":{"line":18,"column":23},"end":{"line":18,"column":43}},"10":{"start":{"line":19,"column":2},"end":{"line":25,"column":3}},"11":{"start":{"line":20,"column":4},"end":{"line":20,"column":16}},"12":{"start":{"line":21,"column":9},"end":{"line":25,"column":3}},"13":{"start":{"line":22,"column":4},"end":{"line":22,"column":52}},"14":{"start":{"line":23,"column":9},"end":{"line":25,"column":3}},"15":{"start":{"line":24,"column":4},"end":{"line":24,"column":75}},"16":{"start":{"line":24,"column":44},"end":{"line":24,"column":60}},"17":{"start":{"line":26,"column":2},"end":{"line":26,"column":15}},"18":{"start":{"line":30,"column":26},"end":{"line":30,"column":59}},"19":{"start":{"line":31,"column":23},"end":{"line":31,"column":43}},"20":{"start":{"line":32,"column":2},"end":{"line":41,"column":3}},"21":{"start":{"line":33,"column":4},"end":{"line":33,"column":17}},"22":{"start":{"line":34,"column":9},"end":{"line":41,"column":3}},"23":{"start":{"line":35,"column":19},"end":{"line":35,"column":41}},"24":{"start":{"line":36,"column":4},"end":{"line":36,"column":56}},"25":{"start":{"line":37,"column":9},"end":{"line":41,"column":3}},"26":{"start":{"line":38,"column":4},"end":{"line":38,"column":66}},"27":{"start":{"line":39,"column":9},"end":{"line":41,"column":3}},"28":{"start":{"line":40,"column":4},"end":{"line":40,"column":65}},"29":{"start":{"line":42,"column":2},"end":{"line":42,"column":14}}},"fnMap":{"0":{"name":"stringifyNativeType","decl":{"start":{"line":4,"column":16},"end":{"line":4,"column":35}},"loc":{"start":{"line":4,"column":42},"end":{"line":14,"column":1}},"line":4},"1":{"name":"check","decl":{"start":{"line":16,"column":16},"end":{"line":16,"column":21}},"loc":{"start":{"line":16,"column":54},"end":{"line":27,"column":1}},"line":16},"2":{"name":"(anonymous_2)","decl":{"start":{"line":24,"column":37},"end":{"line":24,"column":38}},"loc":{"start":{"line":24,"column":44},"end":{"line":24,"column":60}},"line":24},"3":{"name":"getValue","decl":{"start":{"line":29,"column":22},"end":{"line":29,"column":30}},"loc":{"start":{"line":29,"column":76},"end":{"line":43,"column":1}},"line":29}},"branchMap":{"0":{"loc":{"start":{"line":5,"column":2},"end":{"line":11,"column":3}},"type":"if","locations":[{"start":{"line":5,"column":2},"end":{"line":11,"column":3}},{"start":{"line":5,"column":2},"end":{"line":11,"column":3}}],"line":5},"1":{"loc":{"start":{"line":5,"column":6},"end":{"line":5,"column":41}},"type":"binary-expr","locations":[{"start":{"line":5,"column":6},"end":{"line":5,"column":24}},{"start":{"line":5,"column":28},"end":{"line":5,"column":41}}],"line":5},"2":{"loc":{"start":{"line":7,"column":9},"end":{"line":11,"column":3}},"type":"if","locations":[{"start":{"line":7,"column":9},"end":{"line":11,"column":3}},{"start":{"line":7,"column":9},"end":{"line":11,"column":3}}],"line":7},"3":{"loc":{"start":{"line":9,"column":9},"end":{"line":11,"column":3}},"type":"if","locations":[{"start":{"line":9,"column":9},"end":{"line":11,"column":3}},{"start":{"line":9,"column":9},"end":{"line":11,"column":3}}],"line":9},"4":{"loc":{"start":{"line":9,"column":13},"end":{"line":9,"column":61}},"type":"binary-expr","locations":[{"start":{"line":9,"column":13},"end":{"line":9,"column":46}},{"start":{"line":9,"column":50},"end":{"line":9,"column":61}}],"line":9},"5":{"loc":{"start":{"line":19,"column":2},"end":{"line":25,"column":3}},"type":"if","locations":[{"start":{"line":19,"column":2},"end":{"line":25,"column":3}},{"start":{"line":19,"column":2},"end":{"line":25,"column":3}}],"line":19},"6":{"loc":{"start":{"line":19,"column":6},"end":{"line":19,"column":83}},"type":"binary-expr","locations":[{"start":{"line":19,"column":6},"end":{"line":19,"column":47}},{"start":{"line":19,"column":51},"end":{"line":19,"column":83}}],"line":19},"7":{"loc":{"start":{"line":21,"column":9},"end":{"line":25,"column":3}},"type":"if","locations":[{"start":{"line":21,"column":9},"end":{"line":25,"column":3}},{"start":{"line":21,"column":9},"end":{"line":25,"column":3}}],"line":21},"8":{"loc":{"start":{"line":23,"column":9},"end":{"line":25,"column":3}},"type":"if","locations":[{"start":{"line":23,"column":9},"end":{"line":25,"column":3}},{"start":{"line":23,"column":9},"end":{"line":25,"column":3}}],"line":23},"9":{"loc":{"start":{"line":23,"column":13},"end":{"line":23,"column":88}},"type":"binary-expr","locations":[{"start":{"line":23,"column":13},"end":{"line":23,"column":50}},{"start":{"line":23,"column":54},"end":{"line":23,"column":88}}],"line":23},"10":{"loc":{"start":{"line":32,"column":2},"end":{"line":41,"column":3}},"type":"if","locations":[{"start":{"line":32,"column":2},"end":{"line":41,"column":3}},{"start":{"line":32,"column":2},"end":{"line":41,"column":3}}],"line":32},"11":{"loc":{"start":{"line":34,"column":9},"end":{"line":41,"column":3}},"type":"if","locations":[{"start":{"line":34,"column":9},"end":{"line":41,"column":3}},{"start":{"line":34,"column":9},"end":{"line":41,"column":3}}],"line":34},"12":{"loc":{"start":{"line":37,"column":9},"end":{"line":41,"column":3}},"type":"if","locations":[{"start":{"line":37,"column":9},"end":{"line":41,"column":3}},{"start":{"line":37,"column":9},"end":{"line":41,"column":3}}],"line":37},"13":{"loc":{"start":{"line":39,"column":9},"end":{"line":41,"column":3}},"type":"if","locations":[{"start":{"line":39,"column":9},"end":{"line":41,"column":3}},{"start":{"line":39,"column":9},"end":{"line":41,"column":3}}],"line":39},"14":{"loc":{"start":{"line":39,"column":13},"end":{"line":39,"column":88}},"type":"binary-expr","locations":[{"start":{"line":39,"column":13},"end":{"line":39,"column":50}},{"start":{"line":39,"column":54},"end":{"line":39,"column":88}}],"line":39},"15":{"loc":{"start":{"line":40,"column":11},"end":{"line":40,"column":64}},"type":"binary-expr","locations":[{"start":{"line":40,"column":11},"end":{"line":40,"column":29}},{"start":{"line":40,"column":33},"end":{"line":40,"column":64}}],"line":40}},"s":{"0":7,"1":2,"2":5,"3":1,"4":4,"5":3,"6":1,"7":1,"8":4,"9":4,"10":4,"11":2,"12":2,"13":1,"14":1,"15":1,"16":1,"17":0,"18":0,"19":0,"20":0,"21":0,"22":0,"23":0,"24":0,"25":0,"26":0,"27":0,"28":0,"29":0},"f":{"0":7,"1":4,"2":1,"3":0},"b":{"0":[2,5],"1":[7,6],"2":[1,4],"3":[3,1],"4":[4,3],"5":[2,2],"6":[4,4],"7":[1,1],"8":[1,0],"9":[1,1],"10":[0,0],"11":[0,0],"12":[0,0],"13":[0,0],"14":[0,0],"15":[0,0]},"_coverageSchema":"332fd63041d2c1bcb487cc26dd0d5f7d97098a6c","hash":"7ae0d030ef7e7cb2cc6ce7bed58b71d0d8eefd8e"}
,"/Users/marcosgonzalez/Proyectos/Bi-Framework/Bi-Model/src/tools/objectUtils.js": {"path":"/Users/marcosgonzalez/Proyectos/Bi-Framework/Bi-Model/src/tools/objectUtils.js","statementMap":{"0":{"start":{"line":1,"column":30},"end":{"line":1,"column":61}},"1":{"start":{"line":2,"column":24},"end":{"line":2,"column":49}},"2":{"start":{"line":3,"column":30},"end":{"line":3,"column":51}}},"fnMap":{},"branchMap":{},"s":{"0":1,"1":1,"2":1},"f":{},"b":{},"_coverageSchema":"332fd63041d2c1bcb487cc26dd0d5f7d97098a6c","hash":"212d267164a51866920d83fd4212c169563139a0"}
}
