{"/Users/ignacioferropicon/Projects/Bi-Framework/Bi-Model/sample/biBooks/dataModel/additionalMaterials.js": {"path":"/Users/ignacioferropicon/Projects/Bi-Framework/Bi-Model/sample/biBooks/dataModel/additionalMaterials.js","statementMap":{"0":{"start":{"line":30,"column":23},"end":{"line":30,"column":33}},"1":{"start":{"line":37,"column":23},"end":{"line":37,"column":35}},"2":{"start":{"line":57,"column":23},"end":{"line":57,"column":50}},"3":{"start":{"line":64,"column":22},"end":{"line":64,"column":32}}},"fnMap":{"0":{"name":"(anonymous_0)","decl":{"start":{"line":30,"column":16},"end":{"line":30,"column":17}},"loc":{"start":{"line":30,"column":23},"end":{"line":30,"column":33}},"line":30},"1":{"name":"(anonymous_1)","decl":{"start":{"line":37,"column":16},"end":{"line":37,"column":17}},"loc":{"start":{"line":37,"column":23},"end":{"line":37,"column":35}},"line":37},"2":{"name":"(anonymous_2)","decl":{"start":{"line":57,"column":16},"end":{"line":57,"column":17}},"loc":{"start":{"line":57,"column":23},"end":{"line":57,"column":50}},"line":57},"3":{"name":"(anonymous_3)","decl":{"start":{"line":64,"column":16},"end":{"line":64,"column":17}},"loc":{"start":{"line":64,"column":22},"end":{"line":64,"column":32}},"line":64}},"branchMap":{"0":{"loc":{"start":{"line":57,"column":23},"end":{"line":57,"column":50}},"type":"binary-expr","locations":[{"start":{"line":57,"column":23},"end":{"line":57,"column":36}},{"start":{"line":57,"column":40},"end":{"line":57,"column":50}}],"line":57}},"s":{"0":0,"1":0,"2":0,"3":0},"f":{"0":0,"1":0,"2":0,"3":0},"b":{"0":[0,0]},"_coverageSchema":"332fd63041d2c1bcb487cc26dd0d5f7d97098a6c","hash":"6c260493e9592209fceffc42fbf715537eb2d136"}
,"/Users/ignacioferropicon/Projects/Bi-Framework/Bi-Model/sample/biBooks/dataModel/authors.js": {"path":"/Users/ignacioferropicon/Projects/Bi-Framework/Bi-Model/sample/biBooks/dataModel/authors.js","statementMap":{"0":{"start":{"line":42,"column":20},"end":{"line":42,"column":73}},"1":{"start":{"line":65,"column":22},"end":{"line":65,"column":32}}},"fnMap":{"0":{"name":"(anonymous_0)","decl":{"start":{"line":42,"column":13},"end":{"line":42,"column":14}},"loc":{"start":{"line":42,"column":20},"end":{"line":42,"column":73}},"line":42},"1":{"name":"(anonymous_1)","decl":{"start":{"line":65,"column":16},"end":{"line":65,"column":17}},"loc":{"start":{"line":65,"column":22},"end":{"line":65,"column":32}},"line":65}},"branchMap":{"0":{"loc":{"start":{"line":42,"column":20},"end":{"line":42,"column":73}},"type":"binary-expr","locations":[{"start":{"line":42,"column":20},"end":{"line":42,"column":29}},{"start":{"line":42,"column":33},"end":{"line":42,"column":73}}],"line":42}},"s":{"0":0,"1":0},"f":{"0":0,"1":0},"b":{"0":[0,0]},"_coverageSchema":"332fd63041d2c1bcb487cc26dd0d5f7d97098a6c","hash":"f2bca959198696db99945d523f25ecd6089471a9"}
,"/Users/ignacioferropicon/Projects/Bi-Framework/Bi-Model/sample/biBooks/dataModel/books.js": {"path":"/Users/ignacioferropicon/Projects/Bi-Framework/Bi-Model/sample/biBooks/dataModel/books.js","statementMap":{"0":{"start":{"line":57,"column":27},"end":{"line":57,"column":49}},"1":{"start":{"line":68,"column":23},"end":{"line":68,"column":33}},"2":{"start":{"line":75,"column":23},"end":{"line":75,"column":35}},"3":{"start":{"line":136,"column":23},"end":{"line":136,"column":50}},"4":{"start":{"line":167,"column":22},"end":{"line":167,"column":32}}},"fnMap":{"0":{"name":"(anonymous_0)","decl":{"start":{"line":57,"column":21},"end":{"line":57,"column":22}},"loc":{"start":{"line":57,"column":27},"end":{"line":57,"column":49}},"line":57},"1":{"name":"(anonymous_1)","decl":{"start":{"line":68,"column":16},"end":{"line":68,"column":17}},"loc":{"start":{"line":68,"column":23},"end":{"line":68,"column":33}},"line":68},"2":{"name":"(anonymous_2)","decl":{"start":{"line":75,"column":16},"end":{"line":75,"column":17}},"loc":{"start":{"line":75,"column":23},"end":{"line":75,"column":35}},"line":75},"3":{"name":"(anonymous_3)","decl":{"start":{"line":136,"column":16},"end":{"line":136,"column":17}},"loc":{"start":{"line":136,"column":23},"end":{"line":136,"column":50}},"line":136},"4":{"name":"(anonymous_4)","decl":{"start":{"line":167,"column":16},"end":{"line":167,"column":17}},"loc":{"start":{"line":167,"column":22},"end":{"line":167,"column":32}},"line":167}},"branchMap":{"0":{"loc":{"start":{"line":136,"column":23},"end":{"line":136,"column":50}},"type":"binary-expr","locations":[{"start":{"line":136,"column":23},"end":{"line":136,"column":36}},{"start":{"line":136,"column":40},"end":{"line":136,"column":50}}],"line":136}},"s":{"0":0,"1":0,"2":0,"3":0,"4":0},"f":{"0":0,"1":0,"2":0,"3":0,"4":0},"b":{"0":[0,0]},"_coverageSchema":"332fd63041d2c1bcb487cc26dd0d5f7d97098a6c","hash":"f71aa96b7e107f66a00f2800347b173c126fe6a8"}
,"/Users/ignacioferropicon/Projects/Bi-Framework/Bi-Model/sample/biBooks/dataModel/index.js": {"path":"/Users/ignacioferropicon/Projects/Bi-Framework/Bi-Model/sample/biBooks/dataModel/index.js","statementMap":{},"fnMap":{},"branchMap":{},"s":{},"f":{},"b":{},"_coverageSchema":"332fd63041d2c1bcb487cc26dd0d5f7d97098a6c","hash":"bcbb79faa1d56620ecf22331cdcf1470aaa2a02d"}
,"/Users/ignacioferropicon/Projects/Bi-Framework/Bi-Model/sample/biBooks/dataModel/topics.js": {"path":"/Users/ignacioferropicon/Projects/Bi-Framework/Bi-Model/sample/biBooks/dataModel/topics.js","statementMap":{},"fnMap":{},"branchMap":{},"s":{},"f":{},"b":{},"_coverageSchema":"332fd63041d2c1bcb487cc26dd0d5f7d97098a6c","hash":"3c949a444305358611dc5e3c5e25902ebc031877"}
,"/Users/ignacioferropicon/Projects/Bi-Framework/Bi-Model/sample/full/dataModel/cities.js": {"path":"/Users/ignacioferropicon/Projects/Bi-Framework/Bi-Model/sample/full/dataModel/cities.js","statementMap":{},"fnMap":{},"branchMap":{},"s":{},"f":{},"b":{},"_coverageSchema":"332fd63041d2c1bcb487cc26dd0d5f7d97098a6c","hash":"e92cf63d33da64c5bc7c1f770af2640f5daf19d5"}
,"/Users/ignacioferropicon/Projects/Bi-Framework/Bi-Model/sample/full/dataModel/companies.js": {"path":"/Users/ignacioferropicon/Projects/Bi-Framework/Bi-Model/sample/full/dataModel/companies.js","statementMap":{"0":{"start":{"line":42,"column":27},"end":{"line":42,"column":85}},"1":{"start":{"line":46,"column":36},"end":{"line":46,"column":67}},"2":{"start":{"line":53,"column":7},"end":{"line":53,"column":83}}},"fnMap":{"0":{"name":"(anonymous_0)","decl":{"start":{"line":42,"column":12},"end":{"line":42,"column":13}},"loc":{"start":{"line":42,"column":27},"end":{"line":42,"column":85}},"line":42},"1":{"name":"(anonymous_1)","decl":{"start":{"line":46,"column":20},"end":{"line":46,"column":21}},"loc":{"start":{"line":46,"column":36},"end":{"line":46,"column":67}},"line":46},"2":{"name":"(anonymous_2)","decl":{"start":{"line":52,"column":14},"end":{"line":52,"column":15}},"loc":{"start":{"line":53,"column":7},"end":{"line":53,"column":83}},"line":53}},"branchMap":{"0":{"loc":{"start":{"line":42,"column":27},"end":{"line":42,"column":85}},"type":"binary-expr","locations":[{"start":{"line":42,"column":27},"end":{"line":42,"column":55}},{"start":{"line":42,"column":59},"end":{"line":42,"column":85}}],"line":42},"1":{"loc":{"start":{"line":53,"column":7},"end":{"line":53,"column":83}},"type":"cond-expr","locations":[{"start":{"line":53,"column":42},"end":{"line":53,"column":45}},{"start":{"line":53,"column":48},"end":{"line":53,"column":83}}],"line":53}},"s":{"0":0,"1":0,"2":0},"f":{"0":0,"1":0,"2":0},"b":{"0":[0,0],"1":[0,0]},"_coverageSchema":"332fd63041d2c1bcb487cc26dd0d5f7d97098a6c","hash":"1bc48cf31e45c377613ac51ac5b745be657884d4"}
,"/Users/ignacioferropicon/Projects/Bi-Framework/Bi-Model/sample/full/dataModel/contacts.js": {"path":"/Users/ignacioferropicon/Projects/Bi-Framework/Bi-Model/sample/full/dataModel/contacts.js","statementMap":{"0":{"start":{"line":26,"column":7},"end":{"line":26,"column":83}}},"fnMap":{"0":{"name":"(anonymous_0)","decl":{"start":{"line":25,"column":14},"end":{"line":25,"column":15}},"loc":{"start":{"line":26,"column":7},"end":{"line":26,"column":83}},"line":26}},"branchMap":{"0":{"loc":{"start":{"line":26,"column":7},"end":{"line":26,"column":83}},"type":"cond-expr","locations":[{"start":{"line":26,"column":42},"end":{"line":26,"column":45}},{"start":{"line":26,"column":48},"end":{"line":26,"column":83}}],"line":26}},"s":{"0":0},"f":{"0":0},"b":{"0":[0,0]},"_coverageSchema":"332fd63041d2c1bcb487cc26dd0d5f7d97098a6c","hash":"aee5d4f79e64e935bb4a4e5e5c16ab79474b101f"}
,"/Users/ignacioferropicon/Projects/Bi-Framework/Bi-Model/sample/full/dataModel/countries.js": {"path":"/Users/ignacioferropicon/Projects/Bi-Framework/Bi-Model/sample/full/dataModel/countries.js","statementMap":{"0":{"start":{"line":37,"column":27},"end":{"line":37,"column":45}}},"fnMap":{"0":{"name":"(anonymous_0)","decl":{"start":{"line":37,"column":21},"end":{"line":37,"column":22}},"loc":{"start":{"line":37,"column":27},"end":{"line":37,"column":45}},"line":37}},"branchMap":{},"s":{"0":0},"f":{"0":0},"b":{},"_coverageSchema":"332fd63041d2c1bcb487cc26dd0d5f7d97098a6c","hash":"dd5493758f806897da475c6d3df00fe0e37b0f7e"}
,"/Users/ignacioferropicon/Projects/Bi-Framework/Bi-Model/sample/full/dataModel/customers.js": {"path":"/Users/ignacioferropicon/Projects/Bi-Framework/Bi-Model/sample/full/dataModel/customers.js","statementMap":{"0":{"start":{"line":35,"column":22},"end":{"line":35,"column":32}},"1":{"start":{"line":44,"column":23},"end":{"line":44,"column":41}},"2":{"start":{"line":54,"column":22},"end":{"line":54,"column":32}},"3":{"start":{"line":55,"column":22},"end":{"line":55,"column":57}},"4":{"start":{"line":84,"column":23},"end":{"line":84,"column":54}},"5":{"start":{"line":96,"column":23},"end":{"line":96,"column":54}},"6":{"start":{"line":106,"column":23},"end":{"line":106,"column":33}},"7":{"start":{"line":114,"column":23},"end":{"line":114,"column":33}},"8":{"start":{"line":123,"column":20},"end":{"line":123,"column":73}},"9":{"start":{"line":149,"column":37},"end":{"line":149,"column":65}},"10":{"start":{"line":161,"column":37},"end":{"line":161,"column":61}},"11":{"start":{"line":174,"column":24},"end":{"line":174,"column":55}},"12":{"start":{"line":188,"column":31},"end":{"line":188,"column":78}},"13":{"start":{"line":196,"column":27},"end":{"line":196,"column":46}},"14":{"start":{"line":198,"column":32},"end":{"line":198,"column":79}},"15":{"start":{"line":199,"column":31},"end":{"line":199,"column":78}},"16":{"start":{"line":222,"column":41},"end":{"line":222,"column":62}},"17":{"start":{"line":235,"column":48},"end":{"line":235,"column":94}},"18":{"start":{"line":250,"column":19},"end":{"line":250,"column":29}},"19":{"start":{"line":266,"column":27},"end":{"line":266,"column":85}},"20":{"start":{"line":270,"column":36},"end":{"line":270,"column":67}},"21":{"start":{"line":277,"column":7},"end":{"line":277,"column":83}}},"fnMap":{"0":{"name":"(anonymous_0)","decl":{"start":{"line":35,"column":16},"end":{"line":35,"column":17}},"loc":{"start":{"line":35,"column":22},"end":{"line":35,"column":32}},"line":35},"1":{"name":"(anonymous_1)","decl":{"start":{"line":44,"column":16},"end":{"line":44,"column":17}},"loc":{"start":{"line":44,"column":23},"end":{"line":44,"column":41}},"line":44},"2":{"name":"(anonymous_2)","decl":{"start":{"line":54,"column":16},"end":{"line":54,"column":17}},"loc":{"start":{"line":54,"column":22},"end":{"line":54,"column":32}},"line":54},"3":{"name":"(anonymous_3)","decl":{"start":{"line":55,"column":16},"end":{"line":55,"column":17}},"loc":{"start":{"line":55,"column":22},"end":{"line":55,"column":57}},"line":55},"4":{"name":"(anonymous_4)","decl":{"start":{"line":84,"column":16},"end":{"line":84,"column":17}},"loc":{"start":{"line":84,"column":23},"end":{"line":84,"column":54}},"line":84},"5":{"name":"(anonymous_5)","decl":{"start":{"line":96,"column":16},"end":{"line":96,"column":17}},"loc":{"start":{"line":96,"column":23},"end":{"line":96,"column":54}},"line":96},"6":{"name":"(anonymous_6)","decl":{"start":{"line":106,"column":16},"end":{"line":106,"column":17}},"loc":{"start":{"line":106,"column":23},"end":{"line":106,"column":33}},"line":106},"7":{"name":"(anonymous_7)","decl":{"start":{"line":114,"column":16},"end":{"line":114,"column":17}},"loc":{"start":{"line":114,"column":23},"end":{"line":114,"column":33}},"line":114},"8":{"name":"(anonymous_8)","decl":{"start":{"line":123,"column":13},"end":{"line":123,"column":14}},"loc":{"start":{"line":123,"column":20},"end":{"line":123,"column":73}},"line":123},"9":{"name":"(anonymous_9)","decl":{"start":{"line":149,"column":30},"end":{"line":149,"column":31}},"loc":{"start":{"line":149,"column":37},"end":{"line":149,"column":65}},"line":149},"10":{"name":"(anonymous_10)","decl":{"start":{"line":161,"column":30},"end":{"line":161,"column":31}},"loc":{"start":{"line":161,"column":37},"end":{"line":161,"column":61}},"line":161},"11":{"name":"(anonymous_11)","decl":{"start":{"line":174,"column":17},"end":{"line":174,"column":18}},"loc":{"start":{"line":174,"column":24},"end":{"line":174,"column":55}},"line":174},"12":{"name":"(anonymous_12)","decl":{"start":{"line":188,"column":16},"end":{"line":188,"column":17}},"loc":{"start":{"line":188,"column":31},"end":{"line":188,"column":78}},"line":188},"13":{"name":"(anonymous_13)","decl":{"start":{"line":196,"column":21},"end":{"line":196,"column":22}},"loc":{"start":{"line":196,"column":27},"end":{"line":196,"column":46}},"line":196},"14":{"name":"(anonymous_14)","decl":{"start":{"line":198,"column":17},"end":{"line":198,"column":18}},"loc":{"start":{"line":198,"column":32},"end":{"line":198,"column":79}},"line":198},"15":{"name":"(anonymous_15)","decl":{"start":{"line":199,"column":16},"end":{"line":199,"column":17}},"loc":{"start":{"line":199,"column":31},"end":{"line":199,"column":78}},"line":199},"16":{"name":"(anonymous_16)","decl":{"start":{"line":222,"column":34},"end":{"line":222,"column":35}},"loc":{"start":{"line":222,"column":41},"end":{"line":222,"column":62}},"line":222},"17":{"name":"(anonymous_17)","decl":{"start":{"line":235,"column":34},"end":{"line":235,"column":35}},"loc":{"start":{"line":235,"column":48},"end":{"line":235,"column":94}},"line":235},"18":{"name":"(anonymous_18)","decl":{"start":{"line":250,"column":13},"end":{"line":250,"column":14}},"loc":{"start":{"line":250,"column":19},"end":{"line":250,"column":29}},"line":250},"19":{"name":"(anonymous_19)","decl":{"start":{"line":266,"column":12},"end":{"line":266,"column":13}},"loc":{"start":{"line":266,"column":27},"end":{"line":266,"column":85}},"line":266},"20":{"name":"(anonymous_20)","decl":{"start":{"line":270,"column":20},"end":{"line":270,"column":21}},"loc":{"start":{"line":270,"column":36},"end":{"line":270,"column":67}},"line":270},"21":{"name":"(anonymous_21)","decl":{"start":{"line":276,"column":14},"end":{"line":276,"column":15}},"loc":{"start":{"line":277,"column":7},"end":{"line":277,"column":83}},"line":277}},"branchMap":{"0":{"loc":{"start":{"line":84,"column":23},"end":{"line":84,"column":54}},"type":"binary-expr","locations":[{"start":{"line":84,"column":23},"end":{"line":84,"column":36}},{"start":{"line":84,"column":40},"end":{"line":84,"column":54}}],"line":84},"1":{"loc":{"start":{"line":96,"column":23},"end":{"line":96,"column":54}},"type":"binary-expr","locations":[{"start":{"line":96,"column":23},"end":{"line":96,"column":36}},{"start":{"line":96,"column":40},"end":{"line":96,"column":54}}],"line":96},"2":{"loc":{"start":{"line":123,"column":20},"end":{"line":123,"column":73}},"type":"binary-expr","locations":[{"start":{"line":123,"column":20},"end":{"line":123,"column":29}},{"start":{"line":123,"column":33},"end":{"line":123,"column":73}}],"line":123},"3":{"loc":{"start":{"line":174,"column":24},"end":{"line":174,"column":55}},"type":"binary-expr","locations":[{"start":{"line":174,"column":24},"end":{"line":174,"column":34}},{"start":{"line":174,"column":38},"end":{"line":174,"column":55}}],"line":174},"4":{"loc":{"start":{"line":188,"column":31},"end":{"line":188,"column":78}},"type":"binary-expr","locations":[{"start":{"line":188,"column":31},"end":{"line":188,"column":48}},{"start":{"line":188,"column":52},"end":{"line":188,"column":78}}],"line":188},"5":{"loc":{"start":{"line":198,"column":32},"end":{"line":198,"column":79}},"type":"binary-expr","locations":[{"start":{"line":198,"column":32},"end":{"line":198,"column":49}},{"start":{"line":198,"column":53},"end":{"line":198,"column":79}}],"line":198},"6":{"loc":{"start":{"line":199,"column":31},"end":{"line":199,"column":78}},"type":"binary-expr","locations":[{"start":{"line":199,"column":31},"end":{"line":199,"column":48}},{"start":{"line":199,"column":52},"end":{"line":199,"column":78}}],"line":199},"7":{"loc":{"start":{"line":266,"column":27},"end":{"line":266,"column":85}},"type":"binary-expr","locations":[{"start":{"line":266,"column":27},"end":{"line":266,"column":55}},{"start":{"line":266,"column":59},"end":{"line":266,"column":85}}],"line":266},"8":{"loc":{"start":{"line":277,"column":7},"end":{"line":277,"column":83}},"type":"cond-expr","locations":[{"start":{"line":277,"column":42},"end":{"line":277,"column":45}},{"start":{"line":277,"column":48},"end":{"line":277,"column":83}}],"line":277}},"s":{"0":0,"1":0,"2":0,"3":0,"4":0,"5":0,"6":0,"7":0,"8":0,"9":0,"10":0,"11":0,"12":0,"13":0,"14":0,"15":0,"16":0,"17":0,"18":0,"19":0,"20":0,"21":0},"f":{"0":0,"1":0,"2":0,"3":0,"4":0,"5":0,"6":0,"7":0,"8":0,"9":0,"10":0,"11":0,"12":0,"13":0,"14":0,"15":0,"16":0,"17":0,"18":0,"19":0,"20":0,"21":0},"b":{"0":[0,0],"1":[0,0],"2":[0,0],"3":[0,0],"4":[0,0],"5":[0,0],"6":[0,0],"7":[0,0],"8":[0,0]},"_coverageSchema":"332fd63041d2c1bcb487cc26dd0d5f7d97098a6c","hash":"eb5f20454a341c074e9c575e491c331a5642b0ea"}
,"/Users/ignacioferropicon/Projects/Bi-Framework/Bi-Model/sample/full/dataModel/index.js": {"path":"/Users/ignacioferropicon/Projects/Bi-Framework/Bi-Model/sample/full/dataModel/index.js","statementMap":{},"fnMap":{},"branchMap":{},"s":{},"f":{},"b":{},"_coverageSchema":"332fd63041d2c1bcb487cc26dd0d5f7d97098a6c","hash":"fcdef6f3c14644f03d59d64a51204d5f1dd0220f"}
,"/Users/ignacioferropicon/Projects/Bi-Framework/Bi-Model/sample/full/dataModel/leads.js": {"path":"/Users/ignacioferropicon/Projects/Bi-Framework/Bi-Model/sample/full/dataModel/leads.js","statementMap":{"0":{"start":{"line":53,"column":23},"end":{"line":53,"column":54}},"1":{"start":{"line":65,"column":23},"end":{"line":65,"column":54}},"2":{"start":{"line":75,"column":23},"end":{"line":75,"column":33}},"3":{"start":{"line":83,"column":23},"end":{"line":83,"column":33}},"4":{"start":{"line":92,"column":20},"end":{"line":92,"column":73}},"5":{"start":{"line":110,"column":37},"end":{"line":110,"column":65}},"6":{"start":{"line":122,"column":37},"end":{"line":122,"column":61}},"7":{"start":{"line":127,"column":19},"end":{"line":127,"column":29}},"8":{"start":{"line":143,"column":27},"end":{"line":143,"column":85}},"9":{"start":{"line":147,"column":36},"end":{"line":147,"column":67}},"10":{"start":{"line":154,"column":7},"end":{"line":154,"column":83}}},"fnMap":{"0":{"name":"(anonymous_0)","decl":{"start":{"line":53,"column":16},"end":{"line":53,"column":17}},"loc":{"start":{"line":53,"column":23},"end":{"line":53,"column":54}},"line":53},"1":{"name":"(anonymous_1)","decl":{"start":{"line":65,"column":16},"end":{"line":65,"column":17}},"loc":{"start":{"line":65,"column":23},"end":{"line":65,"column":54}},"line":65},"2":{"name":"(anonymous_2)","decl":{"start":{"line":75,"column":16},"end":{"line":75,"column":17}},"loc":{"start":{"line":75,"column":23},"end":{"line":75,"column":33}},"line":75},"3":{"name":"(anonymous_3)","decl":{"start":{"line":83,"column":16},"end":{"line":83,"column":17}},"loc":{"start":{"line":83,"column":23},"end":{"line":83,"column":33}},"line":83},"4":{"name":"(anonymous_4)","decl":{"start":{"line":92,"column":13},"end":{"line":92,"column":14}},"loc":{"start":{"line":92,"column":20},"end":{"line":92,"column":73}},"line":92},"5":{"name":"(anonymous_5)","decl":{"start":{"line":110,"column":30},"end":{"line":110,"column":31}},"loc":{"start":{"line":110,"column":37},"end":{"line":110,"column":65}},"line":110},"6":{"name":"(anonymous_6)","decl":{"start":{"line":122,"column":30},"end":{"line":122,"column":31}},"loc":{"start":{"line":122,"column":37},"end":{"line":122,"column":61}},"line":122},"7":{"name":"(anonymous_7)","decl":{"start":{"line":127,"column":13},"end":{"line":127,"column":14}},"loc":{"start":{"line":127,"column":19},"end":{"line":127,"column":29}},"line":127},"8":{"name":"(anonymous_8)","decl":{"start":{"line":143,"column":12},"end":{"line":143,"column":13}},"loc":{"start":{"line":143,"column":27},"end":{"line":143,"column":85}},"line":143},"9":{"name":"(anonymous_9)","decl":{"start":{"line":147,"column":20},"end":{"line":147,"column":21}},"loc":{"start":{"line":147,"column":36},"end":{"line":147,"column":67}},"line":147},"10":{"name":"(anonymous_10)","decl":{"start":{"line":153,"column":14},"end":{"line":153,"column":15}},"loc":{"start":{"line":154,"column":7},"end":{"line":154,"column":83}},"line":154}},"branchMap":{"0":{"loc":{"start":{"line":53,"column":23},"end":{"line":53,"column":54}},"type":"binary-expr","locations":[{"start":{"line":53,"column":23},"end":{"line":53,"column":36}},{"start":{"line":53,"column":40},"end":{"line":53,"column":54}}],"line":53},"1":{"loc":{"start":{"line":65,"column":23},"end":{"line":65,"column":54}},"type":"binary-expr","locations":[{"start":{"line":65,"column":23},"end":{"line":65,"column":36}},{"start":{"line":65,"column":40},"end":{"line":65,"column":54}}],"line":65},"2":{"loc":{"start":{"line":92,"column":20},"end":{"line":92,"column":73}},"type":"binary-expr","locations":[{"start":{"line":92,"column":20},"end":{"line":92,"column":29}},{"start":{"line":92,"column":33},"end":{"line":92,"column":73}}],"line":92},"3":{"loc":{"start":{"line":143,"column":27},"end":{"line":143,"column":85}},"type":"binary-expr","locations":[{"start":{"line":143,"column":27},"end":{"line":143,"column":55}},{"start":{"line":143,"column":59},"end":{"line":143,"column":85}}],"line":143},"4":{"loc":{"start":{"line":154,"column":7},"end":{"line":154,"column":83}},"type":"cond-expr","locations":[{"start":{"line":154,"column":42},"end":{"line":154,"column":45}},{"start":{"line":154,"column":48},"end":{"line":154,"column":83}}],"line":154}},"s":{"0":0,"1":0,"2":0,"3":0,"4":0,"5":0,"6":0,"7":0,"8":0,"9":0,"10":0},"f":{"0":0,"1":0,"2":0,"3":0,"4":0,"5":0,"6":0,"7":0,"8":0,"9":0,"10":0},"b":{"0":[0,0],"1":[0,0],"2":[0,0],"3":[0,0],"4":[0,0]},"_coverageSchema":"332fd63041d2c1bcb487cc26dd0d5f7d97098a6c","hash":"3736797e6075fb3faa4ff11424596f1f55220568"}
,"/Users/ignacioferropicon/Projects/Bi-Framework/Bi-Model/sample/full/dataModel/markets.js": {"path":"/Users/ignacioferropicon/Projects/Bi-Framework/Bi-Model/sample/full/dataModel/markets.js","statementMap":{"0":{"start":{"line":29,"column":27},"end":{"line":29,"column":45}}},"fnMap":{"0":{"name":"(anonymous_0)","decl":{"start":{"line":29,"column":21},"end":{"line":29,"column":22}},"loc":{"start":{"line":29,"column":27},"end":{"line":29,"column":45}},"line":29}},"branchMap":{},"s":{"0":0},"f":{"0":0},"b":{},"_coverageSchema":"332fd63041d2c1bcb487cc26dd0d5f7d97098a6c","hash":"86fba6bcfae719e8a9fe70c643ef14c96934115f"}
,"/Users/ignacioferropicon/Projects/Bi-Framework/Bi-Model/sample/full/dataModel/skills.js": {"path":"/Users/ignacioferropicon/Projects/Bi-Framework/Bi-Model/sample/full/dataModel/skills.js","statementMap":{"0":{"start":{"line":29,"column":27},"end":{"line":29,"column":47}}},"fnMap":{"0":{"name":"(anonymous_0)","decl":{"start":{"line":29,"column":21},"end":{"line":29,"column":22}},"loc":{"start":{"line":29,"column":27},"end":{"line":29,"column":47}},"line":29}},"branchMap":{},"s":{"0":0},"f":{"0":0},"b":{},"_coverageSchema":"332fd63041d2c1bcb487cc26dd0d5f7d97098a6c","hash":"1e3c7d2e9385e45cb1313e0e238597b4c7747441"}
,"/Users/ignacioferropicon/Projects/Bi-Framework/Bi-Model/sample/full/dataModel/users.js": {"path":"/Users/ignacioferropicon/Projects/Bi-Framework/Bi-Model/sample/full/dataModel/users.js","statementMap":{"0":{"start":{"line":26,"column":23},"end":{"line":26,"column":33}},"1":{"start":{"line":34,"column":23},"end":{"line":34,"column":33}},"2":{"start":{"line":43,"column":20},"end":{"line":43,"column":73}},"3":{"start":{"line":62,"column":37},"end":{"line":62,"column":65}},"4":{"start":{"line":68,"column":19},"end":{"line":68,"column":29}},"5":{"start":{"line":84,"column":27},"end":{"line":84,"column":85}},"6":{"start":{"line":88,"column":36},"end":{"line":88,"column":67}},"7":{"start":{"line":95,"column":7},"end":{"line":95,"column":83}}},"fnMap":{"0":{"name":"(anonymous_0)","decl":{"start":{"line":26,"column":16},"end":{"line":26,"column":17}},"loc":{"start":{"line":26,"column":23},"end":{"line":26,"column":33}},"line":26},"1":{"name":"(anonymous_1)","decl":{"start":{"line":34,"column":16},"end":{"line":34,"column":17}},"loc":{"start":{"line":34,"column":23},"end":{"line":34,"column":33}},"line":34},"2":{"name":"(anonymous_2)","decl":{"start":{"line":43,"column":13},"end":{"line":43,"column":14}},"loc":{"start":{"line":43,"column":20},"end":{"line":43,"column":73}},"line":43},"3":{"name":"(anonymous_3)","decl":{"start":{"line":62,"column":30},"end":{"line":62,"column":31}},"loc":{"start":{"line":62,"column":37},"end":{"line":62,"column":65}},"line":62},"4":{"name":"(anonymous_4)","decl":{"start":{"line":68,"column":13},"end":{"line":68,"column":14}},"loc":{"start":{"line":68,"column":19},"end":{"line":68,"column":29}},"line":68},"5":{"name":"(anonymous_5)","decl":{"start":{"line":84,"column":12},"end":{"line":84,"column":13}},"loc":{"start":{"line":84,"column":27},"end":{"line":84,"column":85}},"line":84},"6":{"name":"(anonymous_6)","decl":{"start":{"line":88,"column":20},"end":{"line":88,"column":21}},"loc":{"start":{"line":88,"column":36},"end":{"line":88,"column":67}},"line":88},"7":{"name":"(anonymous_7)","decl":{"start":{"line":94,"column":14},"end":{"line":94,"column":15}},"loc":{"start":{"line":95,"column":7},"end":{"line":95,"column":83}},"line":95}},"branchMap":{"0":{"loc":{"start":{"line":43,"column":20},"end":{"line":43,"column":73}},"type":"binary-expr","locations":[{"start":{"line":43,"column":20},"end":{"line":43,"column":29}},{"start":{"line":43,"column":33},"end":{"line":43,"column":73}}],"line":43},"1":{"loc":{"start":{"line":84,"column":27},"end":{"line":84,"column":85}},"type":"binary-expr","locations":[{"start":{"line":84,"column":27},"end":{"line":84,"column":55}},{"start":{"line":84,"column":59},"end":{"line":84,"column":85}}],"line":84},"2":{"loc":{"start":{"line":95,"column":7},"end":{"line":95,"column":83}},"type":"cond-expr","locations":[{"start":{"line":95,"column":42},"end":{"line":95,"column":45}},{"start":{"line":95,"column":48},"end":{"line":95,"column":83}}],"line":95}},"s":{"0":0,"1":0,"2":0,"3":0,"4":0,"5":0,"6":0,"7":0},"f":{"0":0,"1":0,"2":0,"3":0,"4":0,"5":0,"6":0,"7":0},"b":{"0":[0,0],"1":[0,0],"2":[0,0]},"_coverageSchema":"332fd63041d2c1bcb487cc26dd0d5f7d97098a6c","hash":"24e5794c538508e4a477d2d693f6ac1afb6965ed"}
,"/Users/ignacioferropicon/Projects/Bi-Framework/Bi-Model/src/config/settings.js": {"path":"/Users/ignacioferropicon/Projects/Bi-Framework/Bi-Model/src/config/settings.js","statementMap":{"0":{"start":{"line":3,"column":24},"end":{"line":3,"column":94}},"1":{"start":{"line":5,"column":0},"end":{"line":9,"column":2}},"2":{"start":{"line":6,"column":2},"end":{"line":8,"column":5}},"3":{"start":{"line":7,"column":4},"end":{"line":7,"column":52}}},"fnMap":{"0":{"name":"(anonymous_0)","decl":{"start":{"line":5,"column":30},"end":{"line":5,"column":31}},"loc":{"start":{"line":5,"column":47},"end":{"line":9,"column":1}},"line":5},"1":{"name":"(anonymous_1)","decl":{"start":{"line":6,"column":35},"end":{"line":6,"column":36}},"loc":{"start":{"line":6,"column":48},"end":{"line":8,"column":3}},"line":6}},"branchMap":{"0":{"loc":{"start":{"line":3,"column":52},"end":{"line":3,"column":92}},"type":"binary-expr","locations":[{"start":{"line":3,"column":52},"end":{"line":3,"column":68}},{"start":{"line":3,"column":72},"end":{"line":3,"column":92}}],"line":3}},"s":{"0":7,"1":7,"2":0,"3":0},"f":{"0":0,"1":0},"b":{"0":[7,7]},"_coverageSchema":"332fd63041d2c1bcb487cc26dd0d5f7d97098a6c","hash":"771977ca4e31cb751b2bd3eb3d496832c74a5f2b"}
,"/Users/ignacioferropicon/Projects/Bi-Framework/Bi-Model/src/enums/gender.js": {"path":"/Users/ignacioferropicon/Projects/Bi-Framework/Bi-Model/src/enums/gender.js","statementMap":{},"fnMap":{},"branchMap":{},"s":{},"f":{},"b":{},"_coverageSchema":"332fd63041d2c1bcb487cc26dd0d5f7d97098a6c","hash":"bf8b24f967f63122cbd3a44727ab91a316d5e371"}
,"/Users/ignacioferropicon/Projects/Bi-Framework/Bi-Model/src/fieldTypes/NIFCIF.js": {"path":"/Users/ignacioferropicon/Projects/Bi-Framework/Bi-Model/src/fieldTypes/NIFCIF.js","statementMap":{"0":{"start":{"line":4,"column":23},"end":{"line":4,"column":42}}},"fnMap":{"0":{"name":"(anonymous_0)","decl":{"start":{"line":4,"column":17},"end":{"line":4,"column":18}},"loc":{"start":{"line":4,"column":23},"end":{"line":4,"column":42}},"line":4}},"branchMap":{},"s":{"0":2},"f":{"0":2},"b":{},"_coverageSchema":"332fd63041d2c1bcb487cc26dd0d5f7d97098a6c","hash":"aa3e2c6287a8bf3b91332e7fa5616e2d69aa5e93"}
,"/Users/ignacioferropicon/Projects/Bi-Framework/Bi-Model/src/fieldTypes/boolean.js": {"path":"/Users/ignacioferropicon/Projects/Bi-Framework/Bi-Model/src/fieldTypes/boolean.js","statementMap":{"0":{"start":{"line":4,"column":23},"end":{"line":4,"column":45}}},"fnMap":{"0":{"name":"(anonymous_0)","decl":{"start":{"line":4,"column":17},"end":{"line":4,"column":18}},"loc":{"start":{"line":4,"column":23},"end":{"line":4,"column":45}},"line":4}},"branchMap":{},"s":{"0":2},"f":{"0":2},"b":{},"_coverageSchema":"332fd63041d2c1bcb487cc26dd0d5f7d97098a6c","hash":"c2eb964c8576dfd7499d53ea33f43f7312b57b26"}
,"/Users/ignacioferropicon/Projects/Bi-Framework/Bi-Model/src/fieldTypes/cityName.js": {"path":"/Users/ignacioferropicon/Projects/Bi-Framework/Bi-Model/src/fieldTypes/cityName.js","statementMap":{"0":{"start":{"line":4,"column":23},"end":{"line":4,"column":43}}},"fnMap":{"0":{"name":"(anonymous_0)","decl":{"start":{"line":4,"column":17},"end":{"line":4,"column":18}},"loc":{"start":{"line":4,"column":23},"end":{"line":4,"column":43}},"line":4}},"branchMap":{},"s":{"0":2},"f":{"0":2},"b":{},"_coverageSchema":"332fd63041d2c1bcb487cc26dd0d5f7d97098a6c","hash":"2d76e8db1af818eeffa88e45ae21bbf45bc88a60"}
,"/Users/ignacioferropicon/Projects/Bi-Framework/Bi-Model/src/fieldTypes/companyName.js": {"path":"/Users/ignacioferropicon/Projects/Bi-Framework/Bi-Model/src/fieldTypes/companyName.js","statementMap":{"0":{"start":{"line":4,"column":23},"end":{"line":4,"column":50}}},"fnMap":{"0":{"name":"(anonymous_0)","decl":{"start":{"line":4,"column":17},"end":{"line":4,"column":18}},"loc":{"start":{"line":4,"column":23},"end":{"line":4,"column":50}},"line":4}},"branchMap":{},"s":{"0":1},"f":{"0":1},"b":{},"_coverageSchema":"332fd63041d2c1bcb487cc26dd0d5f7d97098a6c","hash":"77ddb56f820af8cb234125d07142bf88a8f6978f"}
,"/Users/ignacioferropicon/Projects/Bi-Framework/Bi-Model/src/fieldTypes/countryName.js": {"path":"/Users/ignacioferropicon/Projects/Bi-Framework/Bi-Model/src/fieldTypes/countryName.js","statementMap":{"0":{"start":{"line":4,"column":23},"end":{"line":4,"column":43}}},"fnMap":{"0":{"name":"(anonymous_0)","decl":{"start":{"line":4,"column":17},"end":{"line":4,"column":18}},"loc":{"start":{"line":4,"column":23},"end":{"line":4,"column":43}},"line":4}},"branchMap":{},"s":{"0":2},"f":{"0":2},"b":{},"_coverageSchema":"332fd63041d2c1bcb487cc26dd0d5f7d97098a6c","hash":"0dcf6800a42258c69188f42f853678ea6b9a81b1"}
,"/Users/ignacioferropicon/Projects/Bi-Framework/Bi-Model/src/fieldTypes/dateTime.js": {"path":"/Users/ignacioferropicon/Projects/Bi-Framework/Bi-Model/src/fieldTypes/dateTime.js","statementMap":{"0":{"start":{"line":3,"column":18},"end":{"line":3,"column":28}},"1":{"start":{"line":4,"column":0},"end":{"line":4,"column":51}},"2":{"start":{"line":5,"column":16},"end":{"line":5,"column":26}},"3":{"start":{"line":6,"column":0},"end":{"line":6,"column":49}},"4":{"start":{"line":10,"column":4},"end":{"line":10,"column":78}}},"fnMap":{"0":{"name":"(anonymous_0)","decl":{"start":{"line":9,"column":17},"end":{"line":9,"column":18}},"loc":{"start":{"line":10,"column":4},"end":{"line":10,"column":78}},"line":10}},"branchMap":{"0":{"loc":{"start":{"line":10,"column":23},"end":{"line":10,"column":50}},"type":"binary-expr","locations":[{"start":{"line":10,"column":23},"end":{"line":10,"column":37}},{"start":{"line":10,"column":41},"end":{"line":10,"column":50}}],"line":10},"1":{"loc":{"start":{"line":10,"column":52},"end":{"line":10,"column":77}},"type":"binary-expr","locations":[{"start":{"line":10,"column":52},"end":{"line":10,"column":66}},{"start":{"line":10,"column":70},"end":{"line":10,"column":77}}],"line":10}},"s":{"0":7,"1":7,"2":7,"3":7,"4":2},"f":{"0":2},"b":{"0":[2,2],"1":[2,2]},"_coverageSchema":"332fd63041d2c1bcb487cc26dd0d5f7d97098a6c","hash":"c1277f551d9a8731d8c77bf551298b6c7c05b213"}
,"/Users/ignacioferropicon/Projects/Bi-Framework/Bi-Model/src/fieldTypes/ean.js": {"path":"/Users/ignacioferropicon/Projects/Bi-Framework/Bi-Model/src/fieldTypes/ean.js","statementMap":{"0":{"start":{"line":3,"column":22},"end":{"line":3,"column":58}},"1":{"start":{"line":3,"column":28},"end":{"line":3,"column":58}},"2":{"start":{"line":7,"column":17},"end":{"line":7,"column":70}},"3":{"start":{"line":7,"column":49},"end":{"line":7,"column":69}},"4":{"start":{"line":8,"column":21},"end":{"line":8,"column":39}},"5":{"start":{"line":9,"column":21},"end":{"line":9,"column":45}},"6":{"start":{"line":10,"column":4},"end":{"line":10,"column":20}},"7":{"start":{"line":15,"column":22},"end":{"line":15,"column":40}}},"fnMap":{"0":{"name":"(anonymous_0)","decl":{"start":{"line":3,"column":22},"end":{"line":3,"column":23}},"loc":{"start":{"line":3,"column":28},"end":{"line":3,"column":58}},"line":3},"1":{"name":"(anonymous_1)","decl":{"start":{"line":6,"column":17},"end":{"line":6,"column":18}},"loc":{"start":{"line":6,"column":23},"end":{"line":11,"column":3}},"line":6},"2":{"name":"(anonymous_2)","decl":{"start":{"line":7,"column":43},"end":{"line":7,"column":44}},"loc":{"start":{"line":7,"column":49},"end":{"line":7,"column":69}},"line":7},"3":{"name":"(anonymous_3)","decl":{"start":{"line":15,"column":13},"end":{"line":15,"column":14}},"loc":{"start":{"line":15,"column":22},"end":{"line":15,"column":40}},"line":15}},"branchMap":{},"s":{"0":7,"1":24,"2":2,"3":24,"4":2,"5":2,"6":2,"7":1},"f":{"0":24,"1":2,"2":24,"3":1},"b":{},"_coverageSchema":"332fd63041d2c1bcb487cc26dd0d5f7d97098a6c","hash":"7662f1e71398e3c14caeccbd287bb23a26c59895"}
,"/Users/ignacioferropicon/Projects/Bi-Framework/Bi-Model/src/fieldTypes/email.js": {"path":"/Users/ignacioferropicon/Projects/Bi-Framework/Bi-Model/src/fieldTypes/email.js","statementMap":{"0":{"start":{"line":4,"column":23},"end":{"line":4,"column":45}},"1":{"start":{"line":6,"column":4},"end":{"line":8,"column":5}}},"fnMap":{"0":{"name":"(anonymous_0)","decl":{"start":{"line":4,"column":17},"end":{"line":4,"column":18}},"loc":{"start":{"line":4,"column":23},"end":{"line":4,"column":45}},"line":4},"1":{"name":"(anonymous_1)","decl":{"start":{"line":5,"column":13},"end":{"line":5,"column":14}},"loc":{"start":{"line":6,"column":4},"end":{"line":8,"column":5}},"line":6}},"branchMap":{},"s":{"0":3,"1":3},"f":{"0":3,"1":3},"b":{},"_coverageSchema":"332fd63041d2c1bcb487cc26dd0d5f7d97098a6c","hash":"ca442b8940fc5b996e6b650426ef8639501550b3"}
,"/Users/ignacioferropicon/Projects/Bi-Framework/Bi-Model/src/fieldTypes/enum.js": {"path":"/Users/ignacioferropicon/Projects/Bi-Framework/Bi-Model/src/fieldTypes/enum.js","statementMap":{"0":{"start":{"line":2,"column":26},"end":{"line":2,"column":87}},"1":{"start":{"line":4,"column":24},"end":{"line":4,"column":38}},"2":{"start":{"line":6,"column":31},"end":{"line":6,"column":65}}},"fnMap":{"0":{"name":"(anonymous_0)","decl":{"start":{"line":2,"column":17},"end":{"line":2,"column":18}},"loc":{"start":{"line":2,"column":26},"end":{"line":2,"column":87}},"line":2},"1":{"name":"(anonymous_1)","decl":{"start":{"line":4,"column":15},"end":{"line":4,"column":16}},"loc":{"start":{"line":4,"column":24},"end":{"line":4,"column":38}},"line":4},"2":{"name":"(anonymous_2)","decl":{"start":{"line":6,"column":13},"end":{"line":6,"column":14}},"loc":{"start":{"line":6,"column":31},"end":{"line":6,"column":65}},"line":6}},"branchMap":{},"s":{"0":2,"1":6,"2":1},"f":{"0":2,"1":6,"2":1},"b":{},"_coverageSchema":"332fd63041d2c1bcb487cc26dd0d5f7d97098a6c","hash":"187b21d388a3c375acde046e2df7f6b29a21bbbd"}
,"/Users/ignacioferropicon/Projects/Bi-Framework/Bi-Model/src/fieldTypes/firstName.js": {"path":"/Users/ignacioferropicon/Projects/Bi-Framework/Bi-Model/src/fieldTypes/firstName.js","statementMap":{"0":{"start":{"line":4,"column":23},"end":{"line":4,"column":45}}},"fnMap":{"0":{"name":"(anonymous_0)","decl":{"start":{"line":4,"column":17},"end":{"line":4,"column":18}},"loc":{"start":{"line":4,"column":23},"end":{"line":4,"column":45}},"line":4}},"branchMap":{},"s":{"0":2},"f":{"0":2},"b":{},"_coverageSchema":"332fd63041d2c1bcb487cc26dd0d5f7d97098a6c","hash":"f7eec92b9fe27370641cfb36abc488191131c4fb"}
,"/Users/ignacioferropicon/Projects/Bi-Framework/Bi-Model/src/fieldTypes/float.js": {"path":"/Users/ignacioferropicon/Projects/Bi-Framework/Bi-Model/src/fieldTypes/float.js","statementMap":{"0":{"start":{"line":1,"column":17},"end":{"line":1,"column":28}},"1":{"start":{"line":2,"column":17},"end":{"line":2,"column":27}},"2":{"start":{"line":6,"column":16},"end":{"line":6,"column":42}},"3":{"start":{"line":7,"column":16},"end":{"line":7,"column":42}},"4":{"start":{"line":8,"column":18},"end":{"line":8,"column":27}},"5":{"start":{"line":9,"column":17},"end":{"line":9,"column":38}},"6":{"start":{"line":10,"column":4},"end":{"line":10,"column":22}}},"fnMap":{"0":{"name":"(anonymous_0)","decl":{"start":{"line":5,"column":17},"end":{"line":5,"column":18}},"loc":{"start":{"line":5,"column":28},"end":{"line":11,"column":3}},"line":5}},"branchMap":{"0":{"loc":{"start":{"line":6,"column":16},"end":{"line":6,"column":42}},"type":"binary-expr","locations":[{"start":{"line":6,"column":16},"end":{"line":6,"column":30}},{"start":{"line":6,"column":34},"end":{"line":6,"column":42}}],"line":6},"1":{"loc":{"start":{"line":7,"column":16},"end":{"line":7,"column":42}},"type":"binary-expr","locations":[{"start":{"line":7,"column":16},"end":{"line":7,"column":30}},{"start":{"line":7,"column":34},"end":{"line":7,"column":42}}],"line":7}},"s":{"0":7,"1":7,"2":1,"3":1,"4":1,"5":1,"6":1},"f":{"0":1},"b":{"0":[1,1],"1":[1,1]},"_coverageSchema":"332fd63041d2c1bcb487cc26dd0d5f7d97098a6c","hash":"ee7f859d7341b7f53c8b3f5671491697ae2cc798"}
,"/Users/ignacioferropicon/Projects/Bi-Framework/Bi-Model/src/fieldTypes/image.js": {"path":"/Users/ignacioferropicon/Projects/Bi-Framework/Bi-Model/src/fieldTypes/image.js","statementMap":{"0":{"start":{"line":4,"column":23},"end":{"line":4,"column":45}}},"fnMap":{"0":{"name":"(anonymous_0)","decl":{"start":{"line":4,"column":17},"end":{"line":4,"column":18}},"loc":{"start":{"line":4,"column":23},"end":{"line":4,"column":45}},"line":4}},"branchMap":{},"s":{"0":2},"f":{"0":2},"b":{},"_coverageSchema":"332fd63041d2c1bcb487cc26dd0d5f7d97098a6c","hash":"2136db99529ffd2fcd8bb6e6248a2842f91f52c6"}
,"/Users/ignacioferropicon/Projects/Bi-Framework/Bi-Model/src/fieldTypes/index.js": {"path":"/Users/ignacioferropicon/Projects/Bi-Framework/Bi-Model/src/fieldTypes/index.js","statementMap":{},"fnMap":{},"branchMap":{},"s":{},"f":{},"b":{},"_coverageSchema":"332fd63041d2c1bcb487cc26dd0d5f7d97098a6c","hash":"40fb76de685fd4289c133c3adb979087092f9ec6"}
,"/Users/ignacioferropicon/Projects/Bi-Framework/Bi-Model/src/fieldTypes/int.js": {"path":"/Users/ignacioferropicon/Projects/Bi-Framework/Bi-Model/src/fieldTypes/int.js","statementMap":{"0":{"start":{"line":1,"column":17},"end":{"line":1,"column":28}},"1":{"start":{"line":2,"column":17},"end":{"line":2,"column":27}},"2":{"start":{"line":6,"column":16},"end":{"line":6,"column":42}},"3":{"start":{"line":7,"column":16},"end":{"line":7,"column":42}},"4":{"start":{"line":8,"column":18},"end":{"line":8,"column":27}},"5":{"start":{"line":9,"column":17},"end":{"line":9,"column":50}},"6":{"start":{"line":10,"column":4},"end":{"line":10,"column":22}}},"fnMap":{"0":{"name":"(anonymous_0)","decl":{"start":{"line":5,"column":17},"end":{"line":5,"column":18}},"loc":{"start":{"line":5,"column":28},"end":{"line":11,"column":3}},"line":5}},"branchMap":{"0":{"loc":{"start":{"line":6,"column":16},"end":{"line":6,"column":42}},"type":"binary-expr","locations":[{"start":{"line":6,"column":16},"end":{"line":6,"column":30}},{"start":{"line":6,"column":34},"end":{"line":6,"column":42}}],"line":6},"1":{"loc":{"start":{"line":7,"column":16},"end":{"line":7,"column":42}},"type":"binary-expr","locations":[{"start":{"line":7,"column":16},"end":{"line":7,"column":30}},{"start":{"line":7,"column":34},"end":{"line":7,"column":42}}],"line":7}},"s":{"0":7,"1":7,"2":1,"3":1,"4":1,"5":1,"6":1},"f":{"0":1},"b":{"0":[1,1],"1":[1,1]},"_coverageSchema":"332fd63041d2c1bcb487cc26dd0d5f7d97098a6c","hash":"62cf0500ab6027e06a499890987bb3887882fafd"}
,"/Users/ignacioferropicon/Projects/Bi-Framework/Bi-Model/src/fieldTypes/lastName.js": {"path":"/Users/ignacioferropicon/Projects/Bi-Framework/Bi-Model/src/fieldTypes/lastName.js","statementMap":{"0":{"start":{"line":4,"column":23},"end":{"line":4,"column":44}}},"fnMap":{"0":{"name":"(anonymous_0)","decl":{"start":{"line":4,"column":17},"end":{"line":4,"column":18}},"loc":{"start":{"line":4,"column":23},"end":{"line":4,"column":44}},"line":4}},"branchMap":{},"s":{"0":2},"f":{"0":2},"b":{},"_coverageSchema":"332fd63041d2c1bcb487cc26dd0d5f7d97098a6c","hash":"6e43accc7ee803bb71d1746b6fa3f7d075fe0ed0"}
,"/Users/ignacioferropicon/Projects/Bi-Framework/Bi-Model/src/fieldTypes/manyToManyReference.js": {"path":"/Users/ignacioferropicon/Projects/Bi-Framework/Bi-Model/src/fieldTypes/manyToManyReference.js","statementMap":{"0":{"start":{"line":6,"column":4},"end":{"line":7,"column":36}},"1":{"start":{"line":6,"column":37},"end":{"line":6,"column":99}},"2":{"start":{"line":10,"column":4},"end":{"line":18,"column":6}},"3":{"start":{"line":12,"column":6},"end":{"line":17,"column":9}},"4":{"start":{"line":13,"column":8},"end":{"line":15,"column":9}},"5":{"start":{"line":14,"column":10},"end":{"line":14,"column":22}},"6":{"start":{"line":16,"column":8},"end":{"line":16,"column":28}},"7":{"start":{"line":19,"column":24},"end":{"line":19,"column":69}},"8":{"start":{"line":24,"column":34},"end":{"line":24,"column":92}},"9":{"start":{"line":24,"column":55},"end":{"line":24,"column":91}},"10":{"start":{"line":30,"column":27},"end":{"line":32,"column":9}},"11":{"start":{"line":31,"column":20},"end":{"line":31,"column":82}},"12":{"start":{"line":33,"column":8},"end":{"line":35,"column":9}},"13":{"start":{"line":34,"column":10},"end":{"line":34,"column":43}},"14":{"start":{"line":36,"column":8},"end":{"line":36,"column":21}}},"fnMap":{"0":{"name":"(anonymous_0)","decl":{"start":{"line":5,"column":15},"end":{"line":5,"column":16}},"loc":{"start":{"line":6,"column":4},"end":{"line":7,"column":36}},"line":6},"1":{"name":"(anonymous_1)","decl":{"start":{"line":6,"column":27},"end":{"line":6,"column":28}},"loc":{"start":{"line":6,"column":37},"end":{"line":6,"column":99}},"line":6},"2":{"name":"(anonymous_2)","decl":{"start":{"line":9,"column":17},"end":{"line":9,"column":18}},"loc":{"start":{"line":10,"column":4},"end":{"line":18,"column":6}},"line":10},"3":{"name":"(anonymous_3)","decl":{"start":{"line":10,"column":16},"end":{"line":10,"column":17}},"loc":{"start":{"line":10,"column":37},"end":{"line":18,"column":5}},"line":10},"4":{"name":"(anonymous_4)","decl":{"start":{"line":12,"column":82},"end":{"line":12,"column":83}},"loc":{"start":{"line":12,"column":99},"end":{"line":17,"column":7}},"line":12},"5":{"name":"(anonymous_5)","decl":{"start":{"line":19,"column":15},"end":{"line":19,"column":16}},"loc":{"start":{"line":19,"column":24},"end":{"line":19,"column":69}},"line":19},"6":{"name":"(anonymous_6)","decl":{"start":{"line":24,"column":13},"end":{"line":24,"column":14}},"loc":{"start":{"line":24,"column":34},"end":{"line":24,"column":92}},"line":24},"7":{"name":"(anonymous_7)","decl":{"start":{"line":24,"column":45},"end":{"line":24,"column":46}},"loc":{"start":{"line":24,"column":55},"end":{"line":24,"column":91}},"line":24},"8":{"name":"(anonymous_8)","decl":{"start":{"line":29,"column":13},"end":{"line":29,"column":14}},"loc":{"start":{"line":29,"column":38},"end":{"line":37,"column":7}},"line":29},"9":{"name":"(anonymous_9)","decl":{"start":{"line":31,"column":10},"end":{"line":31,"column":11}},"loc":{"start":{"line":31,"column":20},"end":{"line":31,"column":82}},"line":31}},"branchMap":{"0":{"loc":{"start":{"line":13,"column":8},"end":{"line":15,"column":9}},"type":"if","locations":[{"start":{"line":13,"column":8},"end":{"line":15,"column":9}},{"start":{"line":13,"column":8},"end":{"line":15,"column":9}}],"line":13},"1":{"loc":{"start":{"line":33,"column":8},"end":{"line":35,"column":9}},"type":"if","locations":[{"start":{"line":33,"column":8},"end":{"line":35,"column":9}},{"start":{"line":33,"column":8},"end":{"line":35,"column":9}}],"line":33}},"s":{"0":24,"1":48,"2":0,"3":0,"4":0,"5":0,"6":0,"7":0,"8":0,"9":0,"10":0,"11":0,"12":0,"13":0,"14":0},"f":{"0":24,"1":48,"2":0,"3":0,"4":0,"5":0,"6":0,"7":0,"8":0,"9":0},"b":{"0":[0,0],"1":[0,0]},"_coverageSchema":"332fd63041d2c1bcb487cc26dd0d5f7d97098a6c","hash":"617358580ba4669f6f80d4a63db53e1810425320"}
,"/Users/ignacioferropicon/Projects/Bi-Framework/Bi-Model/src/fieldTypes/manyToOneReference.js": {"path":"/Users/ignacioferropicon/Projects/Bi-Framework/Bi-Model/src/fieldTypes/manyToOneReference.js","statementMap":{"0":{"start":{"line":6,"column":4},"end":{"line":7,"column":36}},"1":{"start":{"line":6,"column":37},"end":{"line":6,"column":99}},"2":{"start":{"line":10,"column":4},"end":{"line":18,"column":6}},"3":{"start":{"line":12,"column":6},"end":{"line":17,"column":9}},"4":{"start":{"line":13,"column":8},"end":{"line":15,"column":9}},"5":{"start":{"line":14,"column":10},"end":{"line":14,"column":22}},"6":{"start":{"line":16,"column":8},"end":{"line":16,"column":28}},"7":{"start":{"line":19,"column":24},"end":{"line":19,"column":69}},"8":{"start":{"line":24,"column":34},"end":{"line":24,"column":92}},"9":{"start":{"line":24,"column":55},"end":{"line":24,"column":91}},"10":{"start":{"line":30,"column":27},"end":{"line":32,"column":9}},"11":{"start":{"line":31,"column":20},"end":{"line":31,"column":82}},"12":{"start":{"line":33,"column":8},"end":{"line":35,"column":9}},"13":{"start":{"line":34,"column":10},"end":{"line":34,"column":43}},"14":{"start":{"line":36,"column":8},"end":{"line":36,"column":21}}},"fnMap":{"0":{"name":"(anonymous_0)","decl":{"start":{"line":5,"column":15},"end":{"line":5,"column":16}},"loc":{"start":{"line":6,"column":4},"end":{"line":7,"column":36}},"line":6},"1":{"name":"(anonymous_1)","decl":{"start":{"line":6,"column":27},"end":{"line":6,"column":28}},"loc":{"start":{"line":6,"column":37},"end":{"line":6,"column":99}},"line":6},"2":{"name":"(anonymous_2)","decl":{"start":{"line":9,"column":17},"end":{"line":9,"column":18}},"loc":{"start":{"line":10,"column":4},"end":{"line":18,"column":6}},"line":10},"3":{"name":"(anonymous_3)","decl":{"start":{"line":10,"column":16},"end":{"line":10,"column":17}},"loc":{"start":{"line":10,"column":37},"end":{"line":18,"column":5}},"line":10},"4":{"name":"(anonymous_4)","decl":{"start":{"line":12,"column":82},"end":{"line":12,"column":83}},"loc":{"start":{"line":12,"column":99},"end":{"line":17,"column":7}},"line":12},"5":{"name":"(anonymous_5)","decl":{"start":{"line":19,"column":15},"end":{"line":19,"column":16}},"loc":{"start":{"line":19,"column":24},"end":{"line":19,"column":69}},"line":19},"6":{"name":"(anonymous_6)","decl":{"start":{"line":24,"column":13},"end":{"line":24,"column":14}},"loc":{"start":{"line":24,"column":34},"end":{"line":24,"column":92}},"line":24},"7":{"name":"(anonymous_7)","decl":{"start":{"line":24,"column":45},"end":{"line":24,"column":46}},"loc":{"start":{"line":24,"column":55},"end":{"line":24,"column":91}},"line":24},"8":{"name":"(anonymous_8)","decl":{"start":{"line":29,"column":13},"end":{"line":29,"column":14}},"loc":{"start":{"line":29,"column":38},"end":{"line":37,"column":7}},"line":29},"9":{"name":"(anonymous_9)","decl":{"start":{"line":31,"column":10},"end":{"line":31,"column":11}},"loc":{"start":{"line":31,"column":20},"end":{"line":31,"column":82}},"line":31}},"branchMap":{"0":{"loc":{"start":{"line":13,"column":8},"end":{"line":15,"column":9}},"type":"if","locations":[{"start":{"line":13,"column":8},"end":{"line":15,"column":9}},{"start":{"line":13,"column":8},"end":{"line":15,"column":9}}],"line":13},"1":{"loc":{"start":{"line":33,"column":8},"end":{"line":35,"column":9}},"type":"if","locations":[{"start":{"line":33,"column":8},"end":{"line":35,"column":9}},{"start":{"line":33,"column":8},"end":{"line":35,"column":9}}],"line":33}},"s":{"0":6,"1":6,"2":0,"3":0,"4":0,"5":0,"6":0,"7":0,"8":0,"9":0,"10":0,"11":0,"12":0,"13":0,"14":0},"f":{"0":6,"1":6,"2":0,"3":0,"4":0,"5":0,"6":0,"7":0,"8":0,"9":0},"b":{"0":[0,0],"1":[0,0]},"_coverageSchema":"332fd63041d2c1bcb487cc26dd0d5f7d97098a6c","hash":"ee7520d9203f0e560951bf172328274433a7e96d"}
,"/Users/ignacioferropicon/Projects/Bi-Framework/Bi-Model/src/fieldTypes/markdown.js": {"path":"/Users/ignacioferropicon/Projects/Bi-Framework/Bi-Model/src/fieldTypes/markdown.js","statementMap":{"0":{"start":{"line":4,"column":23},"end":{"line":4,"column":47}}},"fnMap":{"0":{"name":"(anonymous_0)","decl":{"start":{"line":4,"column":17},"end":{"line":4,"column":18}},"loc":{"start":{"line":4,"column":23},"end":{"line":4,"column":47}},"line":4}},"branchMap":{},"s":{"0":1},"f":{"0":1},"b":{},"_coverageSchema":"332fd63041d2c1bcb487cc26dd0d5f7d97098a6c","hash":"080e82f1e29075aa0e2c86a968499e7dc687f41f"}
,"/Users/ignacioferropicon/Projects/Bi-Framework/Bi-Model/src/fieldTypes/object.js": {"path":"/Users/ignacioferropicon/Projects/Bi-Framework/Bi-Model/src/fieldTypes/object.js","statementMap":{"0":{"start":{"line":2,"column":38},"end":{"line":2,"column":74}},"1":{"start":{"line":3,"column":24},"end":{"line":3,"column":26}}},"fnMap":{"0":{"name":"(anonymous_0)","decl":{"start":{"line":2,"column":15},"end":{"line":2,"column":16}},"loc":{"start":{"line":2,"column":38},"end":{"line":2,"column":74}},"line":2},"1":{"name":"(anonymous_1)","decl":{"start":{"line":3,"column":17},"end":{"line":3,"column":18}},"loc":{"start":{"line":3,"column":24},"end":{"line":3,"column":26}},"line":3}},"branchMap":{},"s":{"0":7,"1":2},"f":{"0":7,"1":2},"b":{},"_coverageSchema":"332fd63041d2c1bcb487cc26dd0d5f7d97098a6c","hash":"777ec35602c061100329e43f4c67a0f442592f8f"}
,"/Users/ignacioferropicon/Projects/Bi-Framework/Bi-Model/src/fieldTypes/oneToManyReference.js": {"path":"/Users/ignacioferropicon/Projects/Bi-Framework/Bi-Model/src/fieldTypes/oneToManyReference.js","statementMap":{"0":{"start":{"line":5,"column":50},"end":{"line":7,"column":31}},"1":{"start":{"line":6,"column":14},"end":{"line":6,"column":76}},"2":{"start":{"line":11,"column":4},"end":{"line":18,"column":6}},"3":{"start":{"line":12,"column":6},"end":{"line":17,"column":9}},"4":{"start":{"line":13,"column":8},"end":{"line":15,"column":9}},"5":{"start":{"line":14,"column":10},"end":{"line":14,"column":22}},"6":{"start":{"line":16,"column":8},"end":{"line":16,"column":28}},"7":{"start":{"line":19,"column":24},"end":{"line":19,"column":69}}},"fnMap":{"0":{"name":"(anonymous_0)","decl":{"start":{"line":5,"column":15},"end":{"line":5,"column":16}},"loc":{"start":{"line":5,"column":50},"end":{"line":7,"column":31}},"line":5},"1":{"name":"(anonymous_1)","decl":{"start":{"line":6,"column":4},"end":{"line":6,"column":5}},"loc":{"start":{"line":6,"column":14},"end":{"line":6,"column":76}},"line":6},"2":{"name":"(anonymous_2)","decl":{"start":{"line":9,"column":17},"end":{"line":9,"column":18}},"loc":{"start":{"line":11,"column":4},"end":{"line":18,"column":6}},"line":11},"3":{"name":"(anonymous_3)","decl":{"start":{"line":11,"column":16},"end":{"line":11,"column":17}},"loc":{"start":{"line":11,"column":37},"end":{"line":18,"column":5}},"line":11},"4":{"name":"(anonymous_4)","decl":{"start":{"line":12,"column":82},"end":{"line":12,"column":83}},"loc":{"start":{"line":12,"column":99},"end":{"line":17,"column":7}},"line":12},"5":{"name":"(anonymous_5)","decl":{"start":{"line":19,"column":15},"end":{"line":19,"column":16}},"loc":{"start":{"line":19,"column":24},"end":{"line":19,"column":69}},"line":19}},"branchMap":{"0":{"loc":{"start":{"line":13,"column":8},"end":{"line":15,"column":9}},"type":"if","locations":[{"start":{"line":13,"column":8},"end":{"line":15,"column":9}},{"start":{"line":13,"column":8},"end":{"line":15,"column":9}}],"line":13}},"s":{"0":83,"1":367,"2":0,"3":0,"4":0,"5":0,"6":0,"7":1},"f":{"0":83,"1":367,"2":0,"3":0,"4":0,"5":1},"b":{"0":[0,0]},"_coverageSchema":"332fd63041d2c1bcb487cc26dd0d5f7d97098a6c","hash":"58c367014da0df92b69d23343f7b974daf147bb5"}
,"/Users/ignacioferropicon/Projects/Bi-Framework/Bi-Model/src/fieldTypes/phone.js": {"path":"/Users/ignacioferropicon/Projects/Bi-Framework/Bi-Model/src/fieldTypes/phone.js","statementMap":{"0":{"start":{"line":4,"column":23},"end":{"line":4,"column":48}}},"fnMap":{"0":{"name":"(anonymous_0)","decl":{"start":{"line":4,"column":17},"end":{"line":4,"column":18}},"loc":{"start":{"line":4,"column":23},"end":{"line":4,"column":48}},"line":4}},"branchMap":{},"s":{"0":2},"f":{"0":2},"b":{},"_coverageSchema":"332fd63041d2c1bcb487cc26dd0d5f7d97098a6c","hash":"079e80d64158c286fa3782949d51a44a80e4e2c0"}
,"/Users/ignacioferropicon/Projects/Bi-Framework/Bi-Model/src/fieldTypes/productName.js": {"path":"/Users/ignacioferropicon/Projects/Bi-Framework/Bi-Model/src/fieldTypes/productName.js","statementMap":{"0":{"start":{"line":4,"column":23},"end":{"line":4,"column":51}}},"fnMap":{"0":{"name":"(anonymous_0)","decl":{"start":{"line":4,"column":17},"end":{"line":4,"column":18}},"loc":{"start":{"line":4,"column":23},"end":{"line":4,"column":51}},"line":4}},"branchMap":{},"s":{"0":1},"f":{"0":1},"b":{},"_coverageSchema":"332fd63041d2c1bcb487cc26dd0d5f7d97098a6c","hash":"b9dadc4ee1d76a80597652bdc996c9d85f92bb8b"}
,"/Users/ignacioferropicon/Projects/Bi-Framework/Bi-Model/src/fieldTypes/string.js": {"path":"/Users/ignacioferropicon/Projects/Bi-Framework/Bi-Model/src/fieldTypes/string.js","statementMap":{"0":{"start":{"line":4,"column":23},"end":{"line":4,"column":42}}},"fnMap":{"0":{"name":"(anonymous_0)","decl":{"start":{"line":4,"column":17},"end":{"line":4,"column":18}},"loc":{"start":{"line":4,"column":23},"end":{"line":4,"column":42}},"line":4}},"branchMap":{},"s":{"0":2},"f":{"0":2},"b":{},"_coverageSchema":"332fd63041d2c1bcb487cc26dd0d5f7d97098a6c","hash":"773b1d6f730475e586fc7fbf9a423dddadaac80f"}
,"/Users/ignacioferropicon/Projects/Bi-Framework/Bi-Model/src/fieldTypes/text.js": {"path":"/Users/ignacioferropicon/Projects/Bi-Framework/Bi-Model/src/fieldTypes/text.js","statementMap":{"0":{"start":{"line":4,"column":23},"end":{"line":4,"column":47}}},"fnMap":{"0":{"name":"(anonymous_0)","decl":{"start":{"line":4,"column":17},"end":{"line":4,"column":18}},"loc":{"start":{"line":4,"column":23},"end":{"line":4,"column":47}},"line":4}},"branchMap":{},"s":{"0":1},"f":{"0":1},"b":{},"_coverageSchema":"332fd63041d2c1bcb487cc26dd0d5f7d97098a6c","hash":"8f62fde0c154c92ec98fd56acce50105d7e1aaef"}
,"/Users/ignacioferropicon/Projects/Bi-Framework/Bi-Model/src/fieldTypes/url.js": {"path":"/Users/ignacioferropicon/Projects/Bi-Framework/Bi-Model/src/fieldTypes/url.js","statementMap":{"0":{"start":{"line":3,"column":18},"end":{"line":5,"column":1}},"1":{"start":{"line":8,"column":23},"end":{"line":8,"column":43}},"2":{"start":{"line":12,"column":22},"end":{"line":12,"column":43}}},"fnMap":{"0":{"name":"(anonymous_0)","decl":{"start":{"line":8,"column":17},"end":{"line":8,"column":18}},"loc":{"start":{"line":8,"column":23},"end":{"line":8,"column":43}},"line":8},"1":{"name":"(anonymous_1)","decl":{"start":{"line":12,"column":13},"end":{"line":12,"column":14}},"loc":{"start":{"line":12,"column":22},"end":{"line":12,"column":43}},"line":12}},"branchMap":{},"s":{"0":7,"1":2,"2":1},"f":{"0":2,"1":1},"b":{},"_coverageSchema":"332fd63041d2c1bcb487cc26dd0d5f7d97098a6c","hash":"b42f6dff5dd276b57d2d2b0f374ba798e69a405d"}
,"/Users/ignacioferropicon/Projects/Bi-Framework/Bi-Model/src/parser/checkField.js": {"path":"/Users/ignacioferropicon/Projects/Bi-Framework/Bi-Model/src/parser/checkField.js","statementMap":{"0":{"start":{"line":5,"column":27},"end":{"line":29,"column":1}},"1":{"start":{"line":32,"column":21},"end":{"line":32,"column":39}},"2":{"start":{"line":33,"column":19},"end":{"line":33,"column":55}},"3":{"start":{"line":34,"column":18},"end":{"line":34,"column":53}},"4":{"start":{"line":35,"column":15},"end":{"line":35,"column":51}},"5":{"start":{"line":36,"column":2},"end":{"line":44,"column":3}},"6":{"start":{"line":37,"column":4},"end":{"line":37,"column":102}},"7":{"start":{"line":38,"column":9},"end":{"line":44,"column":3}},"8":{"start":{"line":39,"column":4},"end":{"line":39,"column":100}},"9":{"start":{"line":40,"column":9},"end":{"line":44,"column":3}},"10":{"start":{"line":41,"column":4},"end":{"line":43,"column":6}},"11":{"start":{"line":45,"column":2},"end":{"line":55,"column":3}},"12":{"start":{"line":46,"column":25},"end":{"line":46,"column":38}},"13":{"start":{"line":47,"column":4},"end":{"line":51,"column":5}},"14":{"start":{"line":48,"column":6},"end":{"line":50,"column":8}},"15":{"start":{"line":52,"column":4},"end":{"line":54,"column":5}},"16":{"start":{"line":53,"column":6},"end":{"line":53,"column":52}},"17":{"start":{"line":56,"column":29},"end":{"line":56,"column":52}},"18":{"start":{"line":58,"column":2},"end":{"line":72,"column":3}},"19":{"start":{"line":59,"column":29},"end":{"line":59,"column":50}},"20":{"start":{"line":60,"column":4},"end":{"line":64,"column":5}},"21":{"start":{"line":61,"column":6},"end":{"line":63,"column":8}},"22":{"start":{"line":65,"column":31},"end":{"line":65,"column":73}},"23":{"start":{"line":66,"column":20},"end":{"line":66,"column":52}},"24":{"start":{"line":67,"column":4},"end":{"line":71,"column":5}},"25":{"start":{"line":68,"column":6},"end":{"line":70,"column":8}},"26":{"start":{"line":73,"column":2},"end":{"line":73,"column":14}}},"fnMap":{"0":{"name":"checkField","decl":{"start":{"line":31,"column":24},"end":{"line":31,"column":34}},"loc":{"start":{"line":31,"column":74},"end":{"line":74,"column":1}},"line":31}},"branchMap":{"0":{"loc":{"start":{"line":35,"column":15},"end":{"line":35,"column":51}},"type":"cond-expr","locations":[{"start":{"line":35,"column":25},"end":{"line":35,"column":38}},{"start":{"line":35,"column":41},"end":{"line":35,"column":51}}],"line":35},"1":{"loc":{"start":{"line":36,"column":2},"end":{"line":44,"column":3}},"type":"if","locations":[{"start":{"line":36,"column":2},"end":{"line":44,"column":3}},{"start":{"line":36,"column":2},"end":{"line":44,"column":3}}],"line":36},"2":{"loc":{"start":{"line":38,"column":9},"end":{"line":44,"column":3}},"type":"if","locations":[{"start":{"line":38,"column":9},"end":{"line":44,"column":3}},{"start":{"line":38,"column":9},"end":{"line":44,"column":3}}],"line":38},"3":{"loc":{"start":{"line":38,"column":13},"end":{"line":38,"column":34}},"type":"binary-expr","locations":[{"start":{"line":38,"column":13},"end":{"line":38,"column":22}},{"start":{"line":38,"column":26},"end":{"line":38,"column":34}}],"line":38},"4":{"loc":{"start":{"line":40,"column":9},"end":{"line":44,"column":3}},"type":"if","locations":[{"start":{"line":40,"column":9},"end":{"line":44,"column":3}},{"start":{"line":40,"column":9},"end":{"line":44,"column":3}}],"line":40},"5":{"loc":{"start":{"line":47,"column":4},"end":{"line":51,"column":5}},"type":"if","locations":[{"start":{"line":47,"column":4},"end":{"line":51,"column":5}},{"start":{"line":47,"column":4},"end":{"line":51,"column":5}}],"line":47},"6":{"loc":{"start":{"line":52,"column":4},"end":{"line":54,"column":5}},"type":"if","locations":[{"start":{"line":52,"column":4},"end":{"line":54,"column":5}},{"start":{"line":52,"column":4},"end":{"line":54,"column":5}}],"line":52},"7":{"loc":{"start":{"line":60,"column":4},"end":{"line":64,"column":5}},"type":"if","locations":[{"start":{"line":60,"column":4},"end":{"line":64,"column":5}},{"start":{"line":60,"column":4},"end":{"line":64,"column":5}}],"line":60},"8":{"loc":{"start":{"line":67,"column":4},"end":{"line":71,"column":5}},"type":"if","locations":[{"start":{"line":67,"column":4},"end":{"line":71,"column":5}},{"start":{"line":67,"column":4},"end":{"line":71,"column":5}}],"line":67}},"s":{"0":1,"1":34,"2":34,"3":34,"4":34,"5":34,"6":1,"7":33,"8":1,"9":32,"10":1,"11":31,"12":131,"13":131,"14":1,"15":130,"16":2,"17":30,"18":30,"19":11,"20":11,"21":1,"22":10,"23":10,"24":10,"25":1,"26":28},"f":{"0":34},"b":{"0":[3,31],"1":[1,33],"2":[1,32],"3":[33,4],"4":[1,31],"5":[1,130],"6":[2,128],"7":[1,10],"8":[1,9]},"_coverageSchema":"332fd63041d2c1bcb487cc26dd0d5f7d97098a6c","hash":"8e735465a4b0c45f9b8c60ec4f4269bade4f1230"}
,"/Users/ignacioferropicon/Projects/Bi-Framework/Bi-Model/src/parser/generateGraphQLSchema.js": {"path":"/Users/ignacioferropicon/Projects/Bi-Framework/Bi-Model/src/parser/generateGraphQLSchema.js","statementMap":{"0":{"start":{"line":6,"column":2},"end":{"line":8,"column":3}},"1":{"start":{"line":7,"column":4},"end":{"line":7,"column":16}},"2":{"start":{"line":10,"column":20},"end":{"line":10,"column":22}},"3":{"start":{"line":11,"column":2},"end":{"line":11,"column":72}},"4":{"start":{"line":11,"column":25},"end":{"line":11,"column":72}},"5":{"start":{"line":13,"column":2},"end":{"line":19,"column":3}},"6":{"start":{"line":14,"column":4},"end":{"line":14,"column":59}},"7":{"start":{"line":14,"column":32},"end":{"line":14,"column":59}},"8":{"start":{"line":15,"column":19},"end":{"line":15,"column":40}},"9":{"start":{"line":16,"column":4},"end":{"line":18,"column":6}},"10":{"start":{"line":17,"column":36},"end":{"line":17,"column":65}},"11":{"start":{"line":21,"column":2},"end":{"line":34,"column":3}},"12":{"start":{"line":22,"column":18},"end":{"line":29,"column":5}},"13":{"start":{"line":31,"column":4},"end":{"line":33,"column":13}},"14":{"start":{"line":36,"column":16},"end":{"line":43,"column":3}},"15":{"start":{"line":45,"column":2},"end":{"line":45,"column":82}},"16":{"start":{"line":49,"column":17},"end":{"line":53,"column":3}},"17":{"start":{"line":51,"column":6},"end":{"line":51,"column":71}},"18":{"start":{"line":54,"column":2},"end":{"line":54,"column":39}},"19":{"start":{"line":54,"column":32},"end":{"line":54,"column":37}},"20":{"start":{"line":58,"column":17},"end":{"line":58,"column":81}},"21":{"start":{"line":58,"column":56},"end":{"line":58,"column":80}},"22":{"start":{"line":59,"column":2},"end":{"line":59,"column":16}},"23":{"start":{"line":63,"column":2},"end":{"line":65,"column":3}},"24":{"start":{"line":64,"column":4},"end":{"line":64,"column":23}},"25":{"start":{"line":66,"column":2},"end":{"line":66,"column":36}},"26":{"start":{"line":70,"column":17},"end":{"line":70,"column":77}},"27":{"start":{"line":71,"column":14},"end":{"line":71,"column":16}},"28":{"start":{"line":72,"column":2},"end":{"line":77,"column":4}},"29":{"start":{"line":78,"column":2},"end":{"line":80,"column":3}},"30":{"start":{"line":79,"column":4},"end":{"line":79,"column":29}},"31":{"start":{"line":81,"column":2},"end":{"line":81,"column":31}},"32":{"start":{"line":82,"column":2},"end":{"line":82,"column":18}},"33":{"start":{"line":83,"column":2},"end":{"line":83,"column":17}},"34":{"start":{"line":84,"column":2},"end":{"line":84,"column":15}},"35":{"start":{"line":88,"column":15},"end":{"line":88,"column":17}},"36":{"start":{"line":89,"column":24},"end":{"line":89,"column":54}},"37":{"start":{"line":90,"column":2},"end":{"line":95,"column":3}},"38":{"start":{"line":91,"column":4},"end":{"line":91,"column":59}},"39":{"start":{"line":92,"column":4},"end":{"line":92,"column":77}},"40":{"start":{"line":92,"column":58},"end":{"line":92,"column":74}},"41":{"start":{"line":93,"column":4},"end":{"line":93,"column":21}},"42":{"start":{"line":94,"column":4},"end":{"line":94,"column":20}},"43":{"start":{"line":96,"column":2},"end":{"line":96,"column":16}},"44":{"start":{"line":100,"column":14},"end":{"line":100,"column":16}},"45":{"start":{"line":101,"column":2},"end":{"line":133,"column":3}},"46":{"start":{"line":102,"column":4},"end":{"line":102,"column":66}},"47":{"start":{"line":102,"column":28},"end":{"line":102,"column":66}},"48":{"start":{"line":103,"column":4},"end":{"line":103,"column":92}},"49":{"start":{"line":104,"column":4},"end":{"line":107,"column":5}},"50":{"start":{"line":105,"column":6},"end":{"line":105,"column":95}},"51":{"start":{"line":106,"column":6},"end":{"line":106,"column":98}},"52":{"start":{"line":108,"column":21},"end":{"line":108,"column":66}},"53":{"start":{"line":109,"column":4},"end":{"line":109,"column":35}},"54":{"start":{"line":110,"column":16},"end":{"line":110,"column":18}},"55":{"start":{"line":111,"column":4},"end":{"line":113,"column":5}},"56":{"start":{"line":112,"column":6},"end":{"line":112,"column":81}},"57":{"start":{"line":114,"column":4},"end":{"line":114,"column":92}},"58":{"start":{"line":115,"column":4},"end":{"line":117,"column":6}},"59":{"start":{"line":118,"column":4},"end":{"line":122,"column":5}},"60":{"start":{"line":119,"column":6},"end":{"line":121,"column":8}},"61":{"start":{"line":124,"column":4},"end":{"line":128,"column":5}},"62":{"start":{"line":125,"column":6},"end":{"line":127,"column":8}},"63":{"start":{"line":130,"column":4},"end":{"line":132,"column":5}},"64":{"start":{"line":131,"column":6},"end":{"line":131,"column":75}},"65":{"start":{"line":135,"column":2},"end":{"line":135,"column":28}},"66":{"start":{"line":139,"column":16},"end":{"line":139,"column":18}},"67":{"start":{"line":140,"column":31},"end":{"line":140,"column":44}},"68":{"start":{"line":141,"column":2},"end":{"line":141,"column":69}},"69":{"start":{"line":142,"column":15},"end":{"line":142,"column":34}},"70":{"start":{"line":143,"column":20},"end":{"line":143,"column":22}},"71":{"start":{"line":144,"column":23},"end":{"line":144,"column":25}},"72":{"start":{"line":145,"column":2},"end":{"line":158,"column":4}},"73":{"start":{"line":148,"column":29},"end":{"line":154,"column":9}},"74":{"start":{"line":155,"column":8},"end":{"line":155,"column":28}},"75":{"start":{"line":160,"column":2},"end":{"line":160,"column":34}},"76":{"start":{"line":161,"column":2},"end":{"line":161,"column":61}},"77":{"start":{"line":161,"column":47},"end":{"line":161,"column":58}},"78":{"start":{"line":162,"column":2},"end":{"line":162,"column":19}},"79":{"start":{"line":163,"column":2},"end":{"line":163,"column":18}},"80":{"start":{"line":164,"column":2},"end":{"line":164,"column":37}},"81":{"start":{"line":165,"column":2},"end":{"line":165,"column":64}},"82":{"start":{"line":165,"column":50},"end":{"line":165,"column":61}},"83":{"start":{"line":166,"column":2},"end":{"line":166,"column":19}},"84":{"start":{"line":167,"column":2},"end":{"line":167,"column":18}},"85":{"start":{"line":168,"column":2},"end":{"line":168,"column":26}},"86":{"start":{"line":169,"column":2},"end":{"line":169,"column":36}},"87":{"start":{"line":170,"column":2},"end":{"line":170,"column":42}},"88":{"start":{"line":171,"column":2},"end":{"line":171,"column":19}},"89":{"start":{"line":173,"column":2},"end":{"line":180,"column":5}},"90":{"start":{"line":174,"column":20},"end":{"line":174,"column":22}},"91":{"start":{"line":175,"column":4},"end":{"line":175,"column":41}},"92":{"start":{"line":176,"column":4},"end":{"line":176,"column":76}},"93":{"start":{"line":176,"column":62},"end":{"line":176,"column":73}},"94":{"start":{"line":177,"column":4},"end":{"line":177,"column":24}},"95":{"start":{"line":178,"column":4},"end":{"line":178,"column":23}},"96":{"start":{"line":179,"column":4},"end":{"line":179,"column":43}},"97":{"start":{"line":182,"column":2},"end":{"line":182,"column":29}}},"fnMap":{"0":{"name":"getGraphQlField","decl":{"start":{"line":5,"column":15},"end":{"line":5,"column":30}},"loc":{"start":{"line":5,"column":75},"end":{"line":46,"column":1}},"line":5},"1":{"name":"(anonymous_1)","decl":{"start":{"line":17,"column":26},"end":{"line":17,"column":27}},"loc":{"start":{"line":17,"column":36},"end":{"line":17,"column":65}},"line":17},"2":{"name":"getFields","decl":{"start":{"line":48,"column":15},"end":{"line":48,"column":24}},"loc":{"start":{"line":48,"column":63},"end":{"line":55,"column":1}},"line":48},"3":{"name":"(anonymous_3)","decl":{"start":{"line":50,"column":27},"end":{"line":50,"column":28}},"loc":{"start":{"line":51,"column":6},"end":{"line":51,"column":71}},"line":51},"4":{"name":"(anonymous_4)","decl":{"start":{"line":54,"column":23},"end":{"line":54,"column":24}},"loc":{"start":{"line":54,"column":32},"end":{"line":54,"column":37}},"line":54},"5":{"name":"getIndexedFields","decl":{"start":{"line":57,"column":9},"end":{"line":57,"column":25}},"loc":{"start":{"line":57,"column":33},"end":{"line":60,"column":1}},"line":57},"6":{"name":"(anonymous_6)","decl":{"start":{"line":58,"column":43},"end":{"line":58,"column":44}},"loc":{"start":{"line":58,"column":56},"end":{"line":58,"column":80}},"line":58},"7":{"name":"getEntityType","decl":{"start":{"line":62,"column":9},"end":{"line":62,"column":22}},"loc":{"start":{"line":62,"column":40},"end":{"line":67,"column":1}},"line":62},"8":{"name":"generateGraphQLDefinition","decl":{"start":{"line":69,"column":22},"end":{"line":69,"column":47}},"loc":{"start":{"line":69,"column":87},"end":{"line":85,"column":1}},"line":69},"9":{"name":"generateSortEnum","decl":{"start":{"line":87,"column":22},"end":{"line":87,"column":38}},"loc":{"start":{"line":87,"column":47},"end":{"line":97,"column":1}},"line":87},"10":{"name":"(anonymous_10)","decl":{"start":{"line":92,"column":45},"end":{"line":92,"column":46}},"loc":{"start":{"line":92,"column":58},"end":{"line":92,"column":74}},"line":92},"11":{"name":"generateGraphQLEntity","decl":{"start":{"line":99,"column":22},"end":{"line":99,"column":43}},"loc":{"start":{"line":99,"column":99},"end":{"line":136,"column":1}},"line":99},"12":{"name":"generateGraphQLSchema","decl":{"start":{"line":138,"column":22},"end":{"line":138,"column":43}},"loc":{"start":{"line":138,"column":59},"end":{"line":183,"column":1}},"line":138},"13":{"name":"(anonymous_13)","decl":{"start":{"line":147,"column":33},"end":{"line":147,"column":34}},"loc":{"start":{"line":147,"column":51},"end":{"line":156,"column":7}},"line":147},"14":{"name":"(anonymous_14)","decl":{"start":{"line":161,"column":39},"end":{"line":161,"column":40}},"loc":{"start":{"line":161,"column":47},"end":{"line":161,"column":58}},"line":161},"15":{"name":"(anonymous_15)","decl":{"start":{"line":165,"column":42},"end":{"line":165,"column":43}},"loc":{"start":{"line":165,"column":50},"end":{"line":165,"column":61}},"line":165},"16":{"name":"(anonymous_16)","decl":{"start":{"line":173,"column":29},"end":{"line":173,"column":30}},"loc":{"start":{"line":173,"column":43},"end":{"line":180,"column":3}},"line":173},"17":{"name":"(anonymous_17)","decl":{"start":{"line":176,"column":53},"end":{"line":176,"column":54}},"loc":{"start":{"line":176,"column":62},"end":{"line":176,"column":73}},"line":176}},"branchMap":{"0":{"loc":{"start":{"line":6,"column":2},"end":{"line":8,"column":3}},"type":"if","locations":[{"start":{"line":6,"column":2},"end":{"line":8,"column":3}},{"start":{"line":6,"column":2},"end":{"line":8,"column":3}}],"line":6},"1":{"loc":{"start":{"line":6,"column":6},"end":{"line":6,"column":31}},"type":"binary-expr","locations":[{"start":{"line":6,"column":6},"end":{"line":6,"column":13}},{"start":{"line":6,"column":17},"end":{"line":6,"column":31}}],"line":6},"2":{"loc":{"start":{"line":11,"column":2},"end":{"line":11,"column":72}},"type":"if","locations":[{"start":{"line":11,"column":2},"end":{"line":11,"column":72}},{"start":{"line":11,"column":2},"end":{"line":11,"column":72}}],"line":11},"3":{"loc":{"start":{"line":13,"column":2},"end":{"line":19,"column":3}},"type":"if","locations":[{"start":{"line":13,"column":2},"end":{"line":19,"column":3}},{"start":{"line":13,"column":2},"end":{"line":19,"column":3}}],"line":13},"4":{"loc":{"start":{"line":13,"column":6},"end":{"line":13,"column":35}},"type":"binary-expr","locations":[{"start":{"line":13,"column":6},"end":{"line":13,"column":23}},{"start":{"line":13,"column":27},"end":{"line":13,"column":35}}],"line":13},"5":{"loc":{"start":{"line":14,"column":4},"end":{"line":14,"column":59}},"type":"if","locations":[{"start":{"line":14,"column":4},"end":{"line":14,"column":59}},{"start":{"line":14,"column":4},"end":{"line":14,"column":59}}],"line":14},"6":{"loc":{"start":{"line":21,"column":2},"end":{"line":34,"column":3}},"type":"if","locations":[{"start":{"line":21,"column":2},"end":{"line":34,"column":3}},{"start":{"line":21,"column":2},"end":{"line":34,"column":3}}],"line":21},"7":{"loc":{"start":{"line":31,"column":50},"end":{"line":33,"column":10}},"type":"cond-expr","locations":[{"start":{"line":32,"column":8},"end":{"line":32,"column":11}},{"start":{"line":33,"column":8},"end":{"line":33,"column":10}}],"line":31},"8":{"loc":{"start":{"line":31,"column":50},"end":{"line":31,"column":102}},"type":"binary-expr","locations":[{"start":{"line":31,"column":50},"end":{"line":31,"column":73}},{"start":{"line":31,"column":77},"end":{"line":31,"column":102}}],"line":31},"9":{"loc":{"start":{"line":45,"column":45},"end":{"line":45,"column":79}},"type":"cond-expr","locations":[{"start":{"line":45,"column":71},"end":{"line":45,"column":74}},{"start":{"line":45,"column":77},"end":{"line":45,"column":79}}],"line":45},"10":{"loc":{"start":{"line":63,"column":2},"end":{"line":65,"column":3}},"type":"if","locations":[{"start":{"line":63,"column":2},"end":{"line":65,"column":3}},{"start":{"line":63,"column":2},"end":{"line":65,"column":3}}],"line":63},"11":{"loc":{"start":{"line":66,"column":9},"end":{"line":66,"column":35}},"type":"cond-expr","locations":[{"start":{"line":66,"column":19},"end":{"line":66,"column":26}},{"start":{"line":66,"column":29},"end":{"line":66,"column":35}}],"line":66},"12":{"loc":{"start":{"line":73,"column":76},"end":{"line":76,"column":10}},"type":"cond-expr","locations":[{"start":{"line":75,"column":8},"end":{"line":75,"column":58}},{"start":{"line":76,"column":8},"end":{"line":76,"column":10}}],"line":73},"13":{"loc":{"start":{"line":73,"column":76},"end":{"line":74,"column":21}},"type":"binary-expr","locations":[{"start":{"line":73,"column":76},"end":{"line":73,"column":84}},{"start":{"line":74,"column":4},"end":{"line":74,"column":21}}],"line":73},"14":{"loc":{"start":{"line":78,"column":2},"end":{"line":80,"column":3}},"type":"if","locations":[{"start":{"line":78,"column":2},"end":{"line":80,"column":3}},{"start":{"line":78,"column":2},"end":{"line":80,"column":3}}],"line":78},"15":{"loc":{"start":{"line":90,"column":2},"end":{"line":95,"column":3}},"type":"if","locations":[{"start":{"line":90,"column":2},"end":{"line":95,"column":3}},{"start":{"line":90,"column":2},"end":{"line":95,"column":3}}],"line":90},"16":{"loc":{"start":{"line":101,"column":2},"end":{"line":133,"column":3}},"type":"if","locations":[{"start":{"line":101,"column":2},"end":{"line":133,"column":3}},{"start":{"line":101,"column":2},"end":{"line":133,"column":3}}],"line":101},"17":{"loc":{"start":{"line":102,"column":4},"end":{"line":102,"column":66}},"type":"if","locations":[{"start":{"line":102,"column":4},"end":{"line":102,"column":66}},{"start":{"line":102,"column":4},"end":{"line":102,"column":66}}],"line":102},"18":{"loc":{"start":{"line":104,"column":4},"end":{"line":107,"column":5}},"type":"if","locations":[{"start":{"line":104,"column":4},"end":{"line":107,"column":5}},{"start":{"line":104,"column":4},"end":{"line":107,"column":5}}],"line":104},"19":{"loc":{"start":{"line":111,"column":4},"end":{"line":113,"column":5}},"type":"if","locations":[{"start":{"line":111,"column":4},"end":{"line":113,"column":5}},{"start":{"line":111,"column":4},"end":{"line":113,"column":5}}],"line":111},"20":{"loc":{"start":{"line":118,"column":4},"end":{"line":122,"column":5}},"type":"if","locations":[{"start":{"line":118,"column":4},"end":{"line":122,"column":5}},{"start":{"line":118,"column":4},"end":{"line":122,"column":5}}],"line":118},"21":{"loc":{"start":{"line":118,"column":8},"end":{"line":118,"column":55}},"type":"binary-expr","locations":[{"start":{"line":118,"column":8},"end":{"line":118,"column":26}},{"start":{"line":118,"column":30},"end":{"line":118,"column":55}}],"line":118},"22":{"loc":{"start":{"line":124,"column":4},"end":{"line":128,"column":5}},"type":"if","locations":[{"start":{"line":124,"column":4},"end":{"line":128,"column":5}},{"start":{"line":124,"column":4},"end":{"line":128,"column":5}}],"line":124},"23":{"loc":{"start":{"line":124,"column":8},"end":{"line":124,"column":55}},"type":"binary-expr","locations":[{"start":{"line":124,"column":8},"end":{"line":124,"column":26}},{"start":{"line":124,"column":30},"end":{"line":124,"column":55}}],"line":124},"24":{"loc":{"start":{"line":130,"column":4},"end":{"line":132,"column":5}},"type":"if","locations":[{"start":{"line":130,"column":4},"end":{"line":132,"column":5}},{"start":{"line":130,"column":4},"end":{"line":132,"column":5}}],"line":130},"25":{"loc":{"start":{"line":130,"column":8},"end":{"line":130,"column":55}},"type":"binary-expr","locations":[{"start":{"line":130,"column":8},"end":{"line":130,"column":26}},{"start":{"line":130,"column":30},"end":{"line":130,"column":55}}],"line":130}},"s":{"0":570,"1":36,"2":534,"3":534,"4":42,"5":534,"6":2,"7":2,"8":2,"9":2,"10":8,"11":534,"12":30,"13":30,"14":504,"15":504,"16":80,"17":570,"18":80,"19":570,"20":28,"21":194,"22":28,"23":80,"24":2,"25":78,"26":80,"27":80,"28":80,"29":80,"30":54,"31":80,"32":80,"33":80,"34":80,"35":28,"36":28,"37":28,"38":24,"39":24,"40":106,"41":24,"42":24,"43":28,"44":28,"45":28,"46":28,"47":2,"48":28,"49":28,"50":26,"51":26,"52":28,"53":28,"54":28,"55":28,"56":24,"57":28,"58":28,"59":28,"60":24,"61":28,"62":24,"63":28,"64":24,"65":28,"66":4,"67":4,"68":4,"69":4,"70":4,"71":4,"72":4,"73":28,"74":28,"75":4,"76":4,"77":56,"78":4,"79":4,"80":4,"81":4,"82":72,"83":4,"84":4,"85":4,"86":4,"87":4,"88":4,"89":4,"90":2,"91":2,"92":2,"93":8,"94":2,"95":2,"96":2,"97":4},"f":{"0":570,"1":8,"2":80,"3":570,"4":570,"5":28,"6":194,"7":80,"8":80,"9":28,"10":106,"11":28,"12":4,"13":28,"14":56,"15":72,"16":2,"17":8},"b":{"0":[36,534],"1":[570,376],"2":[42,492],"3":[2,532],"4":[534,6],"5":[2,0],"6":[30,504],"7":[4,26],"8":[30,6],"9":[180,324],"10":[2,78],"11":[52,26],"12":[4,76],"13":[80,28],"14":[54,26],"15":[24,4],"16":[28,0],"17":[2,26],"18":[26,2],"19":[24,4],"20":[24,4],"21":[28,26],"22":[24,4],"23":[28,26],"24":[24,4],"25":[28,26]},"_coverageSchema":"332fd63041d2c1bcb487cc26dd0d5f7d97098a6c","hash":"68594d11df8be4293c80751c94773f97d6692969"}
[...]
ine":67,"column":4},"end":{"line":76,"column":9}},"43":{"start":{"line":69,"column":8},"end":{"line":72,"column":9}},"44":{"start":{"line":71,"column":12},"end":{"line":71,"column":92}},"45":{"start":{"line":75,"column":8},"end":{"line":75,"column":51}},"46":{"start":{"line":77,"column":4},"end":{"line":77,"column":64}},"47":{"start":{"line":79,"column":2},"end":{"line":79,"column":16}},"48":{"start":{"line":83,"column":17},"end":{"line":83,"column":19}},"49":{"start":{"line":84,"column":2},"end":{"line":90,"column":5}},"50":{"start":{"line":85,"column":4},"end":{"line":89,"column":5}},"51":{"start":{"line":86,"column":6},"end":{"line":86,"column":76}},"52":{"start":{"line":88,"column":6},"end":{"line":88,"column":28}},"53":{"start":{"line":91,"column":2},"end":{"line":91,"column":18}},"54":{"start":{"line":95,"column":18},"end":{"line":95,"column":28}},"55":{"start":{"line":96,"column":2},"end":{"line":96,"column":45}},"56":{"start":{"line":97,"column":2},"end":{"line":97,"column":36}},"57":{"start":{"line":98,"column":23},"end":{"line":98,"column":25}},"58":{"start":{"line":99,"column":2},"end":{"line":101,"column":3}},"59":{"start":{"line":100,"column":4},"end":{"line":100,"column":60}},"60":{"start":{"line":102,"column":2},"end":{"line":102,"column":22}}},"fnMap":{"0":{"name":"getEntityFromModel","decl":{"start":{"line":3,"column":9},"end":{"line":3,"column":27}},"loc":{"start":{"line":3,"column":60},"end":{"line":5,"column":1}},"line":3},"1":{"name":"(anonymous_1)","decl":{"start":{"line":4,"column":24},"end":{"line":4,"column":25}},"loc":{"start":{"line":4,"column":34},"end":{"line":4,"column":84}},"line":4},"2":{"name":"addEntityAndReferences","decl":{"start":{"line":7,"column":9},"end":{"line":7,"column":31}},"loc":{"start":{"line":7,"column":43},"end":{"line":21,"column":1}},"line":7},"3":{"name":"(anonymous_3)","decl":{"start":{"line":9,"column":20},"end":{"line":9,"column":21}},"loc":{"start":{"line":9,"column":32},"end":{"line":19,"column":3}},"line":9},"4":{"name":"(anonymous_4)","decl":{"start":{"line":11,"column":55},"end":{"line":11,"column":56}},"loc":{"start":{"line":11,"column":62},"end":{"line":11,"column":79}},"line":11},"5":{"name":"(anonymous_5)","decl":{"start":{"line":12,"column":24},"end":{"line":12,"column":25}},"loc":{"start":{"line":12,"column":36},"end":{"line":12,"column":61}},"line":12},"6":{"name":"(anonymous_6)","decl":{"start":{"line":12,"column":71},"end":{"line":12,"column":72}},"loc":{"start":{"line":12,"column":86},"end":{"line":17,"column":7}},"line":12},"7":{"name":"processEntity","decl":{"start":{"line":23,"column":9},"end":{"line":23,"column":22}},"loc":{"start":{"line":23,"column":60},"end":{"line":46,"column":1}},"line":23},"8":{"name":"(anonymous_8)","decl":{"start":{"line":34,"column":11},"end":{"line":34,"column":12}},"loc":{"start":{"line":34,"column":19},"end":{"line":34,"column":63}},"line":34},"9":{"name":"(anonymous_9)","decl":{"start":{"line":35,"column":14},"end":{"line":35,"column":15}},"loc":{"start":{"line":35,"column":24},"end":{"line":35,"column":30}},"line":35},"10":{"name":"(anonymous_10)","decl":{"start":{"line":36,"column":15},"end":{"line":36,"column":16}},"loc":{"start":{"line":36,"column":45},"end":{"line":43,"column":7}},"line":36},"11":{"name":"getRelatedEntities","decl":{"start":{"line":48,"column":9},"end":{"line":48,"column":27}},"loc":{"start":{"line":48,"column":47},"end":{"line":57,"column":1}},"line":48},"12":{"name":"(anonymous_12)","decl":{"start":{"line":53,"column":31},"end":{"line":53,"column":32}},"loc":{"start":{"line":53,"column":46},"end":{"line":55,"column":3}},"line":53},"13":{"name":"calculateComposedModel","decl":{"start":{"line":59,"column":9},"end":{"line":59,"column":31}},"loc":{"start":{"line":59,"column":47},"end":{"line":80,"column":1}},"line":59},"14":{"name":"(anonymous_14)","decl":{"start":{"line":68,"column":14},"end":{"line":68,"column":15}},"loc":{"start":{"line":69,"column":8},"end":{"line":72,"column":9}},"line":69},"15":{"name":"(anonymous_15)","decl":{"start":{"line":70,"column":10},"end":{"line":70,"column":11}},"loc":{"start":{"line":71,"column":12},"end":{"line":71,"column":92}},"line":71},"16":{"name":"(anonymous_16)","decl":{"start":{"line":74,"column":15},"end":{"line":74,"column":16}},"loc":{"start":{"line":74,"column":25},"end":{"line":76,"column":7}},"line":74},"17":{"name":"addComposedEntities","decl":{"start":{"line":82,"column":9},"end":{"line":82,"column":28}},"loc":{"start":{"line":82,"column":40},"end":{"line":92,"column":1}},"line":82},"18":{"name":"(anonymous_18)","decl":{"start":{"line":84,"column":20},"end":{"line":84,"column":21}},"loc":{"start":{"line":84,"column":32},"end":{"line":90,"column":3}},"line":84},"19":{"name":"(anonymous_19)","decl":{"start":{"line":94,"column":15},"end":{"line":94,"column":16}},"loc":{"start":{"line":94,"column":26},"end":{"line":103,"column":1}},"line":94}},"branchMap":{"0":{"loc":{"start":{"line":10,"column":4},"end":{"line":18,"column":5}},"type":"if","locations":[{"start":{"line":10,"column":4},"end":{"line":18,"column":5}},{"start":{"line":10,"column":4},"end":{"line":18,"column":5}}],"line":10},"1":{"loc":{"start":{"line":13,"column":8},"end":{"line":16,"column":9}},"type":"if","locations":[{"start":{"line":13,"column":8},"end":{"line":16,"column":9}},{"start":{"line":13,"column":8},"end":{"line":16,"column":9}}],"line":13},"2":{"loc":{"start":{"line":20,"column":2},"end":{"line":20,"column":60}},"type":"if","locations":[{"start":{"line":20,"column":2},"end":{"line":20,"column":60}},{"start":{"line":20,"column":2},"end":{"line":20,"column":60}}],"line":20},"3":{"loc":{"start":{"line":24,"column":2},"end":{"line":31,"column":3}},"type":"if","locations":[{"start":{"line":24,"column":2},"end":{"line":31,"column":3}},{"start":{"line":24,"column":2},"end":{"line":31,"column":3}}],"line":24},"4":{"loc":{"start":{"line":26,"column":4},"end":{"line":30,"column":5}},"type":"if","locations":[{"start":{"line":26,"column":4},"end":{"line":30,"column":5}},{"start":{"line":26,"column":4},"end":{"line":30,"column":5}}],"line":26},"5":{"loc":{"start":{"line":32,"column":2},"end":{"line":44,"column":3}},"type":"if","locations":[{"start":{"line":32,"column":2},"end":{"line":44,"column":3}},{"start":{"line":32,"column":2},"end":{"line":44,"column":3}}],"line":32},"6":{"loc":{"start":{"line":38,"column":8},"end":{"line":42,"column":9}},"type":"if","locations":[{"start":{"line":38,"column":8},"end":{"line":42,"column":9}},{"start":{"line":38,"column":8},"end":{"line":42,"column":9}}],"line":38},"7":{"loc":{"start":{"line":49,"column":2},"end":{"line":51,"column":3}},"type":"if","locations":[{"start":{"line":49,"column":2},"end":{"line":51,"column":3}},{"start":{"line":49,"column":2},"end":{"line":51,"column":3}}],"line":49},"8":{"loc":{"start":{"line":61,"column":2},"end":{"line":78,"column":3}},"type":"if","locations":[{"start":{"line":61,"column":2},"end":{"line":78,"column":3}},{"start":{"line":61,"column":2},"end":{"line":78,"column":3}}],"line":61},"9":{"loc":{"start":{"line":71,"column":12},"end":{"line":71,"column":92}},"type":"binary-expr","locations":[{"start":{"line":71,"column":12},"end":{"line":71,"column":31}},{"start":{"line":71,"column":35},"end":{"line":71,"column":92}}],"line":71},"10":{"loc":{"start":{"line":85,"column":4},"end":{"line":89,"column":5}},"type":"if","locations":[{"start":{"line":85,"column":4},"end":{"line":89,"column":5}},{"start":{"line":85,"column":4},"end":{"line":89,"column":5}}],"line":85},"11":{"loc":{"start":{"line":85,"column":8},"end":{"line":85,"column":45}},"type":"binary-expr","locations":[{"start":{"line":85,"column":8},"end":{"line":85,"column":28}},{"start":{"line":85,"column":32},"end":{"line":85,"column":45}}],"line":85}},"s":{"0":72,"1":176,"2":8,"3":8,"4":65,"5":65,"6":393,"7":65,"8":393,"9":6,"10":3,"11":3,"12":8,"13":3,"14":38,"15":6,"16":6,"17":3,"18":3,"19":3,"20":38,"21":38,"22":246,"23":246,"24":60,"25":60,"26":13,"27":13,"28":13,"29":38,"30":9,"31":6,"32":3,"33":3,"34":6,"35":3,"36":3,"37":3,"38":3,"39":6,"40":3,"41":3,"42":3,"43":57,"44":57,"45":9,"46":3,"47":0,"48":5,"49":5,"50":35,"51":3,"52":32,"53":5,"54":5,"55":5,"56":5,"57":5,"58":5,"59":22,"60":5},"f":{"0":72,"1":176,"2":8,"3":65,"4":393,"5":393,"6":6,"7":38,"8":246,"9":246,"10":60,"11":9,"12":6,"13":3,"14":57,"15":57,"16":9,"17":5,"18":35,"19":5},"b":{"0":[65,0],"1":[3,3],"2":[3,5],"3":[6,32],"4":[3,3],"5":[38,0],"6":[13,47],"7":[6,3],"8":[3,0],"9":[57,33],"10":[3,32],"11":[35,3]},"_coverageSchema":"332fd63041d2c1bcb487cc26dd0d5f7d97098a6c","hash":"45f912e8c4c7bf62713c3d4a3e85f5a4731765e5"}
,"/Users/ignacioferropicon/Projects/Bi-Framework/Bi-Model/src/parser/properties.js": {"path":"/Users/ignacioferropicon/Projects/Bi-Framework/Bi-Model/src/parser/properties.js","statementMap":{"0":{"start":{"line":5,"column":2},"end":{"line":11,"column":3}},"1":{"start":{"line":6,"column":4},"end":{"line":6,"column":31}},"2":{"start":{"line":7,"column":9},"end":{"line":11,"column":3}},"3":{"start":{"line":8,"column":4},"end":{"line":8,"column":16}},"4":{"start":{"line":9,"column":9},"end":{"line":11,"column":3}},"5":{"start":{"line":10,"column":4},"end":{"line":10,"column":35}},"6":{"start":{"line":12,"column":16},"end":{"line":12,"column":36}},"7":{"start":{"line":13,"column":2},"end":{"line":13,"column":46}},"8":{"start":{"line":17,"column":26},"end":{"line":17,"column":59}},"9":{"start":{"line":18,"column":23},"end":{"line":18,"column":43}},"10":{"start":{"line":19,"column":2},"end":{"line":25,"column":3}},"11":{"start":{"line":20,"column":4},"end":{"line":20,"column":16}},"12":{"start":{"line":21,"column":9},"end":{"line":25,"column":3}},"13":{"start":{"line":22,"column":4},"end":{"line":22,"column":52}},"14":{"start":{"line":23,"column":9},"end":{"line":25,"column":3}},"15":{"start":{"line":24,"column":4},"end":{"line":24,"column":75}},"16":{"start":{"line":24,"column":44},"end":{"line":24,"column":60}},"17":{"start":{"line":26,"column":2},"end":{"line":26,"column":15}},"18":{"start":{"line":30,"column":26},"end":{"line":30,"column":59}},"19":{"start":{"line":31,"column":23},"end":{"line":31,"column":43}},"20":{"start":{"line":32,"column":2},"end":{"line":41,"column":3}},"21":{"start":{"line":33,"column":4},"end":{"line":33,"column":17}},"22":{"start":{"line":34,"column":9},"end":{"line":41,"column":3}},"23":{"start":{"line":35,"column":19},"end":{"line":35,"column":41}},"24":{"start":{"line":36,"column":4},"end":{"line":36,"column":56}},"25":{"start":{"line":37,"column":9},"end":{"line":41,"column":3}},"26":{"start":{"line":38,"column":4},"end":{"line":38,"column":66}},"27":{"start":{"line":39,"column":9},"end":{"line":41,"column":3}},"28":{"start":{"line":40,"column":4},"end":{"line":40,"column":65}},"29":{"start":{"line":42,"column":2},"end":{"line":42,"column":14}}},"fnMap":{"0":{"name":"stringifyNativeType","decl":{"start":{"line":4,"column":16},"end":{"line":4,"column":35}},"loc":{"start":{"line":4,"column":42},"end":{"line":14,"column":1}},"line":4},"1":{"name":"check","decl":{"start":{"line":16,"column":16},"end":{"line":16,"column":21}},"loc":{"start":{"line":16,"column":54},"end":{"line":27,"column":1}},"line":16},"2":{"name":"(anonymous_2)","decl":{"start":{"line":24,"column":37},"end":{"line":24,"column":38}},"loc":{"start":{"line":24,"column":44},"end":{"line":24,"column":60}},"line":24},"3":{"name":"getValue","decl":{"start":{"line":29,"column":22},"end":{"line":29,"column":30}},"loc":{"start":{"line":29,"column":76},"end":{"line":43,"column":1}},"line":29}},"branchMap":{"0":{"loc":{"start":{"line":5,"column":2},"end":{"line":11,"column":3}},"type":"if","locations":[{"start":{"line":5,"column":2},"end":{"line":11,"column":3}},{"start":{"line":5,"column":2},"end":{"line":11,"column":3}}],"line":5},"1":{"loc":{"start":{"line":5,"column":6},"end":{"line":5,"column":41}},"type":"binary-expr","locations":[{"start":{"line":5,"column":6},"end":{"line":5,"column":24}},{"start":{"line":5,"column":28},"end":{"line":5,"column":41}}],"line":5},"2":{"loc":{"start":{"line":7,"column":9},"end":{"line":11,"column":3}},"type":"if","locations":[{"start":{"line":7,"column":9},"end":{"line":11,"column":3}},{"start":{"line":7,"column":9},"end":{"line":11,"column":3}}],"line":7},"3":{"loc":{"start":{"line":9,"column":9},"end":{"line":11,"column":3}},"type":"if","locations":[{"start":{"line":9,"column":9},"end":{"line":11,"column":3}},{"start":{"line":9,"column":9},"end":{"line":11,"column":3}}],"line":9},"4":{"loc":{"start":{"line":9,"column":13},"end":{"line":9,"column":61}},"type":"binary-expr","locations":[{"start":{"line":9,"column":13},"end":{"line":9,"column":46}},{"start":{"line":9,"column":50},"end":{"line":9,"column":61}}],"line":9},"5":{"loc":{"start":{"line":19,"column":2},"end":{"line":25,"column":3}},"type":"if","locations":[{"start":{"line":19,"column":2},"end":{"line":25,"column":3}},{"start":{"line":19,"column":2},"end":{"line":25,"column":3}}],"line":19},"6":{"loc":{"start":{"line":19,"column":6},"end":{"line":19,"column":83}},"type":"binary-expr","locations":[{"start":{"line":19,"column":6},"end":{"line":19,"column":47}},{"start":{"line":19,"column":51},"end":{"line":19,"column":83}}],"line":19},"7":{"loc":{"start":{"line":21,"column":9},"end":{"line":25,"column":3}},"type":"if","locations":[{"start":{"line":21,"column":9},"end":{"line":25,"column":3}},{"start":{"line":21,"column":9},"end":{"line":25,"column":3}}],"line":21},"8":{"loc":{"start":{"line":23,"column":9},"end":{"line":25,"column":3}},"type":"if","locations":[{"start":{"line":23,"column":9},"end":{"line":25,"column":3}},{"start":{"line":23,"column":9},"end":{"line":25,"column":3}}],"line":23},"9":{"loc":{"start":{"line":23,"column":13},"end":{"line":23,"column":88}},"type":"binary-expr","locations":[{"start":{"line":23,"column":13},"end":{"line":23,"column":50}},{"start":{"line":23,"column":54},"end":{"line":23,"column":88}}],"line":23},"10":{"loc":{"start":{"line":32,"column":2},"end":{"line":41,"column":3}},"type":"if","locations":[{"start":{"line":32,"column":2},"end":{"line":41,"column":3}},{"start":{"line":32,"column":2},"end":{"line":41,"column":3}}],"line":32},"11":{"loc":{"start":{"line":34,"column":9},"end":{"line":41,"column":3}},"type":"if","locations":[{"start":{"line":34,"column":9},"end":{"line":41,"column":3}},{"start":{"line":34,"column":9},"end":{"line":41,"column":3}}],"line":34},"12":{"loc":{"start":{"line":37,"column":9},"end":{"line":41,"column":3}},"type":"if","locations":[{"start":{"line":37,"column":9},"end":{"line":41,"column":3}},{"start":{"line":37,"column":9},"end":{"line":41,"column":3}}],"line":37},"13":{"loc":{"start":{"line":39,"column":9},"end":{"line":41,"column":3}},"type":"if","locations":[{"start":{"line":39,"column":9},"end":{"line":41,"column":3}},{"start":{"line":39,"column":9},"end":{"line":41,"column":3}}],"line":39},"14":{"loc":{"start":{"line":39,"column":13},"end":{"line":39,"column":88}},"type":"binary-expr","locations":[{"start":{"line":39,"column":13},"end":{"line":39,"column":50}},{"start":{"line":39,"column":54},"end":{"line":39,"column":88}}],"line":39},"15":{"loc":{"start":{"line":40,"column":11},"end":{"line":40,"column":64}},"type":"binary-expr","locations":[{"start":{"line":40,"column":11},"end":{"line":40,"column":29}},{"start":{"line":40,"column":33},"end":{"line":40,"column":64}}],"line":40}},"s":{"0":836,"1":2,"2":834,"3":796,"4":38,"5":31,"6":7,"7":7,"8":126,"9":126,"10":126,"11":69,"12":57,"13":11,"14":46,"15":3,"16":5,"17":43,"18":684,"19":684,"20":684,"21":547,"22":137,"23":2,"24":2,"25":135,"26":130,"27":5,"28":4,"29":1},"f":{"0":836,"1":126,"2":5,"3":684},"b":{"0":[2,834],"1":[836,835],"2":[796,38],"3":[31,7],"4":[38,33],"5":[69,57],"6":[126,124],"7":[11,46],"8":[3,43],"9":[46,6],"10":[547,137],"11":[2,135],"12":[130,5],"13":[4,1],"14":[5,4],"15":[4,2]},"_coverageSchema":"332fd63041d2c1bcb487cc26dd0d5f7d97098a6c","hash":"28503ebf56b1aa11c7d70664b30f7fdb68cc25f9"}
,"/Users/ignacioferropicon/Projects/Bi-Framework/Bi-Model/src/parser/validateModel.js": {"path":"/Users/ignacioferropicon/Projects/Bi-Framework/Bi-Model/src/parser/validateModel.js","statementMap":{"0":{"start":{"line":4,"column":21},"end":{"line":4,"column":39}},"1":{"start":{"line":5,"column":2},"end":{"line":9,"column":3}},"2":{"start":{"line":6,"column":22},"end":{"line":6,"column":35}},"3":{"start":{"line":7,"column":18},"end":{"line":7,"column":34}},"4":{"start":{"line":8,"column":4},"end":{"line":8,"column":54}},"5":{"start":{"line":10,"column":2},"end":{"line":10,"column":14}}},"fnMap":{"0":{"name":"validateModel","decl":{"start":{"line":3,"column":24},"end":{"line":3,"column":37}},"loc":{"start":{"line":3,"column":66},"end":{"line":11,"column":1}},"line":3}},"branchMap":{},"s":{"0":3,"1":3,"2":25,"3":25,"4":25,"5":3},"f":{"0":3},"b":{},"_coverageSchema":"332fd63041d2c1bcb487cc26dd0d5f7d97098a6c","hash":"914262342e3fe2078eb40a244319a4185af114d7"}
,"/Users/ignacioferropicon/Projects/Bi-Framework/Bi-Model/src/tools/isEquivalent.js": {"path":"/Users/ignacioferropicon/Projects/Bi-Framework/Bi-Model/src/tools/isEquivalent.js","statementMap":{"0":{"start":{"line":4,"column":17},"end":{"line":4,"column":46}},"1":{"start":{"line":5,"column":17},"end":{"line":5,"column":46}},"2":{"start":{"line":7,"column":2},"end":{"line":9,"column":3}},"3":{"start":{"line":8,"column":4},"end":{"line":8,"column":17}},"4":{"start":{"line":11,"column":2},"end":{"line":22,"column":3}},"5":{"start":{"line":12,"column":21},"end":{"line":12,"column":30}},"6":{"start":{"line":13,"column":4},"end":{"line":21,"column":5}},"7":{"start":{"line":14,"column":6},"end":{"line":20,"column":7}},"8":{"start":{"line":19,"column":8},"end":{"line":19,"column":21}},"9":{"start":{"line":24,"column":2},"end":{"line":24,"column":14}}},"fnMap":{"0":{"name":"isEquivalent","decl":{"start":{"line":3,"column":24},"end":{"line":3,"column":36}},"loc":{"start":{"line":3,"column":43},"end":{"line":25,"column":1}},"line":3}},"branchMap":{"0":{"loc":{"start":{"line":7,"column":2},"end":{"line":9,"column":3}},"type":"if","locations":[{"start":{"line":7,"column":2},"end":{"line":9,"column":3}},{"start":{"line":7,"column":2},"end":{"line":9,"column":3}}],"line":7},"1":{"loc":{"start":{"line":13,"column":4},"end":{"line":21,"column":5}},"type":"if","locations":[{"start":{"line":13,"column":4},"end":{"line":21,"column":5}},{"start":{"line":13,"column":4},"end":{"line":21,"column":5}}],"line":13},"2":{"loc":{"start":{"line":14,"column":6},"end":{"line":20,"column":7}},"type":"if","locations":[{"start":{"line":14,"column":6},"end":{"line":20,"column":7}},{"start":{"line":14,"column":6},"end":{"line":20,"column":7}}],"line":14},"3":{"loc":{"start":{"line":15,"column":8},"end":{"line":17,"column":47}},"type":"binary-expr","locations":[{"start":{"line":15,"column":8},"end":{"line":16,"column":57}},{"start":{"line":17,"column":8},"end":{"line":17,"column":47}}],"line":15},"4":{"loc":{"start":{"line":15,"column":9},"end":{"line":16,"column":34}},"type":"binary-expr","locations":[{"start":{"line":15,"column":9},"end":{"line":15,"column":57}},{"start":{"line":16,"column":8},"end":{"line":16,"column":34}}],"line":15}},"s":{"0":79,"1":79,"2":79,"3":2,"4":77,"5":188,"6":188,"7":64,"8":29,"9":48},"f":{"0":79},"b":{"0":[2,77],"1":[64,124],"2":[29,35],"3":[64,36],"4":[64,36]},"_coverageSchema":"332fd63041d2c1bcb487cc26dd0d5f7d97098a6c","hash":"1b1126240a636c48f4d2a96a27fee5b8cde25709"}
,"/Users/ignacioferropicon/Projects/Bi-Framework/Bi-Model/src/tools/objectUtils.js": {"path":"/Users/ignacioferropicon/Projects/Bi-Framework/Bi-Model/src/tools/objectUtils.js","statementMap":{"0":{"start":{"line":1,"column":30},"end":{"line":1,"column":61}},"1":{"start":{"line":2,"column":24},"end":{"line":2,"column":49}},"2":{"start":{"line":3,"column":30},"end":{"line":3,"column":51}}},"fnMap":{},"branchMap":{},"s":{"0":9,"1":9,"2":9},"f":{},"b":{},"_coverageSchema":"332fd63041d2c1bcb487cc26dd0d5f7d97098a6c","hash":"6708e5f195a76b85d2d3d0fed92ae6d5eda25ff5"}
}
