TN:
SF:/Users/ignacioferropicon/Projects/Bi-Framework/Bi-Model/sample/biBooks/dataModel/additionalMaterials.js
FN:30,(anonymous_0)
FN:37,(anonymous_1)
FN:57,(anonymous_2)
FN:64,(anonymous_3)
FNF:4
FNH:0
FNDA:0,(anonymous_0)
FNDA:0,(anonymous_1)
FNDA:0,(anonymous_2)
FNDA:0,(anonymous_3)
DA:30,0
DA:37,0
DA:57,0
DA:64,0
LF:4
LH:0
BRDA:57,0,0,0
BRDA:57,0,1,0
BRF:2
BRH:0
end_of_record
TN:
SF:/Users/ignacioferropicon/Projects/Bi-Framework/Bi-Model/sample/biBooks/dataModel/authors.js
FN:42,(anonymous_0)
FN:65,(anonymous_1)
FNF:2
FNH:0
FNDA:0,(anonymous_0)
FNDA:0,(anonymous_1)
DA:42,0
DA:65,0
LF:2
LH:0
BRDA:42,0,0,0
BRDA:42,0,1,0
BRF:2
BRH:0
end_of_record
TN:
SF:/Users/ignacioferropicon/Projects/Bi-Framework/Bi-Model/sample/biBooks/dataModel/books.js
FN:57,(anonymous_0)
FN:68,(anonymous_1)
FN:75,(anonymous_2)
FN:136,(anonymous_3)
FN:167,(anonymous_4)
FNF:5
FNH:0
FNDA:0,(anonymous_0)
FNDA:0,(anonymous_1)
FNDA:0,(anonymous_2)
FNDA:0,(anonymous_3)
FNDA:0,(anonymous_4)
DA:57,0
DA:68,0
DA:75,0
DA:136,0
DA:167,0
LF:5
LH:0
BRDA:136,0,0,0
BRDA:136,0,1,0
BRF:2
BRH:0
end_of_record
TN:
SF:/Users/ignacioferropicon/Projects/Bi-Framework/Bi-Model/sample/biBooks/dataModel/index.js
FNF:0
FNH:0
LF:0
LH:0
BRF:0
BRH:0
end_of_record
TN:
SF:/Users/ignacioferropicon/Projects/Bi-Framework/Bi-Model/sample/biBooks/dataModel/topics.js
FNF:0
FNH:0
LF:0
LH:0
BRF:0
BRH:0
end_of_record
TN:
SF:/Users/ignacioferropicon/Projects/Bi-Framework/Bi-Model/sample/full/dataModel/cities.js
FNF:0
FNH:0
LF:0
LH:0
BRF:0
BRH:0
end_of_record
TN:
SF:/Users/ignacioferropicon/Projects/Bi-Framework/Bi-Model/sample/full/dataModel/companies.js
FN:42,(anonymous_0)
FN:46,(anonymous_1)
FN:52,(anonymous_2)
FNF:3
FNH:0
FNDA:0,(anonymous_0)
FNDA:0,(anonymous_1)
FNDA:0,(anonymous_2)
DA:42,0
DA:46,0
DA:53,0
LF:3
LH:0
BRDA:42,0,0,0
BRDA:42,0,1,0
BRDA:53,1,0,0
BRDA:53,1,1,0
BRF:4
BRH:0
end_of_record
TN:
SF:/Users/ignacioferropicon/Projects/Bi-Framework/Bi-Model/sample/full/dataModel/contacts.js
FN:25,(anonymous_0)
FNF:1
FNH:0
FNDA:0,(anonymous_0)
DA:26,0
LF:1
LH:0
BRDA:26,0,0,0
BRDA:26,0,1,0
BRF:2
BRH:0
end_of_record
TN:
SF:/Users/ignacioferropicon/Projects/Bi-Framework/Bi-Model/sample/full/dataModel/countries.js
FN:37,(anonymous_0)
FNF:1
FNH:0
FNDA:0,(anonymous_0)
DA:37,0
LF:1
LH:0
BRF:0
BRH:0
end_of_record
TN:
SF:/Users/ignacioferropicon/Projects/Bi-Framework/Bi-Model/sample/full/dataModel/customers.js
FN:35,(anonymous_0)
FN:44,(anonymous_1)
FN:54,(anonymous_2)
FN:55,(anonymous_3)
FN:84,(anonymous_4)
FN:96,(anonymous_5)
FN:106,(anonymous_6)
FN:114,(anonymous_7)
FN:123,(anonymous_8)
FN:149,(anonymous_9)
FN:161,(anonymous_10)
FN:174,(anonymous_11)
FN:188,(anonymous_12)
FN:196,(anonymous_13)
FN:198,(anonymous_14)
FN:199,(anonymous_15)
FN:222,(anonymous_16)
FN:235,(anonymous_17)
FN:250,(anonymous_18)
FN:266,(anonymous_19)
FN:270,(anonymous_20)
FN:276,(anonymous_21)
FNF:22
FNH:0
FNDA:0,(anonymous_0)
FNDA:0,(anonymous_1)
FNDA:0,(anonymous_2)
FNDA:0,(anonymous_3)
FNDA:0,(anonymous_4)
FNDA:0,(anonymous_5)
FNDA:0,(anonymous_6)
FNDA:0,(anonymous_7)
FNDA:0,(anonymous_8)
FNDA:0,(anonymous_9)
FNDA:0,(anonymous_10)
FNDA:0,(anonymous_11)
FNDA:0,(anonymous_12)
FNDA:0,(anonymous_13)
FNDA:0,(anonymous_14)
FNDA:0,(anonymous_15)
FNDA:0,(anonymous_16)
FNDA:0,(anonymous_17)
FNDA:0,(anonymous_18)
FNDA:0,(anonymous_19)
FNDA:0,(anonymous_20)
FNDA:0,(anonymous_21)
DA:35,0
DA:44,0
DA:54,0
DA:55,0
DA:84,0
DA:96,0
DA:106,0
DA:114,0
DA:123,0
DA:149,0
DA:161,0
DA:174,0
DA:188,0
DA:196,0
DA:198,0
DA:199,0
DA:222,0
DA:235,0
DA:250,0
DA:266,0
DA:270,0
DA:277,0
LF:22
LH:0
BRDA:84,0,0,0
BRDA:84,0,1,0
BRDA:96,1,0,0
BRDA:96,1,1,0
BRDA:123,2,0,0
BRDA:123,2,1,0
BRDA:174,3,0,0
BRDA:174,3,1,0
BRDA:188,4,0,0
BRDA:188,4,1,0
BRDA:198,5,0,0
BRDA:198,5,1,0
BRDA:199,6,0,0
BRDA:199,6,1,0
BRDA:266,7,0,0
BRDA:266,7,1,0
BRDA:277,8,0,0
BRDA:277,8,1,0
BRF:18
BRH:0
end_of_record
TN:
SF:/Users/ignacioferropicon/Projects/Bi-Framework/Bi-Model/sample/full/dataModel/index.js
FNF:0
FNH:0
LF:0
LH:0
BRF:0
BRH:0
end_of_record
TN:
SF:/Users/ignacioferropicon/Projects/Bi-Framework/Bi-Model/sample/full/dataModel/leads.js
FN:53,(anonymous_0)
FN:65,(anonymous_1)
FN:75,(anonymous_2)
FN:83,(anonymous_3)
FN:92,(anonymous_4)
FN:110,(anonymous_5)
FN:122,(anonymous_6)
FN:127,(anonymous_7)
FN:143,(anonymous_8)
FN:147,(anonymous_9)
FN:153,(anonymous_10)
FNF:11
FNH:0
FNDA:0,(anonymous_0)
FNDA:0,(anonymous_1)
FNDA:0,(anonymous_2)
FNDA:0,(anonymous_3)
FNDA:0,(anonymous_4)
FNDA:0,(anonymous_5)
FNDA:0,(anonymous_6)
FNDA:0,(anonymous_7)
FNDA:0,(anonymous_8)
FNDA:0,(anonymous_9)
FNDA:0,(anonymous_10)
DA:53,0
DA:65,0
DA:75,0
DA:83,0
DA:92,0
DA:110,0
DA:122,0
DA:127,0
DA:143,0
DA:147,0
DA:154,0
LF:11
LH:0
BRDA:53,0,0,0
BRDA:53,0,1,0
BRDA:65,1,0,0
BRDA:65,1,1,0
BRDA:92,2,0,0
BRDA:92,2,1,0
BRDA:143,3,0,0
BRDA:143,3,1,0
BRDA:154,4,0,0
BRDA:154,4,1,0
BRF:10
BRH:0
end_of_record
TN:
SF:/Users/ignacioferropicon/Projects/Bi-Framework/Bi-Model/sample/full/dataModel/markets.js
FN:29,(anonymous_0)
FNF:1
FNH:0
FNDA:0,(anonymous_0)
DA:29,0
LF:1
LH:0
BRF:0
BRH:0
end_of_record
TN:
SF:/Users/ignacioferropicon/Projects/Bi-Framework/Bi-Model/sample/full/dataModel/skills.js
FN:29,(anonymous_0)
FNF:1
FNH:0
FNDA:0,(anonymous_0)
DA:29,0
LF:1
LH:0
BRF:0
BRH:0
end_of_record
TN:
SF:/Users/ignacioferropicon/Projects/Bi-Framework/Bi-Model/sample/full/dataModel/users.js
FN:26,(anonymous_0)
FN:34,(anonymous_1)
FN:43,(anonymous_2)
FN:62,(anonymous_3)
FN:68,(anonymous_4)
FN:84,(anonymous_5)
FN:88,(anonymous_6)
FN:94,(anonymous_7)
FNF:8
FNH:0
FNDA:0,(anonymous_0)
FNDA:0,(anonymous_1)
FNDA:0,(anonymous_2)
FNDA:0,(anonymous_3)
FNDA:0,(anonymous_4)
FNDA:0,(anonymous_5)
FNDA:0,(anonymous_6)
FNDA:0,(anonymous_7)
DA:26,0
DA:34,0
DA:43,0
DA:62,0
DA:68,0
DA:84,0
DA:88,0
DA:95,0
LF:8
LH:0
BRDA:43,0,0,0
BRDA:43,0,1,0
BRDA:84,1,0,0
BRDA:84,1,1,0
BRDA:95,2,0,0
BRDA:95,2,1,0
BRF:6
BRH:0
end_of_record
TN:
SF:/Users/ignacioferropicon/Projects/Bi-Framework/Bi-Model/src/config/settings.js
FN:5,(anonymous_0)
FN:6,(anonymous_1)
FNF:2
FNH:0
FNDA:0,(anonymous_0)
FNDA:0,(anonymous_1)
DA:3,7
DA:5,7
DA:6,0
DA:7,0
LF:4
LH:2
BRDA:3,0,0,7
BRDA:3,0,1,7
BRF:2
BRH:2
end_of_record
TN:
SF:/Users/ignacioferropicon/Projects/Bi-Framework/Bi-Model/src/enums/gender.js
FNF:0
FNH:0
LF:0
LH:0
BRF:0
BRH:0
end_of_record
TN:
SF:/Users/ignacioferropicon/Projects/Bi-Framework/Bi-Model/src/fieldTypes/NIFCIF.js
FN:4,(anonymous_0)
FNF:1
FNH:1
FNDA:2,(anonymous_0)
DA:4,2
LF:1
LH:1
BRF:0
BRH:0
end_of_record
TN:
SF:/Users/ignacioferropicon/Projects/Bi-Framework/Bi-Model/src/fieldTypes/boolean.js
FN:4,(anonymous_0)
FNF:1
FNH:1
FNDA:2,(anonymous_0)
DA:4,2
LF:1
LH:1
BRF:0
BRH:0
end_of_record
TN:
SF:/Users/ignacioferropicon/Projects/Bi-Framework/Bi-Model/src/fieldTypes/cityName.js
FN:4,(anonymous_0)
FNF:1
FNH:1
FNDA:2,(anonymous_0)
DA:4,2
LF:1
LH:1
BRF:0
BRH:0
end_of_record
TN:
SF:/Users/ignacioferropicon/Projects/Bi-Framework/Bi-Model/src/fieldTypes/companyName.js
FN:4,(anonymous_0)
FNF:1
FNH:1
FNDA:1,(anonymous_0)
DA:4,1
LF:1
LH:1
BRF:0
BRH:0
end_of_record
TN:
SF:/Users/ignacioferropicon/Projects/Bi-Framework/Bi-Model/src/fieldTypes/countryName.js
FN:4,(anonymous_0)
FNF:1
FNH:1
FNDA:2,(anonymous_0)
DA:4,2
LF:1
LH:1
BRF:0
BRH:0
end_of_record
TN:
SF:/Users/ignacioferropicon/Projects/Bi-Framework/Bi-Model/src/fieldTypes/dateTime.js
FN:9,(anonymous_0)
FNF:1
FNH:1
FNDA:2,(anonymous_0)
DA:3,7
DA:4,7
DA:5,7
DA:6,7
DA:10,2
LF:5
LH:5
BRDA:10,0,0,2
BRDA:10,0,1,2
BRDA:10,1,0,2
BRDA:10,1,1,2
BRF:4
BRH:4
end_of_record
TN:
SF:/Users/ignacioferropicon/Projects/Bi-Framework/Bi-Model/src/fieldTypes/ean.js
FN:3,(anonymous_0)
FN:6,(anonymous_1)
FN:7,(anonymous_2)
FN:15,(anonymous_3)
FNF:4
FNH:4
FNDA:24,(anonymous_0)
FNDA:2,(anonymous_1)
FNDA:24,(anonymous_2)
FNDA:1,(anonymous_3)
DA:3,24
DA:7,24
DA:8,2
DA:9,2
DA:10,2
DA:15,1
LF:6
LH:6
BRF:0
BRH:0
end_of_record
TN:
SF:/Users/ignacioferropicon/Projects/Bi-Framework/Bi-Model/src/fieldTypes/email.js
FN:4,(anonymous_0)
FN:5,(anonymous_1)
FNF:2
FNH:2
FNDA:3,(anonymous_0)
FNDA:3,(anonymous_1)
DA:4,3
DA:6,3
LF:2
LH:2
BRF:0
BRH:0
end_of_record
TN:
SF:/Users/ignacioferropicon/Projects/Bi-Framework/Bi-Model/src/fieldTypes/enum.js
FN:2,(anonymous_0)
FN:4,(anonymous_1)
FN:6,(anonymous_2)
FNF:3
FNH:3
FNDA:2,(anonymous_0)
FNDA:6,(anonymous_1)
FNDA:1,(anonymous_2)
DA:2,2
DA:4,6
DA:6,1
LF:3
LH:3
BRF:0
BRH:0
end_of_record
TN:
SF:/Users/ignacioferropicon/Projects/Bi-Framework/Bi-Model/src/fieldTypes/firstName.js
FN:4,(anonymous_0)
FNF:1
FNH:1
FNDA:2,(anonymous_0)
DA:4,2
LF:1
LH:1
BRF:0
BRH:0
end_of_record
TN:
SF:/Users/ignacioferropicon/Projects/Bi-Framework/Bi-Model/src/fieldTypes/float.js
FN:5,(anonymous_0)
FNF:1
FNH:1
FNDA:1,(anonymous_0)
DA:1,7
DA:2,7
DA:6,1
DA:7,1
DA:8,1
DA:9,1
DA:10,1
LF:7
LH:7
BRDA:6,0,0,1
BRDA:6,0,1,1
BRDA:7,1,0,1
BRDA:7,1,1,1
BRF:4
BRH:4
end_of_record
TN:
SF:/Users/ignacioferropicon/Projects/Bi-Framework/Bi-Model/src/fieldTypes/image.js
FN:4,(anonymous_0)
FNF:1
FNH:1
FNDA:2,(anonymous_0)
DA:4,2
LF:1
LH:1
BRF:0
BRH:0
end_of_record
TN:
SF:/Users/ignacioferropicon/Projects/Bi-Framework/Bi-Model/src/fieldTypes/index.js
FNF:0
FNH:0
LF:0
LH:0
BRF:0
BRH:0
end_of_record
TN:
SF:/Users/ignacioferropicon/Projects/Bi-Framework/Bi-Model/src/fieldTypes/int.js
FN:5,(anonymous_0)
FNF:1
FNH:1
FNDA:1,(anonymous_0)
DA:1,7
DA:2,7
DA:6,1
DA:7,1
DA:8,1
DA:9,1
DA:10,1
LF:7
LH:7
BRDA:6,0,0,1
BRDA:6,0,1,1
BRDA:7,1,0,1
BRDA:7,1,1,1
BRF:4
BRH:4
end_of_record
TN:
SF:/Users/ignacioferropicon/Projects/Bi-Framework/Bi-Model/src/fieldTypes/lastName.js
FN:4,(anonymous_0)
FNF:1
FNH:1
FNDA:2,(anonymous_0)
DA:4,2
LF:1
LH:1
BRF:0
BRH:0
end_of_record
TN:
SF:/Users/ignacioferropicon/Projects/Bi-Framework/Bi-Model/src/fieldTypes/manyToManyReference.js
FN:5,(anonymous_0)
FN:6,(anonymous_1)
FN:9,(anonymous_2)
FN:10,(anonymous_3)
FN:12,(anonymous_4)
FN:19,(anonymous_5)
FN:24,(anonymous_6)
FN:24,(anonymous_7)
FN:29,(anonymous_8)
FN:31,(anonymous_9)
FNF:10
FNH:2
FNDA:24,(anonymous_0)
FNDA:48,(anonymous_1)
FNDA:0,(anonymous_2)
FNDA:0,(anonymous_3)
FNDA:0,(anonymous_4)
FNDA:0,(anonymous_5)
FNDA:0,(anonymous_6)
FNDA:0,(anonymous_7)
FNDA:0,(anonymous_8)
FNDA:0,(anonymous_9)
DA:6,48
DA:10,0
DA:12,0
DA:13,0
DA:14,0
DA:16,0
DA:19,0
DA:24,0
DA:30,0
DA:31,0
DA:33,0
DA:34,0
DA:36,0
LF:13
LH:1
BRDA:13,0,0,0
BRDA:13,0,1,0
BRDA:33,1,0,0
BRDA:33,1,1,0
BRF:4
BRH:0
end_of_record
TN:
SF:/Users/ignacioferropicon/Projects/Bi-Framework/Bi-Model/src/fieldTypes/manyToOneReference.js
FN:5,(anonymous_0)
FN:6,(anonymous_1)
FN:9,(anonymous_2)
FN:10,(anonymous_3)
FN:12,(anonymous_4)
FN:19,(anonymous_5)
FN:24,(anonymous_6)
FN:24,(anonymous_7)
FN:29,(anonymous_8)
FN:31,(anonymous_9)
FNF:10
FNH:2
FNDA:6,(anonymous_0)
FNDA:6,(anonymous_1)
FNDA:0,(anonymous_2)
FNDA:0,(anonymous_3)
FNDA:0,(anonymous_4)
FNDA:0,(anonymous_5)
FNDA:0,(anonymous_6)
FNDA:0,(anonymous_7)
FNDA:0,(anonymous_8)
FNDA:0,(anonymous_9)
DA:6,6
DA:10,0
DA:12,0
DA:13,0
DA:14,0
DA:16,0
DA:19,0
DA:24,0
DA:30,0
DA:31,0
DA:33,0
DA:34,0
DA:36,0
LF:13
LH:1
BRDA:13,0,0,0
BRDA:13,0,1,0
BRDA:33,1,0,0
BRDA:33,1,1,0
BRF:4
BRH:0
end_of_record
TN:
SF:/Users/ignacioferropicon/Projects/Bi-Framework/Bi-Model/src/fieldTypes/markdown.js
FN:4,(anonymous_0)
FNF:1
FNH:1
FNDA:1,(anonymous_0)
DA:4,1
LF:1
LH:1
BRF:0
BRH:0
end_of_record
TN:
SF:/Users/ignacioferropicon/Projects/Bi-Framework/Bi-Model/src/fieldTypes/object.js
FN:2,(anonymous_0)
FN:3,(anonymous_1)
FNF:2
FNH:2
FNDA:7,(anonymous_0)
FNDA:2,(anonymous_1)
DA:2,7
DA:3,2
LF:2
LH:2
BRF:0
BRH:0
end_of_record
TN:
SF:/Users/ignacioferropicon/Projects/Bi-Framework/Bi-Model/src/fieldTypes/oneToManyReference.js
FN:5,(anonymous_0)
FN:6,(anonymous_1)
FN:9,(anonymous_2)
FN:11,(anonymous_3)
FN:12,(anonymous_4)
FN:19,(anonymous_5)
FNF:6
FNH:3
FNDA:83,(anonymous_0)
FNDA:367,(anonymous_1)
FNDA:0,(anonymous_2)
FNDA:0,(anonymous_3)
FNDA:0,(anonymous_4)
FNDA:1,(anonymous_5)
DA:5,83
DA:6,367
DA:11,0
DA:12,0
DA:13,0
DA:14,0
DA:16,0
DA:19,1
LF:8
LH:3
BRDA:13,0,0,0
BRDA:13,0,1,0
BRF:2
BRH:0
end_of_record
TN:
SF:/Users/ignacioferropicon/Projects/Bi-Framework/Bi-Model/src/fieldTypes/phone.js
FN:4,(anonymous_0)
FNF:1
FNH:1
FNDA:2,(anonymous_0)
DA:4,2
LF:1
LH:1
BRF:0
BRH:0
end_of_record
TN:
SF:/Users/ignacioferropicon/Projects/Bi-Framework/Bi-Model/src/fieldTypes/productName.js
FN:4,(anonymous_0)
FNF:1
FNH:1
FNDA:1,(anonymous_0)
DA:4,1
LF:1
LH:1
BRF:0
BRH:0
end_of_record
TN:
SF:/Users/ignacioferropicon/Projects/Bi-Framework/Bi-Model/src/fieldTypes/string.js
FN:4,(anonymous_0)
FNF:1
FNH:1
FNDA:2,(anonymous_0)
DA:4,2
LF:1
LH:1
BRF:0
BRH:0
end_of_record
TN:
SF:/Users/ignacioferropicon/Projects/Bi-Framework/Bi-Model/src/fieldTypes/text.js
FN:4,(anonymous_0)
FNF:1
FNH:1
FNDA:1,(anonymous_0)
DA:4,1
LF:1
LH:1
BRF:0
BRH:0
end_of_record
TN:
SF:/Users/ignacioferropicon/Projects/Bi-Framework/Bi-Model/src/fieldTypes/url.js
FN:8,(anonymous_0)
FN:12,(anonymous_1)
FNF:2
FNH:2
FNDA:2,(anonymous_0)
FNDA:1,(anonymous_1)
DA:3,7
DA:8,2
DA:12,1
LF:3
LH:3
BRF:0
BRH:0
end_of_record
TN:
SF:/Users/ignacioferropicon/Projects/Bi-Framework/Bi-Model/src/parser/checkField.js
FN:31,checkField
FNF:1
FNH:1
FNDA:34,checkField
DA:5,1
DA:32,34
DA:33,34
DA:34,34
DA:35,34
DA:36,34
DA:37,1
DA:38,33
DA:39,1
DA:40,32
DA:41,1
DA:45,31
DA:46,131
DA:47,131
DA:48,1
DA:52,130
DA:53,2
DA:56,30
DA:58,30
DA:59,11
DA:60,11
DA:61,1
DA:65,10
DA:66,10
DA:67,10
DA:68,1
DA:73,28
LF:27
LH:27
BRDA:35,0,0,3
BRDA:35,0,1,31
BRDA:36,1,0,1
BRDA:36,1,1,33
BRDA:38,2,0,1
BRDA:38,2,1,32
BRDA:38,3,0,33
BRDA:38,3,1,4
BRDA:40,4,0,1
BRDA:40,4,1,31
BRDA:47,5,0,1
BRDA:47,5,1,130
BRDA:52,6,0,2
BRDA:52,6,1,128
BRDA:60,7,0,1
BRDA:60,7,1,10
BRDA:67,8,0,1
BRDA:67,8,1,9
BRF:18
BRH:18
end_of_record
TN:
SF:/Users/ignacioferropicon/Projects/Bi-Framework/Bi-Model/src/parser/generateGraphQLSchema.js
FN:5,getGraphQlField
FN:17,(anonymous_1)
FN:48,getFields
FN:50,(anonymous_3)
FN:54,(anonymous_4)
FN:57,getIndexedFields
FN:58,(anonymous_6)
FN:62,getEntityType
FN:69,generateGraphQLDefinition
FN:87,generateSortEnum
FN:92,(anonymous_10)
FN:99,generateGraphQLEntity
FN:138,generateGraphQLSchema
FN:147,(anonymous_13)
FN:161,(anonymous_14)
FN:165,(anonymous_15)
FN:173,(anonymous_16)
FN:176,(anonymous_17)
FNF:18
FNH:18
FNDA:570,getGraphQlField
FNDA:8,(anonymous_1)
FNDA:80,getFields
FNDA:570,(anonymous_3)
FNDA:570,(anonymous_4)
FNDA:28,getIndexedFields
FNDA:194,(anonymous_6)
FNDA:80,getEntityType
FNDA:80,generateGraphQLDefinition
FNDA:28,generateSortEnum
FNDA:106,(anonymous_10)
FNDA:28,generateGraphQLEntity
FNDA:4,generateGraphQLSchema
FNDA:28,(anonymous_13)
FNDA:56,(anonymous_14)
FNDA:72,(anonymous_15)
FNDA:2,(anonymous_16)
FNDA:8,(anonymous_17)
DA:6,570
DA:7,36
DA:10,534
DA:11,534
DA:13,534
DA:14,2
DA:15,2
DA:16,2
DA:17,8
DA:21,534
DA:22,30
DA:31,30
DA:36,504
DA:45,504
DA:49,80
DA:51,570
DA:54,570
DA:58,194
DA:59,28
DA:63,80
DA:64,2
DA:66,78
DA:70,80
DA:71,80
DA:72,80
DA:78,80
DA:79,54
DA:81,80
DA:82,80
DA:83,80
DA:84,80
DA:88,28
DA:89,28
DA:90,28
DA:91,24
DA:92,106
DA:93,24
DA:94,24
DA:96,28
DA:100,28
DA:101,28
DA:102,28
DA:103,28
DA:104,28
DA:105,26
DA:106,26
DA:108,28
DA:109,28
DA:110,28
DA:111,28
DA:112,24
DA:114,28
DA:115,28
DA:118,28
DA:119,24
DA:124,28
DA:125,24
DA:130,28
DA:131,24
DA:135,28
DA:139,4
DA:140,4
DA:141,4
DA:142,4
DA:143,4
DA:144,4
DA:145,4
DA:148,28
DA:155,28
DA:160,4
DA:161,56
DA:162,4
DA:163,4
DA:164,4
DA:165,72
DA:166,4
DA:167,4
DA:168,4
DA:169,4
DA:170,4
DA:171,4
DA:173,4
DA:174,2
DA:175,2
DA:176,8
DA:177,2
DA:178,2
DA:179,2
DA:182,4
LF:89
LH:89
BRDA:6,0,0,36
BRDA:6,0,1,534
BRDA:6,1,0,570
BRDA:6,1,1,376
BRDA:11,2,0,42
BRDA:11,2,1,492
BRDA:13,3,0,2
BRDA:13,3,1,532
BRDA:13,4,0,534
BRDA:13,4,1,6
BRDA:14,5,0,2
BRDA:14,5,1,0
BRDA:21,6,0,30
BRDA:21,6,1,504
BRDA:31,7,0,4
BRDA:31,7,1,26
BRDA:31,8,0,30
BRDA:31,8,1,6
BRDA:45,9,0,180
BRDA:45,9,1,324
BRDA:63,10,0,2
BRDA:63,10,1,78
BRDA:66,11,0,52
BRDA:66,11,1,26
BRDA:73,12,0,4
BRDA:73,12,1,76
BRDA:73,13,0,80
BRDA:73,13,1,28
BRDA:78,14,0,54
BRDA:78,14,1,26
BRDA:90,15,0,24
BRDA:90,15,1,4
BRDA:101,16,0,28
BRDA:101,16,1,0
BRDA:102,17,0,2
BRDA:102,17,1,26
BRDA:104,18,0,26
BRDA:104,18,1,2
BRDA:111,19,0,24
BRDA:111,19,1,4
BRDA:118,20,0,24
BRDA:118,20,1,4
BRDA:118,21,0,28
BRDA:118,21,1,26
BRDA:124,22,0,24
BRDA:124,22,1,4
BRDA:124,23,0,28
BRDA:124,23,1,26
BRDA:130,24,0,24
BRDA:130,24,1,4
BRDA:130,25,0,28
BRDA:130,25,1,26
BRF:52
BRH:50
end_of_record
TN:
SF:/Users/ignacioferropicon/Projects/Bi-Framework/Bi-Model/src/parser/getMongooseField.js
FN:11,getMongooseField
FN:16,processProperty
FN:17,(anonymous_2)
FNF:3
FNH:3
FNDA:2,getMongooseField
FNDA:6,processProperty
FNDA:6,(anonymous_2)
DA:3,1
DA:11,1
DA:12,2
DA:17,6
DA:18,6
DA:19,6
DA:20,1
DA:29,2
DA:30,2
DA:31,2
DA:32,0
DA:34,2
LF:12
LH:11
BRDA:19,0,0,1
BRDA:19,0,1,5
BRDA:30,1,0,2
BRDA:30,1,1,0
BRDA:31,2,0,0
BRDA:31,2,1,2
BRDA:31,3,0,2
BRDA:31,3,1,0
BRF:8
BRH:5
end_of_record
TN:
SF:/Users/ignacioferropicon/Projects/Bi-Framework/Bi-Model/src/parser/optimizeDataModel.js
FN:3,getEntityFromModel
FN:4,(anonymous_1)
FN:7,addEntityAndReferences
FN:9,(anonymous_3)
FN:11,(anonymous_4)
FN:12,(anonymous_5)
FN:12,(anonymous_6)
FN:23,processEntity
FN:34,(anonymous_8)
FN:35,(anonymous_9)
FN:36,(anonymous_10)
FN:48,getRelatedEntities
FN:53,(anonymous_12)
FN:59,calculateComposedModel
FN:68,(anonymous_14)
FN:70,(anonymous_15)
FN:74,(anonymous_16)
FN:82,addComposedEntities
FN:84,(anonymous_18)
FN:94,(anonymous_19)
FNF:20
FNH:20
FNDA:72,getEntityFromModel
FNDA:176,(anonymous_1)
FNDA:8,addEntityAndReferences
FNDA:65,(anonymous_3)
FNDA:393,(anonymous_4)
FNDA:393,(anonymous_5)
FNDA:6,(anonymous_6)
FNDA:38,processEntity
FNDA:246,(anonymous_8)
FNDA:246,(anonymous_9)
FNDA:60,(anonymous_10)
FNDA:9,getRelatedEntities
FNDA:6,(anonymous_12)
FNDA:3,calculateComposedModel
FNDA:57,(anonymous_14)
FNDA:57,(anonymous_15)
FNDA:9,(anonymous_16)
FNDA:5,addComposedEntities
FNDA:35,(anonymous_18)
FNDA:5,(anonymous_19)
DA:4,176
DA:8,8
DA:9,8
DA:10,65
DA:11,393
DA:12,393
DA:13,6
DA:14,3
DA:15,3
DA:20,8
DA:24,38
DA:25,6
DA:26,6
DA:27,3
DA:28,3
DA:29,3
DA:32,38
DA:33,38
DA:34,246
DA:35,246
DA:37,60
DA:38,60
DA:39,13
DA:40,13
DA:41,13
DA:45,38
DA:49,9
DA:50,6
DA:52,3
DA:53,3
DA:54,6
DA:56,3
DA:60,3
DA:61,3
DA:62,3
DA:63,6
DA:65,3
DA:66,3
DA:67,3
DA:69,57
DA:71,57
DA:75,9
DA:77,3
DA:79,0
DA:83,5
DA:84,5
DA:85,35
DA:86,3
DA:88,32
DA:91,5
DA:95,5
DA:96,5
DA:97,5
DA:98,5
DA:99,5
DA:100,22
DA:102,5
LF:57
LH:56
BRDA:10,0,0,65
BRDA:10,0,1,0
BRDA:13,1,0,3
BRDA:13,1,1,3
BRDA:20,2,0,3
BRDA:20,2,1,5
BRDA:24,3,0,6
BRDA:24,3,1,32
BRDA:26,4,0,3
BRDA:26,4,1,3
BRDA:32,5,0,38
BRDA:32,5,1,0
BRDA:38,6,0,13
BRDA:38,6,1,47
BRDA:49,7,0,6
BRDA:49,7,1,3
BRDA:61,8,0,3
BRDA:61,8,1,0
BRDA:71,9,0,57
BRDA:71,9,1,33
BRDA:85,10,0,3
BRDA:85,10,1,32
BRDA:85,11,0,35
BRDA:85,11,1,3
BRF:24
BRH:21
end_of_record
TN:
SF:/Users/ignacioferropicon/Projects/Bi-Framework/Bi-Model/src/parser/properties.js
FN:4,stringifyNativeType
FN:16,check
FN:24,(anonymous_2)
FN:29,getValue
FNF:4
FNH:4
FNDA:836,stringifyNativeType
FNDA:126,check
FNDA:5,(anonymous_2)
FNDA:684,getValue
DA:5,836
DA:6,2
DA:7,834
DA:8,796
DA:9,38
DA:10,31
DA:12,7
DA:13,7
DA:17,126
DA:18,126
DA:19,126
DA:20,69
DA:21,57
DA:22,11
DA:23,46
DA:24,5
DA:26,43
DA:30,684
DA:31,684
DA:32,684
DA:33,547
DA:34,137
DA:35,2
DA:36,2
DA:37,135
DA:38,130
DA:39,5
DA:40,4
DA:42,1
LF:29
LH:29
BRDA:5,0,0,2
BRDA:5,0,1,834
BRDA:5,1,0,836
BRDA:5,1,1,835
BRDA:7,2,0,796
BRDA:7,2,1,38
BRDA:9,3,0,31
BRDA:9,3,1,7
BRDA:9,4,0,38
BRDA:9,4,1,33
BRDA:19,5,0,69
BRDA:19,5,1,57
BRDA:19,6,0,126
BRDA:19,6,1,124
BRDA:21,7,0,11
BRDA:21,7,1,46
BRDA:23,8,0,3
BRDA:23,8,1,43
BRDA:23,9,0,46
BRDA:23,9,1,6
BRDA:32,10,0,547
BRDA:32,10,1,137
BRDA:34,11,0,2
BRDA:34,11,1,135
BRDA:37,12,0,130
BRDA:37,12,1,5
BRDA:39,13,0,4
BRDA:39,13,1,1
BRDA:39,14,0,5
BRDA:39,14,1,4
BRDA:40,15,0,4
BRDA:40,15,1,2
BRF:32
BRH:32
end_of_record
TN:
SF:/Users/ignacioferropicon/Projects/Bi-Framework/Bi-Model/src/parser/validateModel.js
FN:3,validateModel
FNF:1
FNH:1
FNDA:3,validateModel
DA:4,3
DA:5,3
DA:6,25
DA:7,25
DA:8,25
DA:10,3
LF:6
LH:6
BRF:0
BRH:0
end_of_record
TN:
SF:/Users/ignacioferropicon/Projects/Bi-Framework/Bi-Model/src/tools/isEquivalent.js
FN:3,isEquivalent
FNF:1
FNH:1
FNDA:79,isEquivalent
DA:4,79
DA:5,79
DA:7,79
DA:8,2
DA:11,77
DA:12,188
DA:13,188
DA:14,64
DA:19,29
DA:24,48
LF:10
LH:10
BRDA:7,0,0,2
BRDA:7,0,1,77
BRDA:13,1,0,64
BRDA:13,1,1,124
BRDA:14,2,0,29
BRDA:14,2,1,35
BRDA:15,3,0,64
BRDA:15,3,1,36
BRDA:15,4,0,64
BRDA:15,4,1,36
BRF:10
BRH:10
end_of_record
TN:
SF:/Users/ignacioferropicon/Projects/Bi-Framework/Bi-Model/src/tools/objectUtils.js
FNF:0
FNH:0
DA:1,9
DA:2,9
DA:3,9
LF:3
LH:3
BRF:0
BRH:0
end_of_record
