TN:
SF:/Users/marcosgonzalez/Proyectos/Bi-Framework/Bi-Model/sample/biBooks/dataModel/additionalMaterials.js
FN:30,(anonymous_0)
FN:37,(anonymous_1)
FN:57,(anonymous_2)
FN:64,(anonymous_3)
FNF:4
FNH:0
FNDA:0,(anonymous_0)
FNDA:0,(anonymous_1)
FNDA:0,(anonymous_2)
FNDA:0,(anonymous_3)
DA:30,0
DA:37,0
DA:57,0
DA:64,0
LF:4
LH:0
BRDA:57,0,0,0
BRDA:57,0,1,0
BRF:2
BRH:0
end_of_record
TN:
SF:/Users/marcosgonzalez/Proyectos/Bi-Framework/Bi-Model/sample/biBooks/dataModel/authors.js
FN:42,(anonymous_0)
FN:65,(anonymous_1)
FNF:2
FNH:0
FNDA:0,(anonymous_0)
FNDA:0,(anonymous_1)
DA:42,0
DA:65,0
LF:2
LH:0
BRDA:42,0,0,0
BRDA:42,0,1,0
BRF:2
BRH:0
end_of_record
TN:
SF:/Users/marcosgonzalez/Proyectos/Bi-Framework/Bi-Model/sample/biBooks/dataModel/books.js
FN:57,(anonymous_0)
FN:68,(anonymous_1)
FN:75,(anonymous_2)
FN:136,(anonymous_3)
FN:167,(anonymous_4)
FNF:5
FNH:1
FNDA:1,(anonymous_0)
FNDA:0,(anonymous_1)
FNDA:0,(anonymous_2)
FNDA:0,(anonymous_3)
FNDA:0,(anonymous_4)
DA:57,1
DA:68,0
DA:75,0
DA:136,0
DA:167,0
LF:5
LH:1
BRDA:136,0,0,0
BRDA:136,0,1,0
BRF:2
BRH:0
end_of_record
TN:
SF:/Users/marcosgonzalez/Proyectos/Bi-Framework/Bi-Model/sample/biBooks/dataModel/index.js
FNF:0
FNH:0
LF:0
LH:0
BRF:0
BRH:0
end_of_record
TN:
SF:/Users/marcosgonzalez/Proyectos/Bi-Framework/Bi-Model/sample/biBooks/dataModel/topics.js
FNF:0
FNH:0
LF:0
LH:0
BRF:0
BRH:0
end_of_record
TN:
SF:/Users/marcosgonzalez/Proyectos/Bi-Framework/Bi-Model/sample/full/dataModel/cities.js
FNF:0
FNH:0
LF:0
LH:0
BRF:0
BRH:0
end_of_record
TN:
SF:/Users/marcosgonzalez/Proyectos/Bi-Framework/Bi-Model/sample/full/dataModel/companies.js
FN:42,(anonymous_0)
FN:46,(anonymous_1)
FN:52,(anonymous_2)
FNF:3
FNH:0
FNDA:0,(anonymous_0)
FNDA:0,(anonymous_1)
FNDA:0,(anonymous_2)
DA:42,0
DA:46,0
DA:53,0
LF:3
LH:0
BRDA:42,0,0,0
BRDA:42,0,1,0
BRDA:53,1,0,0
BRDA:53,1,1,0
BRF:4
BRH:0
end_of_record
TN:
SF:/Users/marcosgonzalez/Proyectos/Bi-Framework/Bi-Model/sample/full/dataModel/contacts.js
FN:25,(anonymous_0)
FNF:1
FNH:0
FNDA:0,(anonymous_0)
DA:26,0
LF:1
LH:0
BRDA:26,0,0,0
BRDA:26,0,1,0
BRF:2
BRH:0
end_of_record
TN:
SF:/Users/marcosgonzalez/Proyectos/Bi-Framework/Bi-Model/sample/full/dataModel/countries.js
FN:37,(anonymous_0)
FNF:1
FNH:1
FNDA:1,(anonymous_0)
DA:37,1
LF:1
LH:1
BRF:0
BRH:0
end_of_record
TN:
SF:/Users/marcosgonzalez/Proyectos/Bi-Framework/Bi-Model/sample/full/dataModel/customers.js
FN:35,(anonymous_0)
FN:44,(anonymous_1)
FN:54,(anonymous_2)
FN:55,(anonymous_3)
FN:84,(anonymous_4)
FN:96,(anonymous_5)
FN:106,(anonymous_6)
FN:114,(anonymous_7)
FN:123,(anonymous_8)
FN:132,(anonymous_9)
FN:132,(anonymous_10)
FN:157,(anonymous_11)
FN:169,(anonymous_12)
FN:182,(anonymous_13)
FN:196,(anonymous_14)
FN:204,(anonymous_15)
FN:206,(anonymous_16)
FN:207,(anonymous_17)
FN:230,(anonymous_18)
FN:243,(anonymous_19)
FN:258,(anonymous_20)
FN:274,(anonymous_21)
FN:278,(anonymous_22)
FN:284,(anonymous_23)
FNF:24
FNH:3
FNDA:0,(anonymous_0)
FNDA:0,(anonymous_1)
FNDA:0,(anonymous_2)
FNDA:0,(anonymous_3)
FNDA:0,(anonymous_4)
FNDA:0,(anonymous_5)
FNDA:0,(anonymous_6)
FNDA:0,(anonymous_7)
FNDA:0,(anonymous_8)
FNDA:1,(anonymous_9)
FNDA:1,(anonymous_10)
FNDA:0,(anonymous_11)
FNDA:0,(anonymous_12)
FNDA:0,(anonymous_13)
FNDA:0,(anonymous_14)
FNDA:1,(anonymous_15)
FNDA:0,(anonymous_16)
FNDA:0,(anonymous_17)
FNDA:0,(anonymous_18)
FNDA:0,(anonymous_19)
FNDA:0,(anonymous_20)
FNDA:0,(anonymous_21)
FNDA:0,(anonymous_22)
FNDA:0,(anonymous_23)
DA:35,0
DA:44,0
DA:54,0
DA:55,0
DA:84,0
DA:96,0
DA:106,0
DA:114,0
DA:123,0
DA:132,1
DA:157,0
DA:169,0
DA:182,0
DA:196,0
DA:204,1
DA:206,0
DA:207,0
DA:230,0
DA:243,0
DA:258,0
DA:274,0
DA:278,0
DA:285,0
LF:23
LH:2
BRDA:84,0,0,0
BRDA:84,0,1,0
BRDA:96,1,0,0
BRDA:96,1,1,0
BRDA:123,2,0,0
BRDA:123,2,1,0
BRDA:182,3,0,0
BRDA:182,3,1,0
BRDA:196,4,0,0
BRDA:196,4,1,0
BRDA:206,5,0,0
BRDA:206,5,1,0
BRDA:207,6,0,0
BRDA:207,6,1,0
BRDA:274,7,0,0
BRDA:274,7,1,0
BRDA:285,8,0,0
BRDA:285,8,1,0
BRF:18
BRH:0
end_of_record
TN:
SF:/Users/marcosgonzalez/Proyectos/Bi-Framework/Bi-Model/sample/full/dataModel/index.js
FNF:0
FNH:0
LF:0
LH:0
BRF:0
BRH:0
end_of_record
TN:
SF:/Users/marcosgonzalez/Proyectos/Bi-Framework/Bi-Model/sample/full/dataModel/leads.js
FN:53,(anonymous_0)
FN:65,(anonymous_1)
FN:75,(anonymous_2)
FN:83,(anonymous_3)
FN:92,(anonymous_4)
FN:110,(anonymous_5)
FN:122,(anonymous_6)
FN:127,(anonymous_7)
FN:143,(anonymous_8)
FN:147,(anonymous_9)
FN:153,(anonymous_10)
FNF:11
FNH:0
FNDA:0,(anonymous_0)
FNDA:0,(anonymous_1)
FNDA:0,(anonymous_2)
FNDA:0,(anonymous_3)
FNDA:0,(anonymous_4)
FNDA:0,(anonymous_5)
FNDA:0,(anonymous_6)
FNDA:0,(anonymous_7)
FNDA:0,(anonymous_8)
FNDA:0,(anonymous_9)
FNDA:0,(anonymous_10)
DA:53,0
DA:65,0
DA:75,0
DA:83,0
DA:92,0
DA:110,0
DA:122,0
DA:127,0
DA:143,0
DA:147,0
DA:154,0
LF:11
LH:0
BRDA:53,0,0,0
BRDA:53,0,1,0
BRDA:65,1,0,0
BRDA:65,1,1,0
BRDA:92,2,0,0
BRDA:92,2,1,0
BRDA:143,3,0,0
BRDA:143,3,1,0
BRDA:154,4,0,0
BRDA:154,4,1,0
BRF:10
BRH:0
end_of_record
TN:
SF:/Users/marcosgonzalez/Proyectos/Bi-Framework/Bi-Model/sample/full/dataModel/markets.js
FN:29,(anonymous_0)
FNF:1
FNH:1
FNDA:1,(anonymous_0)
DA:29,1
LF:1
LH:1
BRF:0
BRH:0
end_of_record
TN:
SF:/Users/marcosgonzalez/Proyectos/Bi-Framework/Bi-Model/sample/full/dataModel/skills.js
FN:29,(anonymous_0)
FNF:1
FNH:1
FNDA:1,(anonymous_0)
DA:29,1
LF:1
LH:1
BRF:0
BRH:0
end_of_record
TN:
SF:/Users/marcosgonzalez/Proyectos/Bi-Framework/Bi-Model/sample/full/dataModel/users.js
FN:26,(anonymous_0)
FN:34,(anonymous_1)
FN:43,(anonymous_2)
FN:62,(anonymous_3)
FN:68,(anonymous_4)
FN:84,(anonymous_5)
FN:88,(anonymous_6)
FN:94,(anonymous_7)
FNF:8
FNH:0
FNDA:0,(anonymous_0)
FNDA:0,(anonymous_1)
FNDA:0,(anonymous_2)
FNDA:0,(anonymous_3)
FNDA:0,(anonymous_4)
FNDA:0,(anonymous_5)
FNDA:0,(anonymous_6)
FNDA:0,(anonymous_7)
DA:26,0
DA:34,0
DA:43,0
DA:62,0
DA:68,0
DA:84,0
DA:88,0
DA:95,0
LF:8
LH:0
BRDA:43,0,0,0
BRDA:43,0,1,0
BRDA:84,1,0,0
BRDA:84,1,1,0
BRDA:95,2,0,0
BRDA:95,2,1,0
BRF:6
BRH:0
end_of_record
TN:
SF:/Users/marcosgonzalez/Proyectos/Bi-Framework/Bi-Model/sample/withErrors/dataModel/index.js
FNF:0
FNH:0
LF:0
LH:0
BRF:0
BRH:0
end_of_record
TN:
SF:/Users/marcosgonzalez/Proyectos/Bi-Framework/Bi-Model/sample/withErrors/dataModel/withInvalidTargetField.js
FNF:0
FNH:0
LF:0
LH:0
BRF:0
BRH:0
end_of_record
TN:
SF:/Users/marcosgonzalez/Proyectos/Bi-Framework/Bi-Model/src/config/settings.js
FN:5,(anonymous_0)
FN:6,(anonymous_1)
FNF:2
FNH:0
FNDA:0,(anonymous_0)
FNDA:0,(anonymous_1)
DA:3,6
DA:5,6
DA:6,0
DA:7,0
LF:4
LH:2
BRDA:3,0,0,6
BRDA:3,0,1,6
BRF:2
BRH:2
end_of_record
TN:
SF:/Users/marcosgonzalez/Proyectos/Bi-Framework/Bi-Model/src/enums/gender.js
FNF:0
FNH:0
LF:0
LH:0
BRF:0
BRH:0
end_of_record
TN:
SF:/Users/marcosgonzalez/Proyectos/Bi-Framework/Bi-Model/src/fieldTypes/NIFCIF.js
FN:4,(anonymous_0)
FNF:1
FNH:1
FNDA:1,(anonymous_0)
DA:4,1
LF:1
LH:1
BRF:0
BRH:0
end_of_record
TN:
SF:/Users/marcosgonzalez/Proyectos/Bi-Framework/Bi-Model/src/fieldTypes/boolean.js
FN:4,(anonymous_0)
FNF:1
FNH:1
FNDA:10,(anonymous_0)
DA:4,10
LF:1
LH:1
BRF:0
BRH:0
end_of_record
TN:
SF:/Users/marcosgonzalez/Proyectos/Bi-Framework/Bi-Model/src/fieldTypes/cityName.js
FN:4,(anonymous_0)
FNF:1
FNH:1
FNDA:1,(anonymous_0)
DA:4,1
LF:1
LH:1
BRF:0
BRH:0
end_of_record
TN:
SF:/Users/marcosgonzalez/Proyectos/Bi-Framework/Bi-Model/src/fieldTypes/companyName.js
FN:4,(anonymous_0)
FNF:1
FNH:1
FNDA:1,(anonymous_0)
DA:4,1
LF:1
LH:1
BRF:0
BRH:0
end_of_record
TN:
SF:/Users/marcosgonzalez/Proyectos/Bi-Framework/Bi-Model/src/fieldTypes/countryName.js
FN:4,(anonymous_0)
FNF:1
FNH:1
FNDA:1,(anonymous_0)
DA:4,1
LF:1
LH:1
BRF:0
BRH:0
end_of_record
TN:
SF:/Users/marcosgonzalez/Proyectos/Bi-Framework/Bi-Model/src/fieldTypes/dateTime.js
FN:9,(anonymous_0)
FNF:1
FNH:1
FNDA:16,(anonymous_0)
DA:3,5
DA:4,5
DA:5,5
DA:6,5
DA:10,16
LF:5
LH:5
BRDA:10,0,0,16
BRDA:10,0,1,12
BRDA:10,1,0,16
BRDA:10,1,1,6
BRF:4
BRH:4
end_of_record
TN:
SF:/Users/marcosgonzalez/Proyectos/Bi-Framework/Bi-Model/src/fieldTypes/ean.js
FN:3,(anonymous_0)
FN:6,(anonymous_1)
FN:7,(anonymous_2)
FN:15,(anonymous_3)
FNF:4
FNH:4
FNDA:24,(anonymous_0)
FNDA:2,(anonymous_1)
FNDA:24,(anonymous_2)
FNDA:2,(anonymous_3)
DA:3,24
DA:7,24
DA:8,2
DA:9,2
DA:10,2
DA:15,2
LF:6
LH:6
BRF:0
BRH:0
end_of_record
TN:
SF:/Users/marcosgonzalez/Proyectos/Bi-Framework/Bi-Model/src/fieldTypes/email.js
FN:4,(anonymous_0)
FN:5,(anonymous_1)
FNF:2
FNH:2
FNDA:4,(anonymous_0)
FNDA:4,(anonymous_1)
DA:4,4
DA:6,4
LF:2
LH:2
BRF:0
BRH:0
end_of_record
TN:
SF:/Users/marcosgonzalez/Proyectos/Bi-Framework/Bi-Model/src/fieldTypes/enum.js
FN:2,(anonymous_0)
FN:4,(anonymous_1)
FN:6,(anonymous_2)
FNF:3
FNH:2
FNDA:1,(anonymous_0)
FNDA:0,(anonymous_1)
FNDA:1,(anonymous_2)
DA:2,1
DA:4,0
DA:6,1
LF:3
LH:2
BRF:0
BRH:0
end_of_record
TN:
SF:/Users/marcosgonzalez/Proyectos/Bi-Framework/Bi-Model/src/fieldTypes/firstName.js
FN:4,(anonymous_0)
FNF:1
FNH:1
FNDA:7,(anonymous_0)
DA:4,7
LF:1
LH:1
BRF:0
BRH:0
end_of_record
TN:
SF:/Users/marcosgonzalez/Proyectos/Bi-Framework/Bi-Model/src/fieldTypes/float.js
FN:5,(anonymous_0)
FNF:1
FNH:0
FNDA:0,(anonymous_0)
DA:1,5
DA:2,5
DA:6,0
DA:7,0
DA:8,0
DA:9,0
DA:10,0
LF:7
LH:2
BRDA:6,0,0,0
BRDA:6,0,1,0
BRDA:7,1,0,0
BRDA:7,1,1,0
BRF:4
BRH:0
end_of_record
TN:
SF:/Users/marcosgonzalez/Proyectos/Bi-Framework/Bi-Model/src/fieldTypes/image.js
FN:4,(anonymous_0)
FNF:1
FNH:0
FNDA:0,(anonymous_0)
DA:4,0
LF:1
LH:0
BRF:0
BRH:0
end_of_record
TN:
SF:/Users/marcosgonzalez/Proyectos/Bi-Framework/Bi-Model/src/fieldTypes/index.js
FN:54,isValidBinParType
FN:70,isReference
FN:75,getMongooseType
FNF:3
FNH:3
FNDA:269,isValidBinParType
FNDA:135,isReference
FNDA:134,getMongooseType
DA:55,269
DA:56,269
DA:57,269
DA:58,0
DA:60,269
DA:61,0
DA:63,269
DA:71,135
DA:72,135
DA:76,134
DA:77,134
LF:11
LH:9
BRDA:56,0,0,11
BRDA:56,0,1,258
BRDA:57,1,0,0
BRDA:57,1,1,269
BRDA:60,2,0,0
BRDA:60,2,1,269
BRDA:72,3,0,135
BRDA:72,3,1,96
BRDA:72,3,2,96
BRDA:77,4,0,4
BRDA:77,4,1,130
BRF:11
BRH:9
end_of_record
TN:
SF:/Users/marcosgonzalez/Proyectos/Bi-Framework/Bi-Model/src/fieldTypes/int.js
FN:5,(anonymous_0)
FNF:1
FNH:1
FNDA:2,(anonymous_0)
DA:1,5
DA:2,5
DA:6,2
DA:7,2
DA:8,2
DA:9,2
DA:10,2
LF:7
LH:7
BRDA:6,0,0,2
BRDA:6,0,1,2
BRDA:7,1,0,2
BRDA:7,1,1,2
BRF:4
BRH:4
end_of_record
TN:
SF:/Users/marcosgonzalez/Proyectos/Bi-Framework/Bi-Model/src/fieldTypes/lastName.js
FN:4,(anonymous_0)
FNF:1
FNH:1
FNDA:4,(anonymous_0)
DA:4,4
LF:1
LH:1
BRF:0
BRH:0
end_of_record
TN:
SF:/Users/marcosgonzalez/Proyectos/Bi-Framework/Bi-Model/src/fieldTypes/manyToManyReference.js
FN:5,(anonymous_0)
FN:6,(anonymous_1)
FN:9,(anonymous_2)
FN:10,(anonymous_3)
FN:12,(anonymous_4)
FN:19,(anonymous_5)
FN:24,(anonymous_6)
FN:24,(anonymous_7)
FN:29,(anonymous_8)
FN:31,(anonymous_9)
FNF:10
FNH:0
FNDA:0,(anonymous_0)
FNDA:0,(anonymous_1)
FNDA:0,(anonymous_2)
FNDA:0,(anonymous_3)
FNDA:0,(anonymous_4)
FNDA:0,(anonymous_5)
FNDA:0,(anonymous_6)
FNDA:0,(anonymous_7)
FNDA:0,(anonymous_8)
FNDA:0,(anonymous_9)
DA:6,0
DA:10,0
DA:12,0
DA:13,0
DA:14,0
DA:16,0
DA:19,0
DA:24,0
DA:30,0
DA:31,0
DA:33,0
DA:34,0
DA:36,0
LF:13
LH:0
BRDA:13,0,0,0
BRDA:13,0,1,0
BRDA:33,1,0,0
BRDA:33,1,1,0
BRF:4
BRH:0
end_of_record
TN:
SF:/Users/marcosgonzalez/Proyectos/Bi-Framework/Bi-Model/src/fieldTypes/manyToOneReference.js
FN:5,(anonymous_0)
FN:6,(anonymous_1)
FN:9,(anonymous_2)
FN:10,(anonymous_3)
FN:12,(anonymous_4)
FN:19,(anonymous_5)
FN:24,(anonymous_6)
FN:24,(anonymous_7)
FN:29,(anonymous_8)
FN:31,(anonymous_9)
FNF:10
FNH:2
FNDA:6,(anonymous_0)
FNDA:6,(anonymous_1)
FNDA:0,(anonymous_2)
FNDA:0,(anonymous_3)
FNDA:0,(anonymous_4)
FNDA:0,(anonymous_5)
FNDA:0,(anonymous_6)
FNDA:0,(anonymous_7)
FNDA:0,(anonymous_8)
FNDA:0,(anonymous_9)
DA:6,6
DA:10,0
DA:12,0
DA:13,0
DA:14,0
DA:16,0
DA:19,0
DA:24,0
DA:30,0
DA:31,0
DA:33,0
DA:34,0
DA:36,0
LF:13
LH:1
BRDA:13,0,0,0
BRDA:13,0,1,0
BRDA:33,1,0,0
BRDA:33,1,1,0
BRF:4
BRH:0
end_of_record
TN:
SF:/Users/marcosgonzalez/Proyectos/Bi-Framework/Bi-Model/src/fieldTypes/markdown.js
FN:4,(anonymous_0)
FNF:1
FNH:0
FNDA:0,(anonymous_0)
DA:4,0
LF:1
LH:0
BRF:0
BRH:0
end_of_record
TN:
SF:/Users/marcosgonzalez/Proyectos/Bi-Framework/Bi-Model/src/fieldTypes/object.js
FN:2,(anonymous_0)
FN:3,(anonymous_1)
FNF:2
FNH:2
FNDA:6,(anonymous_0)
FNDA:1,(anonymous_1)
DA:2,6
DA:3,1
LF:2
LH:2
BRF:0
BRH:0
end_of_record
TN:
SF:/Users/marcosgonzalez/Proyectos/Bi-Framework/Bi-Model/src/fieldTypes/oneToManyReference.js
FN:5,(anonymous_0)
FN:6,(anonymous_1)
FN:9,(anonymous_2)
FN:11,(anonymous_3)
FN:12,(anonymous_4)
FN:19,(anonymous_5)
FNF:6
FNH:2
FNDA:70,(anonymous_0)
FNDA:318,(anonymous_1)
FNDA:0,(anonymous_2)
FNDA:0,(anonymous_3)
FNDA:0,(anonymous_4)
FNDA:0,(anonymous_5)
DA:5,70
DA:6,318
DA:11,0
DA:12,0
DA:13,0
DA:14,0
DA:16,0
DA:19,0
LF:8
LH:2
BRDA:13,0,0,0
BRDA:13,0,1,0
BRF:2
BRH:0
end_of_record
TN:
SF:/Users/marcosgonzalez/Proyectos/Bi-Framework/Bi-Model/src/fieldTypes/phone.js
FN:4,(anonymous_0)
FNF:1
FNH:1
FNDA:3,(anonymous_0)
DA:4,3
LF:1
LH:1
BRF:0
BRH:0
end_of_record
TN:
SF:/Users/marcosgonzalez/Proyectos/Bi-Framework/Bi-Model/src/fieldTypes/productName.js
FN:4,(anonymous_0)
FNF:1
FNH:1
FNDA:3,(anonymous_0)
DA:4,3
LF:1
LH:1
BRF:0
BRH:0
end_of_record
TN:
SF:/Users/marcosgonzalez/Proyectos/Bi-Framework/Bi-Model/src/fieldTypes/string.js
FN:4,(anonymous_0)
FNF:1
FNH:1
FNDA:11,(anonymous_0)
DA:4,11
LF:1
LH:1
BRF:0
BRH:0
end_of_record
TN:
SF:/Users/marcosgonzalez/Proyectos/Bi-Framework/Bi-Model/src/fieldTypes/text.js
FN:4,(anonymous_0)
FNF:1
FNH:1
FNDA:1,(anonymous_0)
DA:4,1
LF:1
LH:1
BRF:0
BRH:0
end_of_record
TN:
SF:/Users/marcosgonzalez/Proyectos/Bi-Framework/Bi-Model/src/fieldTypes/url.js
FN:8,(anonymous_0)
FN:12,(anonymous_1)
FNF:2
FNH:2
FNDA:1,(anonymous_0)
FNDA:2,(anonymous_1)
DA:3,5
DA:8,1
DA:12,2
LF:3
LH:3
BRF:0
BRH:0
end_of_record
TN:
SF:/Users/marcosgonzalez/Proyectos/Bi-Framework/Bi-Model/src/parser/checkField.js
FN:31,checkField
FNF:1
FNH:1
FNDA:35,checkField
DA:5,1
DA:32,35
DA:33,35
DA:34,35
DA:35,35
DA:36,35
DA:37,1
DA:38,34
DA:39,1
DA:40,33
DA:41,1
DA:45,32
DA:46,134
DA:47,134
DA:48,1
DA:52,133
DA:53,2
DA:56,31
DA:58,31
DA:59,11
DA:60,11
DA:61,1
DA:65,10
DA:66,10
DA:67,10
DA:68,1
DA:73,29
LF:27
LH:27
BRDA:35,0,0,3
BRDA:35,0,1,32
BRDA:36,1,0,1
BRDA:36,1,1,34
BRDA:38,2,0,1
BRDA:38,2,1,33
BRDA:38,3,0,34
BRDA:38,3,1,4
BRDA:40,4,0,1
BRDA:40,4,1,32
BRDA:47,5,0,1
BRDA:47,5,1,133
BRDA:52,6,0,2
BRDA:52,6,1,131
BRDA:60,7,0,1
BRDA:60,7,1,10
BRDA:67,8,0,1
BRDA:67,8,1,9
BRF:18
BRH:18
end_of_record
TN:
SF:/Users/marcosgonzalez/Proyectos/Bi-Framework/Bi-Model/src/parser/generateGraphQLSchema.js
FN:5,getGraphQlField
FN:20,(anonymous_1)
FN:52,getFields
FN:54,(anonymous_3)
FN:58,(anonymous_4)
FN:61,getIndexedFields
FN:62,(anonymous_6)
FN:66,getEntityType
FN:73,generateGraphQLDefinition
FN:91,generateSortEnum
FN:96,(anonymous_10)
FN:103,generateGraphQLEntity
FN:146,generateGraphQLSchema
FN:155,(anonymous_13)
FN:169,(anonymous_14)
FN:173,(anonymous_15)
FN:181,(anonymous_16)
FN:184,(anonymous_17)
FNF:18
FNH:15
FNDA:312,getGraphQlField
FNDA:0,(anonymous_1)
FNDA:56,getFields
FNDA:312,(anonymous_3)
FNDA:312,(anonymous_4)
FNDA:20,getIndexedFields
FNDA:108,(anonymous_6)
FNDA:56,getEntityType
FNDA:56,generateGraphQLDefinition
FNDA:20,generateSortEnum
FNDA:36,(anonymous_10)
FNDA:20,generateGraphQLEntity
FNDA:2,generateGraphQLSchema
FNDA:20,(anonymous_13)
FNDA:40,(anonymous_14)
FNDA:48,(anonymous_15)
FNDA:0,(anonymous_16)
FNDA:0,(anonymous_17)
DA:6,312
DA:7,16
DA:10,296
DA:11,296
DA:12,12
DA:13,12
DA:16,296
DA:17,0
DA:18,0
DA:19,0
DA:20,0
DA:24,296
DA:25,12
DA:34,12
DA:40,284
DA:49,284
DA:53,56
DA:55,312
DA:58,312
DA:62,108
DA:63,20
DA:67,56
DA:68,2
DA:70,54
DA:74,56
DA:75,56
DA:76,56
DA:82,56
DA:83,38
DA:85,56
DA:86,56
DA:87,56
DA:88,56
DA:92,20
DA:93,20
DA:94,20
DA:95,16
DA:96,36
DA:97,16
DA:98,16
DA:100,20
DA:104,20
DA:105,20
DA:106,20
DA:107,0
DA:108,0
DA:111,20
DA:112,20
DA:113,18
DA:114,18
DA:116,20
DA:117,20
DA:118,20
DA:119,20
DA:120,16
DA:122,20
DA:123,20
DA:126,20
DA:127,16
DA:132,20
DA:133,16
DA:138,20
DA:139,16
DA:143,20
DA:147,2
DA:148,2
DA:149,2
DA:150,2
DA:151,2
DA:152,2
DA:153,2
DA:156,20
DA:163,20
DA:168,2
DA:169,40
DA:170,2
DA:171,2
DA:172,2
DA:173,48
DA:174,2
DA:175,2
DA:176,2
DA:177,2
DA:178,2
DA:179,2
DA:181,2
DA:182,0
DA:183,0
DA:184,0
DA:185,0
DA:186,0
DA:187,0
DA:190,2
LF:93
LH:81
BRDA:6,0,0,16
BRDA:6,0,1,296
BRDA:6,1,0,312
BRDA:6,1,1,204
BRDA:11,2,0,12
BRDA:11,2,1,284
BRDA:13,3,0,12
BRDA:13,3,1,0
BRDA:16,4,0,0
BRDA:16,4,1,296
BRDA:16,5,0,296
BRDA:16,5,1,0
BRDA:17,6,0,0
BRDA:17,6,1,0
BRDA:24,7,0,12
BRDA:24,7,1,284
BRDA:34,8,0,4
BRDA:34,8,1,8
BRDA:34,9,0,12
BRDA:34,9,1,6
BRDA:49,10,0,54
BRDA:49,10,1,230
BRDA:67,11,0,2
BRDA:67,11,1,54
BRDA:70,12,0,36
BRDA:70,12,1,18
BRDA:77,13,0,4
BRDA:77,13,1,52
BRDA:77,14,0,56
BRDA:77,14,1,20
BRDA:82,15,0,38
BRDA:82,15,1,18
BRDA:94,16,0,16
BRDA:94,16,1,4
BRDA:105,17,0,20
BRDA:105,17,1,0
BRDA:106,18,0,0
BRDA:106,18,1,20
BRDA:108,19,0,0
BRDA:108,19,1,0
BRDA:112,20,0,18
BRDA:112,20,1,2
BRDA:119,21,0,16
BRDA:119,21,1,4
BRDA:126,22,0,16
BRDA:126,22,1,4
BRDA:126,23,0,20
BRDA:126,23,1,18
BRDA:132,24,0,16
BRDA:132,24,1,4
BRDA:132,25,0,20
BRDA:132,25,1,18
BRDA:138,26,0,16
BRDA:138,26,1,4
BRDA:138,27,0,20
BRDA:138,27,1,18
BRF:56
BRH:47
end_of_record
TN:
SF:/Users/marcosgonzalez/Proyectos/Bi-Framework/Bi-Model/src/parser/generateMongooseModel.js
FN:5,processEntity
FN:32,addVirtualFieldsToSchema
FN:36,getVirtual
FN:47,generateMongooseModel
FNF:4
FNH:4
FNDA:21,processEntity
FNDA:9,addVirtualFieldsToSchema
FNDA:1,getVirtual
FNDA:1,generateMongooseModel
DA:6,21
DA:7,1
DA:9,20
DA:10,1
DA:12,19
DA:13,19
DA:14,19
DA:15,19
DA:16,122
DA:17,122
DA:18,122
DA:19,122
DA:20,3
DA:22,119
DA:26,19
DA:33,9
DA:34,9
DA:35,1
DA:36,1
DA:37,1
DA:38,1
DA:39,1
DA:41,0
DA:44,9
DA:48,1
DA:49,1
DA:50,1
DA:51,1
DA:52,10
DA:53,10
DA:54,9
DA:55,9
DA:56,9
DA:57,9
DA:63,1
LF:35
LH:34
BRDA:6,0,0,1
BRDA:6,0,1,20
BRDA:9,1,0,1
BRDA:9,1,1,19
BRDA:19,2,0,3
BRDA:19,2,1,119
BRDA:38,3,0,1
BRDA:38,3,1,0
BRDA:53,4,0,9
BRDA:53,4,1,1
BRF:10
BRH:9
end_of_record
TN:
SF:/Users/marcosgonzalez/Proyectos/Bi-Framework/Bi-Model/src/parser/getInnerFields.js
FN:4,getInnerFields
FNF:1
FNH:1
FNDA:7,getInnerFields
DA:5,7
DA:6,1
DA:8,6
DA:9,2
DA:11,4
DA:12,4
DA:13,4
DA:14,12
DA:15,12
DA:16,12
DA:24,4
LF:11
LH:11
BRDA:5,0,0,1
BRDA:5,0,1,6
BRDA:8,1,0,2
BRDA:8,1,1,4
BRDA:8,2,0,6
BRDA:8,2,1,4
BRF:6
BRH:6
end_of_record
TN:
SF:/Users/marcosgonzalez/Proyectos/Bi-Framework/Bi-Model/src/parser/getMongooseField.js
FN:14,getEntityByName
FN:19,(anonymous_1)
FN:24,addDenormalizedReferences
FN:31,(anonymous_3)
FN:52,getMongooseField
FN:73,(anonymous_5)
FNF:6
FNH:6
FNDA:41,getEntityByName
FNDA:55,(anonymous_1)
FNDA:31,addDenormalizedReferences
FNDA:27,(anonymous_3)
FNDA:140,getMongooseField
FNDA:15,(anonymous_5)
DA:5,1
DA:13,1
DA:15,41
DA:16,31
DA:18,10
DA:19,55
DA:21,10
DA:25,31
DA:26,31
DA:27,31
DA:28,23
DA:31,23
DA:32,27
DA:33,27
DA:34,1
DA:38,26
DA:39,26
DA:40,4
DA:42,22
DA:45,22
DA:47,8
DA:49,30
DA:53,140
DA:54,140
DA:55,5
DA:56,5
DA:58,1
DA:61,135
DA:62,27
DA:64,108
DA:66,135
DA:67,135
DA:68,564
DA:69,564
DA:70,564
DA:71,564
DA:72,107
DA:73,15
DA:75,102
DA:81,139
DA:82,4
DA:83,4
DA:86,139
LF:43
LH:43
BRDA:15,0,0,31
BRDA:15,0,1,10
BRDA:27,1,0,23
BRDA:27,1,1,8
BRDA:27,2,0,31
BRDA:27,2,1,23
BRDA:33,3,0,1
BRDA:33,3,1,26
BRDA:39,4,0,4
BRDA:39,4,1,22
BRDA:54,5,0,5
BRDA:54,5,1,135
BRDA:61,6,0,27
BRDA:61,6,1,108
BRDA:61,7,0,135
BRDA:61,7,1,41
BRDA:71,8,0,107
BRDA:71,8,1,457
BRDA:72,9,0,5
BRDA:72,9,1,102
BRDA:81,10,0,4
BRDA:81,10,1,135
BRDA:81,11,0,139
BRDA:81,11,1,19
BRF:24
BRH:24
end_of_record
TN:
SF:/Users/marcosgonzalez/Proyectos/Bi-Framework/Bi-Model/src/parser/optimizeDataModel.js
FN:3,getEntityFromModel
FN:4,(anonymous_1)
FN:7,addEntityAndReferences
FN:9,(anonymous_3)
FN:11,(anonymous_4)
FN:12,(anonymous_5)
FN:12,(anonymous_6)
FN:23,processEntity
FN:34,(anonymous_8)
FN:35,(anonymous_9)
FN:36,(anonymous_10)
FN:48,getRelatedEntities
FN:53,(anonymous_12)
FN:59,calculateComposedModel
FN:68,(anonymous_14)
FN:70,(anonymous_15)
FN:74,(anonymous_16)
FN:82,addComposedEntities
FN:84,(anonymous_18)
FN:94,(anonymous_19)
FNF:20
FNH:20
FNDA:127,getEntityFromModel
FNDA:331,(anonymous_1)
FNDA:14,addEntityAndReferences
FNDA:119,(anonymous_3)
FNDA:677,(anonymous_4)
FNDA:677,(anonymous_5)
FNDA:12,(anonymous_6)
FNDA:65,processEntity
FNDA:371,(anonymous_8)
FNDA:371,(anonymous_9)
FNDA:103,(anonymous_10)
FNDA:18,getRelatedEntities
FNDA:12,(anonymous_12)
FNDA:6,calculateComposedModel
FNDA:120,(anonymous_14)
FNDA:120,(anonymous_15)
FNDA:18,(anonymous_16)
FNDA:8,addComposedEntities
FNDA:59,(anonymous_18)
FNDA:8,(anonymous_19)
DA:4,331
DA:8,14
DA:9,14
DA:10,119
DA:11,677
DA:12,677
DA:13,12
DA:14,6
DA:15,6
DA:20,14
DA:24,65
DA:25,12
DA:26,12
DA:27,6
DA:28,6
DA:29,6
DA:32,65
DA:33,65
DA:34,371
DA:35,371
DA:37,103
DA:38,103
DA:39,20
DA:40,20
DA:41,20
DA:45,65
DA:49,18
DA:50,12
DA:52,6
DA:53,6
DA:54,12
DA:56,6
DA:60,6
DA:61,6
DA:62,6
DA:63,12
DA:65,6
DA:66,6
DA:67,6
DA:69,120
DA:71,120
DA:75,18
DA:77,6
DA:79,0
DA:83,8
DA:84,8
DA:85,59
DA:86,6
DA:88,53
DA:91,8
DA:95,8
DA:96,8
DA:97,8
DA:98,8
DA:99,8
DA:100,39
DA:102,8
LF:57
LH:56
BRDA:10,0,0,119
BRDA:10,0,1,0
BRDA:13,1,0,6
BRDA:13,1,1,6
BRDA:20,2,0,6
BRDA:20,2,1,8
BRDA:24,3,0,12
BRDA:24,3,1,53
BRDA:26,4,0,6
BRDA:26,4,1,6
BRDA:32,5,0,65
BRDA:32,5,1,0
BRDA:38,6,0,20
BRDA:38,6,1,83
BRDA:49,7,0,12
BRDA:49,7,1,6
BRDA:61,8,0,6
BRDA:61,8,1,0
BRDA:71,9,0,120
BRDA:71,9,1,66
BRDA:85,10,0,6
BRDA:85,10,1,53
BRDA:85,11,0,59
BRDA:85,11,1,6
BRF:24
BRH:21
end_of_record
TN:
SF:/Users/marcosgonzalez/Proyectos/Bi-Framework/Bi-Model/src/parser/properties.js
FN:4,stringifyNativeType
FN:16,check
FN:24,(anonymous_2)
FN:29,getValue
FNF:4
FNH:4
FNDA:760,stringifyNativeType
FNDA:357,check
FNDA:1,(anonymous_2)
FNDA:390,getValue
DA:5,760
DA:6,2
DA:7,758
DA:8,740
DA:9,18
DA:10,17
DA:12,1
DA:13,1
DA:17,357
DA:18,357
DA:19,357
DA:20,59
DA:21,298
DA:22,1
DA:23,297
DA:24,1
DA:26,296
DA:30,390
DA:31,390
DA:32,390
DA:33,296
DA:34,94
DA:35,0
DA:36,0
DA:37,94
DA:38,82
DA:39,12
DA:40,12
DA:42,0
LF:29
LH:26
BRDA:5,0,0,2
BRDA:5,0,1,758
BRDA:5,1,0,760
BRDA:5,1,1,759
BRDA:7,2,0,740
BRDA:7,2,1,18
BRDA:9,3,0,17
BRDA:9,3,1,1
BRDA:9,4,0,18
BRDA:9,4,1,17
BRDA:19,5,0,59
BRDA:19,5,1,298
BRDA:19,6,0,357
BRDA:19,6,1,357
BRDA:21,7,0,1
BRDA:21,7,1,297
BRDA:23,8,0,1
BRDA:23,8,1,296
BRDA:23,9,0,297
BRDA:23,9,1,2
BRDA:32,10,0,296
BRDA:32,10,1,94
BRDA:34,11,0,0
BRDA:34,11,1,94
BRDA:37,12,0,82
BRDA:37,12,1,12
BRDA:39,13,0,12
BRDA:39,13,1,0
BRDA:39,14,0,12
BRDA:39,14,1,12
BRDA:40,15,0,12
BRDA:40,15,1,12
BRF:32
BRH:30
end_of_record
TN:
SF:/Users/marcosgonzalez/Proyectos/Bi-Framework/Bi-Model/src/parser/validateModel.js
FN:3,validateModel
FNF:1
FNH:1
FNDA:3,validateModel
DA:4,3
DA:5,3
DA:6,26
DA:7,26
DA:8,26
DA:10,3
LF:6
LH:6
BRF:0
BRH:0
end_of_record
TN:
SF:/Users/marcosgonzalez/Proyectos/Bi-Framework/Bi-Model/src/tools/isEquivalent.js
FN:3,isEquivalent
FNF:1
FNH:1
FNDA:132,isEquivalent
DA:4,132
DA:5,132
DA:7,132
DA:8,0
DA:11,132
DA:12,342
DA:13,342
DA:14,114
DA:19,48
DA:24,84
LF:10
LH:9
BRDA:7,0,0,0
BRDA:7,0,1,132
BRDA:13,1,0,114
BRDA:13,1,1,228
BRDA:14,2,0,48
BRDA:14,2,1,66
BRDA:15,3,0,114
BRDA:15,3,1,66
BRDA:15,4,0,114
BRDA:15,4,1,66
BRF:10
BRH:9
end_of_record
TN:
SF:/Users/marcosgonzalez/Proyectos/Bi-Framework/Bi-Model/src/tools/objectUtils.js
FNF:0
FNH:0
DA:1,6
DA:2,6
DA:3,6
LF:3
LH:3
BRF:0
BRH:0
end_of_record
